CRITICAL - 2023-02-20 13:54:57 --> syntax error, unexpected '}'
in APPPATH\Controllers\SuratMasuk.php on line 40.
 1 SYSTEMPATH\Autoloader\Autoloader.php(261): CodeIgniter\Autoloader\Autoloader->includeFile('APPPATH\\Controllers\\SuratMasuk.php')
 2 SYSTEMPATH\Autoloader\Autoloader.php(239): CodeIgniter\Autoloader\Autoloader->loadInNamespace('App\\Controllers\\SuratMasuk')
 3 [internal function]: CodeIgniter\Autoloader\Autoloader->loadClass('App\\Controllers\\SuratMasuk')
 4 [internal function]: spl_autoload_call('App\\Controllers\\SuratMasuk')
 5 SYSTEMPATH\CodeIgniter.php(848): class_exists('\\App\\Controllers\\SuratMasuk', true)
 6 SYSTEMPATH\CodeIgniter.php(455): CodeIgniter\CodeIgniter->startController()
 7 SYSTEMPATH\CodeIgniter.php(351): CodeIgniter\CodeIgniter->handleRequest(null, Object(Config\Cache), false)
 8 FCPATH\index.php(55): CodeIgniter\CodeIgniter->run()
CRITICAL - 2023-02-20 13:55:02 --> syntax error, unexpected '}'
in APPPATH\Controllers\SuratMasuk.php on line 40.
 1 SYSTEMPATH\Autoloader\Autoloader.php(261): CodeIgniter\Autoloader\Autoloader->includeFile('APPPATH\\Controllers\\SuratMasuk.php')
 2 SYSTEMPATH\Autoloader\Autoloader.php(239): CodeIgniter\Autoloader\Autoloader->loadInNamespace('App\\Controllers\\SuratMasuk')
 3 [internal function]: CodeIgniter\Autoloader\Autoloader->loadClass('App\\Controllers\\SuratMasuk')
 4 [internal function]: spl_autoload_call('App\\Controllers\\SuratMasuk')
 5 SYSTEMPATH\CodeIgniter.php(848): class_exists('\\App\\Controllers\\SuratMasuk', true)
 6 SYSTEMPATH\CodeIgniter.php(455): CodeIgniter\CodeIgniter->startController()
 7 SYSTEMPATH\CodeIgniter.php(351): CodeIgniter\CodeIgniter->handleRequest(null, Object(Config\Cache), false)
 8 FCPATH\index.php(55): CodeIgniter\CodeIgniter->run()
CRITICAL - 2023-02-20 13:55:35 --> syntax error, unexpected '}'
in APPPATH\Controllers\SuratMasuk.php on line 40.
 1 SYSTEMPATH\Autoloader\Autoloader.php(261): CodeIgniter\Autoloader\Autoloader->includeFile('APPPATH\\Controllers\\SuratMasuk.php')
 2 SYSTEMPATH\Autoloader\Autoloader.php(239): CodeIgniter\Autoloader\Autoloader->loadInNamespace('App\\Controllers\\SuratMasuk')
 3 [internal function]: CodeIgniter\Autoloader\Autoloader->loadClass('App\\Controllers\\SuratMasuk')
 4 [internal function]: spl_autoload_call('App\\Controllers\\SuratMasuk')
 5 SYSTEMPATH\CodeIgniter.php(848): class_exists('\\App\\Controllers\\SuratMasuk', true)
 6 SYSTEMPATH\CodeIgniter.php(455): CodeIgniter\CodeIgniter->startController()
 7 SYSTEMPATH\CodeIgniter.php(351): CodeIgniter\CodeIgniter->handleRequest(null, Object(Config\Cache), false)
 8 FCPATH\index.php(55): CodeIgniter\CodeIgniter->run()
CRITICAL - 2023-02-20 13:56:29 --> syntax error, unexpected '}'
in APPPATH\Controllers\SuratMasuk.php on line 40.
 1 SYSTEMPATH\Autoloader\Autoloader.php(261): CodeIgniter\Autoloader\Autoloader->includeFile('APPPATH\\Controllers\\SuratMasuk.php')
 2 SYSTEMPATH\Autoloader\Autoloader.php(239): CodeIgniter\Autoloader\Autoloader->loadInNamespace('App\\Controllers\\SuratMasuk')
 3 [internal function]: CodeIgniter\Autoloader\Autoloader->loadClass('App\\Controllers\\SuratMasuk')
 4 [internal function]: spl_autoload_call('App\\Controllers\\SuratMasuk')
 5 SYSTEMPATH\CodeIgniter.php(848): class_exists('\\App\\Controllers\\SuratMasuk', true)
 6 SYSTEMPATH\CodeIgniter.php(455): CodeIgniter\CodeIgniter->startController()
 7 SYSTEMPATH\CodeIgniter.php(351): CodeIgniter\CodeIgniter->handleRequest(null, Object(Config\Cache), false)
 8 FCPATH\index.php(55): CodeIgniter\CodeIgniter->run()
CRITICAL - 2023-02-20 13:57:24 --> syntax error, unexpected '}'
in APPPATH\Controllers\SuratMasuk.php on line 40.
 1 SYSTEMPATH\Autoloader\Autoloader.php(261): CodeIgniter\Autoloader\Autoloader->includeFile('APPPATH\\Controllers\\SuratMasuk.php')
 2 SYSTEMPATH\Autoloader\Autoloader.php(239): CodeIgniter\Autoloader\Autoloader->loadInNamespace('App\\Controllers\\SuratMasuk')
 3 [internal function]: CodeIgniter\Autoloader\Autoloader->loadClass('App\\Controllers\\SuratMasuk')
 4 [internal function]: spl_autoload_call('App\\Controllers\\SuratMasuk')
 5 SYSTEMPATH\CodeIgniter.php(848): class_exists('\\App\\Controllers\\SuratMasuk', true)
 6 SYSTEMPATH\CodeIgniter.php(455): CodeIgniter\CodeIgniter->startController()
 7 SYSTEMPATH\CodeIgniter.php(351): CodeIgniter\CodeIgniter->handleRequest(null, Object(Config\Cache), false)
 8 FCPATH\index.php(55): CodeIgniter\CodeIgniter->run()
CRITICAL - 2023-02-20 13:57:24 --> syntax error, unexpected '}'
in APPPATH\Controllers\SuratMasuk.php on line 40.
 1 SYSTEMPATH\Autoloader\Autoloader.php(261): CodeIgniter\Autoloader\Autoloader->includeFile('APPPATH\\Controllers\\SuratMasuk.php')
 2 SYSTEMPATH\Autoloader\Autoloader.php(239): CodeIgniter\Autoloader\Autoloader->loadInNamespace('App\\Controllers\\SuratMasuk')
 3 [internal function]: CodeIgniter\Autoloader\Autoloader->loadClass('App\\Controllers\\SuratMasuk')
 4 [internal function]: spl_autoload_call('App\\Controllers\\SuratMasuk')
 5 SYSTEMPATH\CodeIgniter.php(848): class_exists('\\App\\Controllers\\SuratMasuk', true)
 6 SYSTEMPATH\CodeIgniter.php(455): CodeIgniter\CodeIgniter->startController()
 7 SYSTEMPATH\CodeIgniter.php(351): CodeIgniter\CodeIgniter->handleRequest(null, Object(Config\Cache), false)
 8 FCPATH\index.php(55): CodeIgniter\CodeIgniter->run()
CRITICAL - 2023-02-20 13:57:47 --> syntax error, unexpected '}'
in APPPATH\Controllers\SuratMasuk.php on line 40.
 1 SYSTEMPATH\Autoloader\Autoloader.php(261): CodeIgniter\Autoloader\Autoloader->includeFile('APPPATH\\Controllers\\SuratMasuk.php')
 2 SYSTEMPATH\Autoloader\Autoloader.php(239): CodeIgniter\Autoloader\Autoloader->loadInNamespace('App\\Controllers\\SuratMasuk')
 3 [internal function]: CodeIgniter\Autoloader\Autoloader->loadClass('App\\Controllers\\SuratMasuk')
 4 [internal function]: spl_autoload_call('App\\Controllers\\SuratMasuk')
 5 SYSTEMPATH\CodeIgniter.php(848): class_exists('\\App\\Controllers\\SuratMasuk', true)
 6 SYSTEMPATH\CodeIgniter.php(455): CodeIgniter\CodeIgniter->startController()
 7 SYSTEMPATH\CodeIgniter.php(351): CodeIgniter\CodeIgniter->handleRequest(null, Object(Config\Cache), false)
 8 FCPATH\index.php(55): CodeIgniter\CodeIgniter->run()
CRITICAL - 2023-02-20 13:58:32 --> syntax error, unexpected '}'
in APPPATH\Controllers\SuratMasuk.php on line 40.
 1 SYSTEMPATH\Autoloader\Autoloader.php(261): CodeIgniter\Autoloader\Autoloader->includeFile('APPPATH\\Controllers\\SuratMasuk.php')
 2 SYSTEMPATH\Autoloader\Autoloader.php(239): CodeIgniter\Autoloader\Autoloader->loadInNamespace('App\\Controllers\\SuratMasuk')
 3 [internal function]: CodeIgniter\Autoloader\Autoloader->loadClass('App\\Controllers\\SuratMasuk')
 4 [internal function]: spl_autoload_call('App\\Controllers\\SuratMasuk')
 5 SYSTEMPATH\CodeIgniter.php(848): class_exists('\\App\\Controllers\\SuratMasuk', true)
 6 SYSTEMPATH\CodeIgniter.php(455): CodeIgniter\CodeIgniter->startController()
 7 SYSTEMPATH\CodeIgniter.php(351): CodeIgniter\CodeIgniter->handleRequest(null, Object(Config\Cache), false)
 8 FCPATH\index.php(55): CodeIgniter\CodeIgniter->run()
CRITICAL - 2023-02-20 13:58:44 --> syntax error, unexpected '}'
in APPPATH\Controllers\SuratMasuk.php on line 40.
 1 SYSTEMPATH\Autoloader\Autoloader.php(261): CodeIgniter\Autoloader\Autoloader->includeFile('APPPATH\\Controllers\\SuratMasuk.php')
 2 SYSTEMPATH\Autoloader\Autoloader.php(239): CodeIgniter\Autoloader\Autoloader->loadInNamespace('App\\Controllers\\SuratMasuk')
 3 [internal function]: CodeIgniter\Autoloader\Autoloader->loadClass('App\\Controllers\\SuratMasuk')
 4 [internal function]: spl_autoload_call('App\\Controllers\\SuratMasuk')
 5 SYSTEMPATH\CodeIgniter.php(848): class_exists('\\App\\Controllers\\SuratMasuk', true)
 6 SYSTEMPATH\CodeIgniter.php(455): CodeIgniter\CodeIgniter->startController()
 7 SYSTEMPATH\CodeIgniter.php(351): CodeIgniter\CodeIgniter->handleRequest(null, Object(Config\Cache), false)
 8 FCPATH\index.php(55): CodeIgniter\CodeIgniter->run()
CRITICAL - 2023-02-20 14:48:53 --> Invalid file: index.php
in SYSTEMPATH\Exceptions\FrameworkException.php on line 33.
 1 SYSTEMPATH\View\View.php(201): CodeIgniter\Exceptions\FrameworkException::forInvalidFile('FCPATH\\index.php')
 2 SYSTEMPATH\Common.php(1135): CodeIgniter\View\View->render('index', [], true)
 3 APPPATH\Controllers\Statistik.php(12): view('index')
 4 SYSTEMPATH\CodeIgniter.php(898): App\Controllers\Statistik->index()
 5 SYSTEMPATH\CodeIgniter.php(468): CodeIgniter\CodeIgniter->runController(Object(App\Controllers\Statistik))
 6 SYSTEMPATH\CodeIgniter.php(351): CodeIgniter\CodeIgniter->handleRequest(null, Object(Config\Cache), false)
 7 FCPATH\index.php(55): CodeIgniter\CodeIgniter->run()
CRITICAL - 2023-02-20 15:16:41 --> mysqli_query() expects parameter 1 to be mysqli, null given
in APPPATH\Views\stat\tampilstat.php on line 91.
 1 [internal function]: CodeIgniter\Debug\Exceptions->errorHandler(2, 'mysqli_query() expects parameter 1 to be mysqli, null given', 'APPPATH\\Views\\stat\\tampilstat.php', 91, [...])
 2 APPPATH\Views\stat\tampilstat.php(91): mysqli_query(null, 'select * from mahasiswa')
 3 SYSTEMPATH\View\View.php(213): include('APPPATH\\Views\\stat\\tampilstat.php')
 4 SYSTEMPATH\View\View.php(216): CodeIgniter\View\View->CodeIgniter\View\{closure}()
 5 SYSTEMPATH\Common.php(1135): CodeIgniter\View\View->render('stat/tampilstat', [], true)
 6 APPPATH\Controllers\Statistik.php(12): view('stat/tampilstat')
 7 SYSTEMPATH\CodeIgniter.php(898): App\Controllers\Statistik->index()
 8 SYSTEMPATH\CodeIgniter.php(468): CodeIgniter\CodeIgniter->runController(Object(App\Controllers\Statistik))
 9 SYSTEMPATH\CodeIgniter.php(351): CodeIgniter\CodeIgniter->handleRequest(null, Object(Config\Cache), false)
10 FCPATH\index.php(55): CodeIgniter\CodeIgniter->run()
CRITICAL - 2023-02-20 15:18:57 --> mysqli_connect(): (HY000/1049): Unknown database 'akademik'
in APPPATH\Views\stat\tampilstat.php on line 89.
 1 [internal function]: CodeIgniter\Debug\Exceptions->errorHandler(2, 'mysqli_connect(): (HY000/1049): Unknown database \'akademik\'', 'APPPATH\\Views\\stat\\tampilstat.php', 89, [])
 2 APPPATH\Views\stat\tampilstat.php(89): mysqli_connect('localhost', 'root', 'ROOTPATH\\public', 'akademik')
 3 SYSTEMPATH\View\View.php(213): include('APPPATH\\Views\\stat\\tampilstat.php')
 4 SYSTEMPATH\View\View.php(216): CodeIgniter\View\View->CodeIgniter\View\{closure}()
 5 SYSTEMPATH\Common.php(1135): CodeIgniter\View\View->render('stat/tampilstat', [], true)
 6 APPPATH\Controllers\Statistik.php(12): view('stat/tampilstat')
 7 SYSTEMPATH\CodeIgniter.php(898): App\Controllers\Statistik->index()
 8 SYSTEMPATH\CodeIgniter.php(468): CodeIgniter\CodeIgniter->runController(Object(App\Controllers\Statistik))
 9 SYSTEMPATH\CodeIgniter.php(351): CodeIgniter\CodeIgniter->handleRequest(null, Object(Config\Cache), false)
10 FCPATH\index.php(55): CodeIgniter\CodeIgniter->run()
CRITICAL - 2023-02-20 16:21:46 --> mysqli_connect(): (HY000/1049): Unknown database 'akademik'
in APPPATH\Views\stat\tampilstat.php on line 89.
 1 [internal function]: CodeIgniter\Debug\Exceptions->errorHandler(2, 'mysqli_connect(): (HY000/1049): Unknown database \'akademik\'', 'APPPATH\\Views\\stat\\tampilstat.php', 89, [])
 2 APPPATH\Views\stat\tampilstat.php(89): mysqli_connect('localhost', 'root', 'ROOTPATH\\public', 'akademik')
 3 SYSTEMPATH\View\View.php(213): include('APPPATH\\Views\\stat\\tampilstat.php')
 4 SYSTEMPATH\View\View.php(216): CodeIgniter\View\View->CodeIgniter\View\{closure}()
 5 SYSTEMPATH\Common.php(1135): CodeIgniter\View\View->render('stat/tampilstat', [], true)
 6 APPPATH\Controllers\Statistik.php(12): view('stat/tampilstat')
 7 SYSTEMPATH\CodeIgniter.php(898): App\Controllers\Statistik->index()
 8 SYSTEMPATH\CodeIgniter.php(468): CodeIgniter\CodeIgniter->runController(Object(App\Controllers\Statistik))
 9 SYSTEMPATH\CodeIgniter.php(351): CodeIgniter\CodeIgniter->handleRequest(null, Object(Config\Cache), false)
10 FCPATH\index.php(55): CodeIgniter\CodeIgniter->run()
CRITICAL - 2023-02-20 16:21:58 --> mysqli_connect(): (HY000/1049): Unknown database 'akademik'
in APPPATH\Views\stat\tampilstat.php on line 89.
 1 [internal function]: CodeIgniter\Debug\Exceptions->errorHandler(2, 'mysqli_connect(): (HY000/1049): Unknown database \'akademik\'', 'APPPATH\\Views\\stat\\tampilstat.php', 89, [])
 2 APPPATH\Views\stat\tampilstat.php(89): mysqli_connect('localhost', 'root', 'ROOTPATH\\public', 'akademik')
 3 SYSTEMPATH\View\View.php(213): include('APPPATH\\Views\\stat\\tampilstat.php')
 4 SYSTEMPATH\View\View.php(216): CodeIgniter\View\View->CodeIgniter\View\{closure}()
 5 SYSTEMPATH\Common.php(1135): CodeIgniter\View\View->render('stat/tampilstat', [], true)
 6 APPPATH\Controllers\Statistik.php(12): view('stat/tampilstat')
 7 SYSTEMPATH\CodeIgniter.php(898): App\Controllers\Statistik->index()
 8 SYSTEMPATH\CodeIgniter.php(468): CodeIgniter\CodeIgniter->runController(Object(App\Controllers\Statistik))
 9 SYSTEMPATH\CodeIgniter.php(351): CodeIgniter\CodeIgniter->handleRequest(null, Object(Config\Cache), false)
10 FCPATH\index.php(55): CodeIgniter\CodeIgniter->run()
CRITICAL - 2023-02-20 16:54:51 --> mysqli_connect(): (HY000/1049): Unknown database 'akademik'
in APPPATH\Views\stat\tampilstat.php on line 89.
 1 [internal function]: CodeIgniter\Debug\Exceptions->errorHandler(2, 'mysqli_connect(): (HY000/1049): Unknown database \'akademik\'', 'APPPATH\\Views\\stat\\tampilstat.php', 89, [])
 2 APPPATH\Views\stat\tampilstat.php(89): mysqli_connect('localhost', 'root', 'ROOTPATH\\public', 'akademik')
 3 SYSTEMPATH\View\View.php(213): include('APPPATH\\Views\\stat\\tampilstat.php')
 4 SYSTEMPATH\View\View.php(216): CodeIgniter\View\View->CodeIgniter\View\{closure}()
 5 SYSTEMPATH\Common.php(1135): CodeIgniter\View\View->render('stat/tampilstat', [], true)
 6 APPPATH\Controllers\Statistik.php(12): view('stat/tampilstat')
 7 SYSTEMPATH\CodeIgniter.php(898): App\Controllers\Statistik->index()
 8 SYSTEMPATH\CodeIgniter.php(468): CodeIgniter\CodeIgniter->runController(Object(App\Controllers\Statistik))
 9 SYSTEMPATH\CodeIgniter.php(351): CodeIgniter\CodeIgniter->handleRequest(null, Object(Config\Cache), false)
10 FCPATH\index.php(55): CodeIgniter\CodeIgniter->run()
CRITICAL - 2023-02-20 17:39:40 --> There is no data to update.
in SYSTEMPATH\BaseModel.php on line 1576.
 1 SYSTEMPATH\BaseModel.php(1576): CodeIgniter\Database\Exceptions\DataException::forEmptyDataset('update')
 2 SYSTEMPATH\BaseModel.php(832): CodeIgniter\BaseModel->transformDataToArray(null, 'update')
 3 SYSTEMPATH\Model.php(692): CodeIgniter\BaseModel->update([...], null)
 4 APPPATH\Models\ModelSuratMasuk.php(32): CodeIgniter\Model->update([...])
 5 APPPATH\Controllers\SuratMasuk.php(59): App\Models\ModelSuratMasuk->kembalikansurat([...])
 6 SYSTEMPATH\CodeIgniter.php(898): App\Controllers\SuratMasuk->kembalikansuratmasuk()
 7 SYSTEMPATH\CodeIgniter.php(468): CodeIgniter\CodeIgniter->runController(Object(App\Controllers\SuratMasuk))
 8 SYSTEMPATH\CodeIgniter.php(351): CodeIgniter\CodeIgniter->handleRequest(null, Object(Config\Cache), false)
 9 FCPATH\index.php(55): CodeIgniter\CodeIgniter->run()
CRITICAL - 2023-02-20 17:40:11 --> There is no data to update.
in SYSTEMPATH\BaseModel.php on line 1576.
 1 SYSTEMPATH\BaseModel.php(1576): CodeIgniter\Database\Exceptions\DataException::forEmptyDataset('update')
 2 SYSTEMPATH\BaseModel.php(832): CodeIgniter\BaseModel->transformDataToArray(null, 'update')
 3 SYSTEMPATH\Model.php(692): CodeIgniter\BaseModel->update([...], null)
 4 APPPATH\Models\ModelSuratMasuk.php(32): CodeIgniter\Model->update([...])
 5 APPPATH\Controllers\SuratMasuk.php(59): App\Models\ModelSuratMasuk->kembalikansurat([...])
 6 SYSTEMPATH\CodeIgniter.php(898): App\Controllers\SuratMasuk->kembalikansuratmasuk()
 7 SYSTEMPATH\CodeIgniter.php(468): CodeIgniter\CodeIgniter->runController(Object(App\Controllers\SuratMasuk))
 8 SYSTEMPATH\CodeIgniter.php(351): CodeIgniter\CodeIgniter->handleRequest(null, Object(Config\Cache), false)
 9 FCPATH\index.php(55): CodeIgniter\CodeIgniter->run()
CRITICAL - 2023-02-20 17:41:40 --> There is no data to update.
in SYSTEMPATH\BaseModel.php on line 1576.
 1 SYSTEMPATH\BaseModel.php(1576): CodeIgniter\Database\Exceptions\DataException::forEmptyDataset('update')
 2 SYSTEMPATH\BaseModel.php(832): CodeIgniter\BaseModel->transformDataToArray(null, 'update')
 3 SYSTEMPATH\Model.php(692): CodeIgniter\BaseModel->update([...], null)
 4 APPPATH\Models\ModelSuratMasuk.php(32): CodeIgniter\Model->update([...])
 5 APPPATH\Controllers\SuratMasuk.php(59): App\Models\ModelSuratMasuk->kembalikansurat([...])
 6 SYSTEMPATH\CodeIgniter.php(898): App\Controllers\SuratMasuk->kembalikansuratmasuk()
 7 SYSTEMPATH\CodeIgniter.php(468): CodeIgniter\CodeIgniter->runController(Object(App\Controllers\SuratMasuk))
 8 SYSTEMPATH\CodeIgniter.php(351): CodeIgniter\CodeIgniter->handleRequest(null, Object(Config\Cache), false)
 9 FCPATH\index.php(55): CodeIgniter\CodeIgniter->run()
CRITICAL - 2023-02-20 17:41:55 --> There is no data to update.
in SYSTEMPATH\BaseModel.php on line 1576.
 1 SYSTEMPATH\BaseModel.php(1576): CodeIgniter\Database\Exceptions\DataException::forEmptyDataset('update')
 2 SYSTEMPATH\BaseModel.php(832): CodeIgniter\BaseModel->transformDataToArray(null, 'update')
 3 SYSTEMPATH\Model.php(692): CodeIgniter\BaseModel->update([...], null)
 4 APPPATH\Models\ModelSuratMasuk.php(32): CodeIgniter\Model->update([...])
 5 APPPATH\Controllers\SuratMasuk.php(59): App\Models\ModelSuratMasuk->kembalikansurat([...])
 6 SYSTEMPATH\CodeIgniter.php(898): App\Controllers\SuratMasuk->kembalikansuratmasuk()
 7 SYSTEMPATH\CodeIgniter.php(468): CodeIgniter\CodeIgniter->runController(Object(App\Controllers\SuratMasuk))
 8 SYSTEMPATH\CodeIgniter.php(351): CodeIgniter\CodeIgniter->handleRequest(null, Object(Config\Cache), false)
 9 FCPATH\index.php(55): CodeIgniter\CodeIgniter->run()
CRITICAL - 2023-02-20 17:47:32 --> There is no data to update.
in SYSTEMPATH\BaseModel.php on line 1576.
 1 SYSTEMPATH\BaseModel.php(1576): CodeIgniter\Database\Exceptions\DataException::forEmptyDataset('update')
 2 SYSTEMPATH\BaseModel.php(832): CodeIgniter\BaseModel->transformDataToArray(null, 'update')
 3 SYSTEMPATH\Model.php(692): CodeIgniter\BaseModel->update([...], null)
 4 APPPATH\Models\ModelSuratMasuk.php(32): CodeIgniter\Model->update([...])
 5 APPPATH\Controllers\SuratMasuk.php(59): App\Models\ModelSuratMasuk->kembalikansurat([...])
 6 SYSTEMPATH\CodeIgniter.php(898): App\Controllers\SuratMasuk->kembalikansuratmasuk()
 7 SYSTEMPATH\CodeIgniter.php(468): CodeIgniter\CodeIgniter->runController(Object(App\Controllers\SuratMasuk))
 8 SYSTEMPATH\CodeIgniter.php(351): CodeIgniter\CodeIgniter->handleRequest(null, Object(Config\Cache), false)
 9 FCPATH\index.php(55): CodeIgniter\CodeIgniter->run()
CRITICAL - 2023-02-20 17:50:05 --> There is no data to update.
in SYSTEMPATH\BaseModel.php on line 1576.
 1 SYSTEMPATH\BaseModel.php(1576): CodeIgniter\Database\Exceptions\DataException::forEmptyDataset('update')
 2 SYSTEMPATH\BaseModel.php(832): CodeIgniter\BaseModel->transformDataToArray(null, 'update')
 3 SYSTEMPATH\Model.php(692): CodeIgniter\BaseModel->update([...], null)
 4 APPPATH\Models\ModelSuratMasuk.php(32): CodeIgniter\Model->update([...])
 5 APPPATH\Controllers\SuratMasuk.php(59): App\Models\ModelSuratMasuk->kembalikansurat([...])
 6 SYSTEMPATH\CodeIgniter.php(898): App\Controllers\SuratMasuk->kembalikansuratmasuk()
 7 SYSTEMPATH\CodeIgniter.php(468): CodeIgniter\CodeIgniter->runController(Object(App\Controllers\SuratMasuk))
 8 SYSTEMPATH\CodeIgniter.php(351): CodeIgniter\CodeIgniter->handleRequest(null, Object(Config\Cache), false)
 9 FCPATH\index.php(55): CodeIgniter\CodeIgniter->run()
CRITICAL - 2023-02-20 17:53:36 --> There is no data to update.
in SYSTEMPATH\BaseModel.php on line 1576.
 1 SYSTEMPATH\BaseModel.php(1576): CodeIgniter\Database\Exceptions\DataException::forEmptyDataset('update')
 2 SYSTEMPATH\BaseModel.php(832): CodeIgniter\BaseModel->transformDataToArray(null, 'update')
 3 SYSTEMPATH\Model.php(692): CodeIgniter\BaseModel->update([...], null)
 4 APPPATH\Models\ModelSuratMasuk.php(32): CodeIgniter\Model->update([...])
 5 APPPATH\Controllers\SuratMasuk.php(59): App\Models\ModelSuratMasuk->kembalikansurat([...])
 6 SYSTEMPATH\CodeIgniter.php(898): App\Controllers\SuratMasuk->kembalikansuratmasuk()
 7 SYSTEMPATH\CodeIgniter.php(468): CodeIgniter\CodeIgniter->runController(Object(App\Controllers\SuratMasuk))
 8 SYSTEMPATH\CodeIgniter.php(351): CodeIgniter\CodeIgniter->handleRequest(null, Object(Config\Cache), false)
 9 FCPATH\index.php(55): CodeIgniter\CodeIgniter->run()
