CRITICAL - 2023-02-28 08:49:23 --> mysqli_connect(): (HY000/1049): Unknown database 'akademik'
in APPPATH\Views\stat\tampilstat.php on line 89.
 1 [internal function]: CodeIgniter\Debug\Exceptions->errorHandler(2, 'mysqli_connect(): (HY000/1049): Unknown database \'akademik\'', 'APPPATH\\Views\\stat\\tampilstat.php', 89, [])
 2 APPPATH\Views\stat\tampilstat.php(89): mysqli_connect('localhost', 'root', 'ROOTPATH\\public', 'akademik')
 3 SYSTEMPATH\View\View.php(213): include('APPPATH\\Views\\stat\\tampilstat.php')
 4 SYSTEMPATH\View\View.php(216): CodeIgniter\View\View->CodeIgniter\View\{closure}()
 5 SYSTEMPATH\Common.php(1135): CodeIgniter\View\View->render('stat/tampilstat', [], true)
 6 APPPATH\Controllers\Statistik.php(12): view('stat/tampilstat')
 7 SYSTEMPATH\CodeIgniter.php(898): App\Controllers\Statistik->index()
 8 SYSTEMPATH\CodeIgniter.php(468): CodeIgniter\CodeIgniter->runController(Object(App\Controllers\Statistik))
 9 SYSTEMPATH\CodeIgniter.php(351): CodeIgniter\CodeIgniter->handleRequest(null, Object(Config\Cache), false)
10 FCPATH\index.php(55): CodeIgniter\CodeIgniter->run()
CRITICAL - 2023-02-28 09:01:43 --> syntax error, unexpected '}', expecting ';'
in APPPATH\Controllers\Expedisi.php on line 24.
 1 SYSTEMPATH\Autoloader\Autoloader.php(261): CodeIgniter\Autoloader\Autoloader->includeFile('APPPATH\\Controllers\\Expedisi.php')
 2 SYSTEMPATH\Autoloader\Autoloader.php(239): CodeIgniter\Autoloader\Autoloader->loadInNamespace('App\\Controllers\\Expedisi')
 3 [internal function]: CodeIgniter\Autoloader\Autoloader->loadClass('App\\Controllers\\Expedisi')
 4 [internal function]: spl_autoload_call('App\\Controllers\\Expedisi')
 5 SYSTEMPATH\CodeIgniter.php(848): class_exists('\\App\\Controllers\\Expedisi', true)
 6 SYSTEMPATH\CodeIgniter.php(455): CodeIgniter\CodeIgniter->startController()
 7 SYSTEMPATH\CodeIgniter.php(351): CodeIgniter\CodeIgniter->handleRequest(null, Object(Config\Cache), false)
 8 FCPATH\index.php(55): CodeIgniter\CodeIgniter->run()
CRITICAL - 2023-02-28 09:01:47 --> syntax error, unexpected '}', expecting ';'
in APPPATH\Controllers\Expedisi.php on line 24.
 1 SYSTEMPATH\Autoloader\Autoloader.php(261): CodeIgniter\Autoloader\Autoloader->includeFile('APPPATH\\Controllers\\Expedisi.php')
 2 SYSTEMPATH\Autoloader\Autoloader.php(239): CodeIgniter\Autoloader\Autoloader->loadInNamespace('App\\Controllers\\Expedisi')
 3 [internal function]: CodeIgniter\Autoloader\Autoloader->loadClass('App\\Controllers\\Expedisi')
 4 [internal function]: spl_autoload_call('App\\Controllers\\Expedisi')
 5 SYSTEMPATH\CodeIgniter.php(848): class_exists('\\App\\Controllers\\Expedisi', true)
 6 SYSTEMPATH\CodeIgniter.php(455): CodeIgniter\CodeIgniter->startController()
 7 SYSTEMPATH\CodeIgniter.php(351): CodeIgniter\CodeIgniter->handleRequest(null, Object(Config\Cache), false)
 8 FCPATH\index.php(55): CodeIgniter\CodeIgniter->run()
CRITICAL - 2023-02-28 09:01:53 --> syntax error, unexpected '}', expecting ';'
in APPPATH\Controllers\Expedisi.php on line 24.
 1 SYSTEMPATH\Autoloader\Autoloader.php(261): CodeIgniter\Autoloader\Autoloader->includeFile('APPPATH\\Controllers\\Expedisi.php')
 2 SYSTEMPATH\Autoloader\Autoloader.php(239): CodeIgniter\Autoloader\Autoloader->loadInNamespace('App\\Controllers\\Expedisi')
 3 [internal function]: CodeIgniter\Autoloader\Autoloader->loadClass('App\\Controllers\\Expedisi')
 4 [internal function]: spl_autoload_call('App\\Controllers\\Expedisi')
 5 SYSTEMPATH\CodeIgniter.php(848): class_exists('\\App\\Controllers\\Expedisi', true)
 6 SYSTEMPATH\CodeIgniter.php(455): CodeIgniter\CodeIgniter->startController()
 7 SYSTEMPATH\CodeIgniter.php(351): CodeIgniter\CodeIgniter->handleRequest(null, Object(Config\Cache), false)
 8 FCPATH\index.php(55): CodeIgniter\CodeIgniter->run()
CRITICAL - 2023-02-28 09:03:10 --> syntax error, unexpected '}', expecting ';'
in APPPATH\Controllers\Expedisi.php on line 24.
 1 SYSTEMPATH\Autoloader\Autoloader.php(261): CodeIgniter\Autoloader\Autoloader->includeFile('APPPATH\\Controllers\\Expedisi.php')
 2 SYSTEMPATH\Autoloader\Autoloader.php(239): CodeIgniter\Autoloader\Autoloader->loadInNamespace('App\\Controllers\\Expedisi')
 3 [internal function]: CodeIgniter\Autoloader\Autoloader->loadClass('App\\Controllers\\Expedisi')
 4 [internal function]: spl_autoload_call('App\\Controllers\\Expedisi')
 5 SYSTEMPATH\CodeIgniter.php(848): class_exists('\\App\\Controllers\\Expedisi', true)
 6 SYSTEMPATH\CodeIgniter.php(455): CodeIgniter\CodeIgniter->startController()
 7 SYSTEMPATH\CodeIgniter.php(351): CodeIgniter\CodeIgniter->handleRequest(null, Object(Config\Cache), false)
 8 FCPATH\index.php(55): CodeIgniter\CodeIgniter->run()
CRITICAL - 2023-02-28 09:03:21 --> syntax error, unexpected '}', expecting ';'
in APPPATH\Controllers\Expedisi.php on line 24.
 1 SYSTEMPATH\Autoloader\Autoloader.php(261): CodeIgniter\Autoloader\Autoloader->includeFile('APPPATH\\Controllers\\Expedisi.php')
 2 SYSTEMPATH\Autoloader\Autoloader.php(239): CodeIgniter\Autoloader\Autoloader->loadInNamespace('App\\Controllers\\Expedisi')
 3 [internal function]: CodeIgniter\Autoloader\Autoloader->loadClass('App\\Controllers\\Expedisi')
 4 [internal function]: spl_autoload_call('App\\Controllers\\Expedisi')
 5 SYSTEMPATH\CodeIgniter.php(848): class_exists('\\App\\Controllers\\Expedisi', true)
 6 SYSTEMPATH\CodeIgniter.php(455): CodeIgniter\CodeIgniter->startController()
 7 SYSTEMPATH\CodeIgniter.php(351): CodeIgniter\CodeIgniter->handleRequest(null, Object(Config\Cache), false)
 8 FCPATH\index.php(55): CodeIgniter\CodeIgniter->run()
CRITICAL - 2023-02-28 09:03:43 --> syntax error, unexpected '}', expecting ';'
in APPPATH\Controllers\Expedisi.php on line 24.
 1 SYSTEMPATH\Autoloader\Autoloader.php(261): CodeIgniter\Autoloader\Autoloader->includeFile('APPPATH\\Controllers\\Expedisi.php')
 2 SYSTEMPATH\Autoloader\Autoloader.php(239): CodeIgniter\Autoloader\Autoloader->loadInNamespace('App\\Controllers\\Expedisi')
 3 [internal function]: CodeIgniter\Autoloader\Autoloader->loadClass('App\\Controllers\\Expedisi')
 4 [internal function]: spl_autoload_call('App\\Controllers\\Expedisi')
 5 SYSTEMPATH\CodeIgniter.php(848): class_exists('\\App\\Controllers\\Expedisi', true)
 6 SYSTEMPATH\CodeIgniter.php(455): CodeIgniter\CodeIgniter->startController()
 7 SYSTEMPATH\CodeIgniter.php(351): CodeIgniter\CodeIgniter->handleRequest(null, Object(Config\Cache), false)
 8 FCPATH\index.php(55): CodeIgniter\CodeIgniter->run()
CRITICAL - 2023-02-28 09:04:13 --> syntax error, unexpected '}', expecting ';'
in APPPATH\Controllers\Expedisi.php on line 24.
 1 SYSTEMPATH\Autoloader\Autoloader.php(261): CodeIgniter\Autoloader\Autoloader->includeFile('APPPATH\\Controllers\\Expedisi.php')
 2 SYSTEMPATH\Autoloader\Autoloader.php(239): CodeIgniter\Autoloader\Autoloader->loadInNamespace('App\\Controllers\\Expedisi')
 3 [internal function]: CodeIgniter\Autoloader\Autoloader->loadClass('App\\Controllers\\Expedisi')
 4 [internal function]: spl_autoload_call('App\\Controllers\\Expedisi')
 5 SYSTEMPATH\CodeIgniter.php(848): class_exists('\\App\\Controllers\\Expedisi', true)
 6 SYSTEMPATH\CodeIgniter.php(455): CodeIgniter\CodeIgniter->startController()
 7 SYSTEMPATH\CodeIgniter.php(351): CodeIgniter\CodeIgniter->handleRequest(null, Object(Config\Cache), false)
 8 FCPATH\index.php(55): CodeIgniter\CodeIgniter->run()
CRITICAL - 2023-02-28 09:04:14 --> syntax error, unexpected '}', expecting ';'
in APPPATH\Controllers\Expedisi.php on line 24.
 1 SYSTEMPATH\Autoloader\Autoloader.php(261): CodeIgniter\Autoloader\Autoloader->includeFile('APPPATH\\Controllers\\Expedisi.php')
 2 SYSTEMPATH\Autoloader\Autoloader.php(239): CodeIgniter\Autoloader\Autoloader->loadInNamespace('App\\Controllers\\Expedisi')
 3 [internal function]: CodeIgniter\Autoloader\Autoloader->loadClass('App\\Controllers\\Expedisi')
 4 [internal function]: spl_autoload_call('App\\Controllers\\Expedisi')
 5 SYSTEMPATH\CodeIgniter.php(848): class_exists('\\App\\Controllers\\Expedisi', true)
 6 SYSTEMPATH\CodeIgniter.php(455): CodeIgniter\CodeIgniter->startController()
 7 SYSTEMPATH\CodeIgniter.php(351): CodeIgniter\CodeIgniter->handleRequest(null, Object(Config\Cache), false)
 8 FCPATH\index.php(55): CodeIgniter\CodeIgniter->run()
CRITICAL - 2023-02-28 09:04:14 --> syntax error, unexpected '}', expecting ';'
in APPPATH\Controllers\Expedisi.php on line 24.
 1 SYSTEMPATH\Autoloader\Autoloader.php(261): CodeIgniter\Autoloader\Autoloader->includeFile('APPPATH\\Controllers\\Expedisi.php')
 2 SYSTEMPATH\Autoloader\Autoloader.php(239): CodeIgniter\Autoloader\Autoloader->loadInNamespace('App\\Controllers\\Expedisi')
 3 [internal function]: CodeIgniter\Autoloader\Autoloader->loadClass('App\\Controllers\\Expedisi')
 4 [internal function]: spl_autoload_call('App\\Controllers\\Expedisi')
 5 SYSTEMPATH\CodeIgniter.php(848): class_exists('\\App\\Controllers\\Expedisi', true)
 6 SYSTEMPATH\CodeIgniter.php(455): CodeIgniter\CodeIgniter->startController()
 7 SYSTEMPATH\CodeIgniter.php(351): CodeIgniter\CodeIgniter->handleRequest(null, Object(Config\Cache), false)
 8 FCPATH\index.php(55): CodeIgniter\CodeIgniter->run()
CRITICAL - 2023-02-28 09:05:11 --> syntax error, unexpected '}', expecting ';'
in APPPATH\Controllers\Expedisi.php on line 25.
 1 SYSTEMPATH\Autoloader\Autoloader.php(261): CodeIgniter\Autoloader\Autoloader->includeFile('APPPATH\\Controllers\\Expedisi.php')
 2 SYSTEMPATH\Autoloader\Autoloader.php(239): CodeIgniter\Autoloader\Autoloader->loadInNamespace('App\\Controllers\\Expedisi')
 3 [internal function]: CodeIgniter\Autoloader\Autoloader->loadClass('App\\Controllers\\Expedisi')
 4 [internal function]: spl_autoload_call('App\\Controllers\\Expedisi')
 5 SYSTEMPATH\CodeIgniter.php(848): class_exists('\\App\\Controllers\\Expedisi', true)
 6 SYSTEMPATH\CodeIgniter.php(455): CodeIgniter\CodeIgniter->startController()
 7 SYSTEMPATH\CodeIgniter.php(351): CodeIgniter\CodeIgniter->handleRequest(null, Object(Config\Cache), false)
 8 FCPATH\index.php(55): CodeIgniter\CodeIgniter->run()
ERROR - 2023-02-28 09:21:14 --> Duplicate entry '0' for key 'PRIMARY'
CRITICAL - 2023-02-28 09:21:14 --> Duplicate entry '0' for key 'PRIMARY'
in SYSTEMPATH\Database\MySQLi\Connection.php on line 292.
 1 SYSTEMPATH\Database\MySQLi\Connection.php(292): mysqli->query('INSERT INTO `tb_expedisi` (`nama_expedisi`) VALUES (\'zzzzzzzzz\')', 0)
 2 SYSTEMPATH\Database\BaseConnection.php(678): CodeIgniter\Database\MySQLi\Connection->execute('INSERT INTO `tb_expedisi` (`nama_expedisi`) VALUES (\'zzzzzzzzz\')')
 3 SYSTEMPATH\Database\BaseConnection.php(606): CodeIgniter\Database\BaseConnection->simpleQuery('INSERT INTO `tb_expedisi` (`nama_expedisi`) VALUES (\'zzzzzzzzz\')')
 4 SYSTEMPATH\Database\BaseBuilder.php(1904): CodeIgniter\Database\BaseConnection->query('INSERT INTO `tb_expedisi` (`nama_expedisi`) VALUES (:nama_expedisi:)', [...], false)
 5 APPPATH\Models\ModelExpedisi.php(21): CodeIgniter\Database\BaseBuilder->insert([...])
 6 APPPATH\Controllers\Expedisi.php(24): App\Models\ModelExpedisi->tambahExpedisi([...])
 7 SYSTEMPATH\CodeIgniter.php(898): App\Controllers\Expedisi->tambahExpedisi()
 8 SYSTEMPATH\CodeIgniter.php(468): CodeIgniter\CodeIgniter->runController(Object(App\Controllers\Expedisi))
 9 SYSTEMPATH\CodeIgniter.php(351): CodeIgniter\CodeIgniter->handleRequest(null, Object(Config\Cache), false)
10 FCPATH\index.php(55): CodeIgniter\CodeIgniter->run()
CRITICAL - 2023-02-28 09:30:18 --> syntax error, unexpected end of file
in APPPATH\Views\master\expedisi.php on line 69.
 1 SYSTEMPATH\View\View.php(216): CodeIgniter\View\View->CodeIgniter\View\{closure}()
 2 SYSTEMPATH\Common.php(1135): CodeIgniter\View\View->render('master/expedisi', [], true)
 3 APPPATH\Controllers\Expedisi.php(15): view('master/expedisi', [...])
 4 SYSTEMPATH\CodeIgniter.php(898): App\Controllers\Expedisi->index()
 5 SYSTEMPATH\CodeIgniter.php(468): CodeIgniter\CodeIgniter->runController(Object(App\Controllers\Expedisi))
 6 SYSTEMPATH\CodeIgniter.php(351): CodeIgniter\CodeIgniter->handleRequest(null, Object(Config\Cache), false)
 7 FCPATH\index.php(55): CodeIgniter\CodeIgniter->run()
CRITICAL - 2023-02-28 09:31:06 --> syntax error, unexpected end of file
in APPPATH\Views\master\expedisi.php on line 69.
 1 SYSTEMPATH\View\View.php(216): CodeIgniter\View\View->CodeIgniter\View\{closure}()
 2 SYSTEMPATH\Common.php(1135): CodeIgniter\View\View->render('master/expedisi', [], true)
 3 APPPATH\Controllers\Expedisi.php(15): view('master/expedisi', [...])
 4 SYSTEMPATH\CodeIgniter.php(898): App\Controllers\Expedisi->index()
 5 SYSTEMPATH\CodeIgniter.php(468): CodeIgniter\CodeIgniter->runController(Object(App\Controllers\Expedisi))
 6 SYSTEMPATH\CodeIgniter.php(351): CodeIgniter\CodeIgniter->handleRequest(null, Object(Config\Cache), false)
 7 FCPATH\index.php(55): CodeIgniter\CodeIgniter->run()
CRITICAL - 2023-02-28 09:39:06 --> mysqli_connect(): (HY000/1049): Unknown database 'akademik'
in APPPATH\Views\stat\tampilstat.php on line 89.
 1 [internal function]: CodeIgniter\Debug\Exceptions->errorHandler(2, 'mysqli_connect(): (HY000/1049): Unknown database \'akademik\'', 'APPPATH\\Views\\stat\\tampilstat.php', 89, [])
 2 APPPATH\Views\stat\tampilstat.php(89): mysqli_connect('localhost', 'root', 'ROOTPATH\\public', 'akademik')
 3 SYSTEMPATH\View\View.php(213): include('APPPATH\\Views\\stat\\tampilstat.php')
 4 SYSTEMPATH\View\View.php(216): CodeIgniter\View\View->CodeIgniter\View\{closure}()
 5 SYSTEMPATH\Common.php(1135): CodeIgniter\View\View->render('stat/tampilstat', [], true)
 6 APPPATH\Controllers\Statistik.php(12): view('stat/tampilstat')
 7 SYSTEMPATH\CodeIgniter.php(898): App\Controllers\Statistik->index()
 8 SYSTEMPATH\CodeIgniter.php(468): CodeIgniter\CodeIgniter->runController(Object(App\Controllers\Statistik))
 9 SYSTEMPATH\CodeIgniter.php(351): CodeIgniter\CodeIgniter->handleRequest(null, Object(Config\Cache), false)
10 FCPATH\index.php(55): CodeIgniter\CodeIgniter->run()
CRITICAL - 2023-02-28 09:39:23 --> mysqli_connect(): (HY000/1049): Unknown database 'akademik'
in APPPATH\Views\stat\tampilstat.php on line 89.
 1 [internal function]: CodeIgniter\Debug\Exceptions->errorHandler(2, 'mysqli_connect(): (HY000/1049): Unknown database \'akademik\'', 'APPPATH\\Views\\stat\\tampilstat.php', 89, [])
 2 APPPATH\Views\stat\tampilstat.php(89): mysqli_connect('localhost', 'root', 'ROOTPATH\\public', 'akademik')
 3 SYSTEMPATH\View\View.php(213): include('APPPATH\\Views\\stat\\tampilstat.php')
 4 SYSTEMPATH\View\View.php(216): CodeIgniter\View\View->CodeIgniter\View\{closure}()
 5 SYSTEMPATH\Common.php(1135): CodeIgniter\View\View->render('stat/tampilstat', [], true)
 6 APPPATH\Controllers\Statistik.php(12): view('stat/tampilstat')
 7 SYSTEMPATH\CodeIgniter.php(898): App\Controllers\Statistik->index()
 8 SYSTEMPATH\CodeIgniter.php(468): CodeIgniter\CodeIgniter->runController(Object(App\Controllers\Statistik))
 9 SYSTEMPATH\CodeIgniter.php(351): CodeIgniter\CodeIgniter->handleRequest(null, Object(Config\Cache), false)
10 FCPATH\index.php(55): CodeIgniter\CodeIgniter->run()
CRITICAL - 2023-02-28 09:45:09 --> mysqli_connect(): (HY000/1049): Unknown database 'akademik'
in APPPATH\Views\stat\tampilstat.php on line 89.
 1 [internal function]: CodeIgniter\Debug\Exceptions->errorHandler(2, 'mysqli_connect(): (HY000/1049): Unknown database \'akademik\'', 'APPPATH\\Views\\stat\\tampilstat.php', 89, [])
 2 APPPATH\Views\stat\tampilstat.php(89): mysqli_connect('localhost', 'root', 'ROOTPATH\\public', 'akademik')
 3 SYSTEMPATH\View\View.php(213): include('APPPATH\\Views\\stat\\tampilstat.php')
 4 SYSTEMPATH\View\View.php(216): CodeIgniter\View\View->CodeIgniter\View\{closure}()
 5 SYSTEMPATH\Common.php(1135): CodeIgniter\View\View->render('stat/tampilstat', [], true)
 6 APPPATH\Controllers\Statistik.php(12): view('stat/tampilstat')
 7 SYSTEMPATH\CodeIgniter.php(898): App\Controllers\Statistik->index()
 8 SYSTEMPATH\CodeIgniter.php(468): CodeIgniter\CodeIgniter->runController(Object(App\Controllers\Statistik))
 9 SYSTEMPATH\CodeIgniter.php(351): CodeIgniter\CodeIgniter->handleRequest(null, Object(Config\Cache), false)
10 FCPATH\index.php(55): CodeIgniter\CodeIgniter->run()
CRITICAL - 2023-02-28 09:47:48 --> mysqli_connect(): (HY000/1049): Unknown database 'akademik'
in APPPATH\Views\stat\tampilstat.php on line 89.
 1 [internal function]: CodeIgniter\Debug\Exceptions->errorHandler(2, 'mysqli_connect(): (HY000/1049): Unknown database \'akademik\'', 'APPPATH\\Views\\stat\\tampilstat.php', 89, [])
 2 APPPATH\Views\stat\tampilstat.php(89): mysqli_connect('localhost', 'root', 'ROOTPATH\\public', 'akademik')
 3 SYSTEMPATH\View\View.php(213): include('APPPATH\\Views\\stat\\tampilstat.php')
 4 SYSTEMPATH\View\View.php(216): CodeIgniter\View\View->CodeIgniter\View\{closure}()
 5 SYSTEMPATH\Common.php(1135): CodeIgniter\View\View->render('stat/tampilstat', [], true)
 6 APPPATH\Controllers\Statistik.php(12): view('stat/tampilstat')
 7 SYSTEMPATH\CodeIgniter.php(898): App\Controllers\Statistik->index()
 8 SYSTEMPATH\CodeIgniter.php(468): CodeIgniter\CodeIgniter->runController(Object(App\Controllers\Statistik))
 9 SYSTEMPATH\CodeIgniter.php(351): CodeIgniter\CodeIgniter->handleRequest(null, Object(Config\Cache), false)
10 FCPATH\index.php(55): CodeIgniter\CodeIgniter->run()
CRITICAL - 2023-02-28 10:25:51 --> Invalid file: master/petugas.php
in SYSTEMPATH\Exceptions\FrameworkException.php on line 33.
 1 SYSTEMPATH\View\View.php(201): CodeIgniter\Exceptions\FrameworkException::forInvalidFile('master/petugas.php')
 2 SYSTEMPATH\Common.php(1135): CodeIgniter\View\View->render('master/petugas', [], true)
 3 APPPATH\Controllers\Petugas.php(15): view('master/petugas', [...])
 4 SYSTEMPATH\CodeIgniter.php(898): App\Controllers\Petugas->index()
 5 SYSTEMPATH\CodeIgniter.php(468): CodeIgniter\CodeIgniter->runController(Object(App\Controllers\Petugas))
 6 SYSTEMPATH\CodeIgniter.php(351): CodeIgniter\CodeIgniter->handleRequest(null, Object(Config\Cache), false)
 7 FCPATH\index.php(55): CodeIgniter\CodeIgniter->run()
CRITICAL - 2023-02-28 10:26:52 --> Undefined property: stdClass::$nama_petugas
in APPPATH\Views\master\penerima.php on line 38.
 1 APPPATH\Views\master\penerima.php(38): CodeIgniter\Debug\Exceptions->errorHandler(8, 'Undefined property: stdClass::$nama_petugas', 'APPPATH\\Views\\master\\penerima.php', 38, [...])
 2 SYSTEMPATH\View\View.php(213): include('APPPATH\\Views\\master\\penerima.php')
 3 SYSTEMPATH\View\View.php(216): CodeIgniter\View\View->CodeIgniter\View\{closure}()
 4 SYSTEMPATH\Common.php(1135): CodeIgniter\View\View->render('master/penerima', [], true)
 5 APPPATH\Controllers\Petugas.php(15): view('master/penerima', [...])
 6 SYSTEMPATH\CodeIgniter.php(898): App\Controllers\Petugas->index()
 7 SYSTEMPATH\CodeIgniter.php(468): CodeIgniter\CodeIgniter->runController(Object(App\Controllers\Petugas))
 8 SYSTEMPATH\CodeIgniter.php(351): CodeIgniter\CodeIgniter->handleRequest(null, Object(Config\Cache), false)
 9 FCPATH\index.php(55): CodeIgniter\CodeIgniter->run()
CRITICAL - 2023-02-28 10:29:40 --> Call to undefined method App\Models\ModelPetugas::getPenerima
in SYSTEMPATH\Model.php on line 773.
 1 APPPATH\Controllers\Penerima.php(13): CodeIgniter\Model->__call('getPenerima', [])
 2 SYSTEMPATH\CodeIgniter.php(898): App\Controllers\Penerima->index()
 3 SYSTEMPATH\CodeIgniter.php(468): CodeIgniter\CodeIgniter->runController(Object(App\Controllers\Penerima))
 4 SYSTEMPATH\CodeIgniter.php(351): CodeIgniter\CodeIgniter->handleRequest(null, Object(Config\Cache), false)
 5 FCPATH\index.php(55): CodeIgniter\CodeIgniter->run()
CRITICAL - 2023-02-28 10:30:34 --> Undefined property: stdClass::$nama_petugas
in APPPATH\Views\master\penerima.php on line 38.
 1 APPPATH\Views\master\penerima.php(38): CodeIgniter\Debug\Exceptions->errorHandler(8, 'Undefined property: stdClass::$nama_petugas', 'APPPATH\\Views\\master\\penerima.php', 38, [...])
 2 SYSTEMPATH\View\View.php(213): include('APPPATH\\Views\\master\\penerima.php')
 3 SYSTEMPATH\View\View.php(216): CodeIgniter\View\View->CodeIgniter\View\{closure}()
 4 SYSTEMPATH\Common.php(1135): CodeIgniter\View\View->render('master/penerima', [], true)
 5 APPPATH\Controllers\Penerima.php(14): view('master/penerima', [...])
 6 SYSTEMPATH\CodeIgniter.php(898): App\Controllers\Penerima->index()
 7 SYSTEMPATH\CodeIgniter.php(468): CodeIgniter\CodeIgniter->runController(Object(App\Controllers\Penerima))
 8 SYSTEMPATH\CodeIgniter.php(351): CodeIgniter\CodeIgniter->handleRequest(null, Object(Config\Cache), false)
 9 FCPATH\index.php(55): CodeIgniter\CodeIgniter->run()
CRITICAL - 2023-02-28 10:30:47 --> Undefined property: stdClass::$id_expedisi
in APPPATH\Views\master\penerima.php on line 41.
 1 APPPATH\Views\master\penerima.php(41): CodeIgniter\Debug\Exceptions->errorHandler(8, 'Undefined property: stdClass::$id_expedisi', 'APPPATH\\Views\\master\\penerima.php', 41, [...])
 2 SYSTEMPATH\View\View.php(213): include('APPPATH\\Views\\master\\penerima.php')
 3 SYSTEMPATH\View\View.php(216): CodeIgniter\View\View->CodeIgniter\View\{closure}()
 4 SYSTEMPATH\Common.php(1135): CodeIgniter\View\View->render('master/penerima', [], true)
 5 APPPATH\Controllers\Penerima.php(14): view('master/penerima', [...])
 6 SYSTEMPATH\CodeIgniter.php(898): App\Controllers\Penerima->index()
 7 SYSTEMPATH\CodeIgniter.php(468): CodeIgniter\CodeIgniter->runController(Object(App\Controllers\Penerima))
 8 SYSTEMPATH\CodeIgniter.php(351): CodeIgniter\CodeIgniter->handleRequest(null, Object(Config\Cache), false)
 9 FCPATH\index.php(55): CodeIgniter\CodeIgniter->run()
CRITICAL - 2023-02-28 10:43:29 --> Undefined variable: penerima
in APPPATH\Views\master\penerima.php on line 35.
 1 APPPATH\Views\master\penerima.php(35): CodeIgniter\Debug\Exceptions->errorHandler(8, 'Undefined variable: penerima', 'APPPATH\\Views\\master\\penerima.php', 35, [...])
 2 SYSTEMPATH\View\View.php(213): include('APPPATH\\Views\\master\\penerima.php')
 3 SYSTEMPATH\View\View.php(216): CodeIgniter\View\View->CodeIgniter\View\{closure}()
 4 SYSTEMPATH\Common.php(1135): CodeIgniter\View\View->render('master/penerima', [], true)
 5 APPPATH\Controllers\Master.php(15): view('master/penerima')
 6 SYSTEMPATH\CodeIgniter.php(898): App\Controllers\Master->penerima()
 7 SYSTEMPATH\CodeIgniter.php(468): CodeIgniter\CodeIgniter->runController(Object(App\Controllers\Master))
 8 SYSTEMPATH\CodeIgniter.php(351): CodeIgniter\CodeIgniter->handleRequest(null, Object(Config\Cache), false)
 9 FCPATH\index.php(55): CodeIgniter\CodeIgniter->run()
CRITICAL - 2023-02-28 10:44:20 --> Undefined variable: penerima
in APPPATH\Views\master\penerima.php on line 35.
 1 APPPATH\Views\master\penerima.php(35): CodeIgniter\Debug\Exceptions->errorHandler(8, 'Undefined variable: penerima', 'APPPATH\\Views\\master\\penerima.php', 35, [...])
 2 SYSTEMPATH\View\View.php(213): include('APPPATH\\Views\\master\\penerima.php')
 3 SYSTEMPATH\View\View.php(216): CodeIgniter\View\View->CodeIgniter\View\{closure}()
 4 SYSTEMPATH\Common.php(1135): CodeIgniter\View\View->render('master/penerima', [], true)
 5 APPPATH\Controllers\Master.php(15): view('master/penerima')
 6 SYSTEMPATH\CodeIgniter.php(898): App\Controllers\Master->penerima()
 7 SYSTEMPATH\CodeIgniter.php(468): CodeIgniter\CodeIgniter->runController(Object(App\Controllers\Master))
 8 SYSTEMPATH\CodeIgniter.php(351): CodeIgniter\CodeIgniter->handleRequest(null, Object(Config\Cache), false)
 9 FCPATH\index.php(55): CodeIgniter\CodeIgniter->run()
CRITICAL - 2023-02-28 10:44:36 --> Undefined variable: petugas_penerima
in APPPATH\Views\master\penerima.php on line 35.
 1 APPPATH\Views\master\penerima.php(35): CodeIgniter\Debug\Exceptions->errorHandler(8, 'Undefined variable: petugas_penerima', 'APPPATH\\Views\\master\\penerima.php', 35, [...])
 2 SYSTEMPATH\View\View.php(213): include('APPPATH\\Views\\master\\penerima.php')
 3 SYSTEMPATH\View\View.php(216): CodeIgniter\View\View->CodeIgniter\View\{closure}()
 4 SYSTEMPATH\Common.php(1135): CodeIgniter\View\View->render('master/penerima', [], true)
 5 APPPATH\Controllers\Master.php(15): view('master/penerima')
 6 SYSTEMPATH\CodeIgniter.php(898): App\Controllers\Master->penerima()
 7 SYSTEMPATH\CodeIgniter.php(468): CodeIgniter\CodeIgniter->runController(Object(App\Controllers\Master))
 8 SYSTEMPATH\CodeIgniter.php(351): CodeIgniter\CodeIgniter->handleRequest(null, Object(Config\Cache), false)
 9 FCPATH\index.php(55): CodeIgniter\CodeIgniter->run()
CRITICAL - 2023-02-28 10:44:37 --> Undefined variable: petugas_penerima
in APPPATH\Views\master\penerima.php on line 35.
 1 APPPATH\Views\master\penerima.php(35): CodeIgniter\Debug\Exceptions->errorHandler(8, 'Undefined variable: petugas_penerima', 'APPPATH\\Views\\master\\penerima.php', 35, [...])
 2 SYSTEMPATH\View\View.php(213): include('APPPATH\\Views\\master\\penerima.php')
 3 SYSTEMPATH\View\View.php(216): CodeIgniter\View\View->CodeIgniter\View\{closure}()
 4 SYSTEMPATH\Common.php(1135): CodeIgniter\View\View->render('master/penerima', [], true)
 5 APPPATH\Controllers\Master.php(15): view('master/penerima')
 6 SYSTEMPATH\CodeIgniter.php(898): App\Controllers\Master->penerima()
 7 SYSTEMPATH\CodeIgniter.php(468): CodeIgniter\CodeIgniter->runController(Object(App\Controllers\Master))
 8 SYSTEMPATH\CodeIgniter.php(351): CodeIgniter\CodeIgniter->handleRequest(null, Object(Config\Cache), false)
 9 FCPATH\index.php(55): CodeIgniter\CodeIgniter->run()
CRITICAL - 2023-02-28 10:46:17 --> Undefined variable: petugas_penerima
in APPPATH\Views\master\penerima.php on line 35.
 1 APPPATH\Views\master\penerima.php(35): CodeIgniter\Debug\Exceptions->errorHandler(8, 'Undefined variable: petugas_penerima', 'APPPATH\\Views\\master\\penerima.php', 35, [...])
 2 SYSTEMPATH\View\View.php(213): include('APPPATH\\Views\\master\\penerima.php')
 3 SYSTEMPATH\View\View.php(216): CodeIgniter\View\View->CodeIgniter\View\{closure}()
 4 SYSTEMPATH\Common.php(1135): CodeIgniter\View\View->render('master/penerima', [], true)
 5 APPPATH\Controllers\Master.php(15): view('master/penerima')
 6 SYSTEMPATH\CodeIgniter.php(898): App\Controllers\Master->penerima()
 7 SYSTEMPATH\CodeIgniter.php(468): CodeIgniter\CodeIgniter->runController(Object(App\Controllers\Master))
 8 SYSTEMPATH\CodeIgniter.php(351): CodeIgniter\CodeIgniter->handleRequest(null, Object(Config\Cache), false)
 9 FCPATH\index.php(55): CodeIgniter\CodeIgniter->run()
CRITICAL - 2023-02-28 10:46:18 --> Undefined variable: petugas_penerima
in APPPATH\Views\master\penerima.php on line 35.
 1 APPPATH\Views\master\penerima.php(35): CodeIgniter\Debug\Exceptions->errorHandler(8, 'Undefined variable: petugas_penerima', 'APPPATH\\Views\\master\\penerima.php', 35, [...])
 2 SYSTEMPATH\View\View.php(213): include('APPPATH\\Views\\master\\penerima.php')
 3 SYSTEMPATH\View\View.php(216): CodeIgniter\View\View->CodeIgniter\View\{closure}()
 4 SYSTEMPATH\Common.php(1135): CodeIgniter\View\View->render('master/penerima', [], true)
 5 APPPATH\Controllers\Master.php(15): view('master/penerima')
 6 SYSTEMPATH\CodeIgniter.php(898): App\Controllers\Master->penerima()
 7 SYSTEMPATH\CodeIgniter.php(468): CodeIgniter\CodeIgniter->runController(Object(App\Controllers\Master))
 8 SYSTEMPATH\CodeIgniter.php(351): CodeIgniter\CodeIgniter->handleRequest(null, Object(Config\Cache), false)
 9 FCPATH\index.php(55): CodeIgniter\CodeIgniter->run()
CRITICAL - 2023-02-28 10:46:18 --> Undefined variable: petugas_penerima
in APPPATH\Views\master\penerima.php on line 35.
 1 APPPATH\Views\master\penerima.php(35): CodeIgniter\Debug\Exceptions->errorHandler(8, 'Undefined variable: petugas_penerima', 'APPPATH\\Views\\master\\penerima.php', 35, [...])
 2 SYSTEMPATH\View\View.php(213): include('APPPATH\\Views\\master\\penerima.php')
 3 SYSTEMPATH\View\View.php(216): CodeIgniter\View\View->CodeIgniter\View\{closure}()
 4 SYSTEMPATH\Common.php(1135): CodeIgniter\View\View->render('master/penerima', [], true)
 5 APPPATH\Controllers\Master.php(15): view('master/penerima')
 6 SYSTEMPATH\CodeIgniter.php(898): App\Controllers\Master->penerima()
 7 SYSTEMPATH\CodeIgniter.php(468): CodeIgniter\CodeIgniter->runController(Object(App\Controllers\Master))
 8 SYSTEMPATH\CodeIgniter.php(351): CodeIgniter\CodeIgniter->handleRequest(null, Object(Config\Cache), false)
 9 FCPATH\index.php(55): CodeIgniter\CodeIgniter->run()
CRITICAL - 2023-02-28 10:46:19 --> Undefined variable: petugas_penerima
in APPPATH\Views\master\penerima.php on line 35.
 1 APPPATH\Views\master\penerima.php(35): CodeIgniter\Debug\Exceptions->errorHandler(8, 'Undefined variable: petugas_penerima', 'APPPATH\\Views\\master\\penerima.php', 35, [...])
 2 SYSTEMPATH\View\View.php(213): include('APPPATH\\Views\\master\\penerima.php')
 3 SYSTEMPATH\View\View.php(216): CodeIgniter\View\View->CodeIgniter\View\{closure}()
 4 SYSTEMPATH\Common.php(1135): CodeIgniter\View\View->render('master/penerima', [], true)
 5 APPPATH\Controllers\Master.php(15): view('master/penerima')
 6 SYSTEMPATH\CodeIgniter.php(898): App\Controllers\Master->penerima()
 7 SYSTEMPATH\CodeIgniter.php(468): CodeIgniter\CodeIgniter->runController(Object(App\Controllers\Master))
 8 SYSTEMPATH\CodeIgniter.php(351): CodeIgniter\CodeIgniter->handleRequest(null, Object(Config\Cache), false)
 9 FCPATH\index.php(55): CodeIgniter\CodeIgniter->run()
CRITICAL - 2023-02-28 10:48:05 --> Undefined variable: petugas_penerima
in APPPATH\Views\master\penerima.php on line 35.
 1 APPPATH\Views\master\penerima.php(35): CodeIgniter\Debug\Exceptions->errorHandler(8, 'Undefined variable: petugas_penerima', 'APPPATH\\Views\\master\\penerima.php', 35, [...])
 2 SYSTEMPATH\View\View.php(213): include('APPPATH\\Views\\master\\penerima.php')
 3 SYSTEMPATH\View\View.php(216): CodeIgniter\View\View->CodeIgniter\View\{closure}()
 4 SYSTEMPATH\Common.php(1135): CodeIgniter\View\View->render('master/penerima', [], true)
 5 APPPATH\Controllers\Master.php(15): view('master/penerima')
 6 SYSTEMPATH\CodeIgniter.php(898): App\Controllers\Master->penerima()
 7 SYSTEMPATH\CodeIgniter.php(468): CodeIgniter\CodeIgniter->runController(Object(App\Controllers\Master))
 8 SYSTEMPATH\CodeIgniter.php(351): CodeIgniter\CodeIgniter->handleRequest(null, Object(Config\Cache), false)
 9 FCPATH\index.php(55): CodeIgniter\CodeIgniter->run()
CRITICAL - 2023-02-28 10:48:50 --> Undefined variable: petugas_penerima
in APPPATH\Views\master\penerima.php on line 35.
 1 APPPATH\Views\master\penerima.php(35): CodeIgniter\Debug\Exceptions->errorHandler(8, 'Undefined variable: petugas_penerima', 'APPPATH\\Views\\master\\penerima.php', 35, [...])
 2 SYSTEMPATH\View\View.php(213): include('APPPATH\\Views\\master\\penerima.php')
 3 SYSTEMPATH\View\View.php(216): CodeIgniter\View\View->CodeIgniter\View\{closure}()
 4 SYSTEMPATH\Common.php(1135): CodeIgniter\View\View->render('master/penerima', [], true)
 5 APPPATH\Controllers\Master.php(15): view('master/penerima')
 6 SYSTEMPATH\CodeIgniter.php(898): App\Controllers\Master->penerima()
 7 SYSTEMPATH\CodeIgniter.php(468): CodeIgniter\CodeIgniter->runController(Object(App\Controllers\Master))
 8 SYSTEMPATH\CodeIgniter.php(351): CodeIgniter\CodeIgniter->handleRequest(null, Object(Config\Cache), false)
 9 FCPATH\index.php(55): CodeIgniter\CodeIgniter->run()
CRITICAL - 2023-02-28 10:51:38 --> Undefined variable: petugas_penerima
in APPPATH\Views\master\penerima.php on line 35.
 1 APPPATH\Views\master\penerima.php(35): CodeIgniter\Debug\Exceptions->errorHandler(8, 'Undefined variable: petugas_penerima', 'APPPATH\\Views\\master\\penerima.php', 35, [...])
 2 SYSTEMPATH\View\View.php(213): include('APPPATH\\Views\\master\\penerima.php')
 3 SYSTEMPATH\View\View.php(216): CodeIgniter\View\View->CodeIgniter\View\{closure}()
 4 SYSTEMPATH\Common.php(1135): CodeIgniter\View\View->render('master/penerima', [], true)
 5 APPPATH\Controllers\Master.php(15): view('master/penerima')
 6 SYSTEMPATH\CodeIgniter.php(898): App\Controllers\Master->penerima()
 7 SYSTEMPATH\CodeIgniter.php(468): CodeIgniter\CodeIgniter->runController(Object(App\Controllers\Master))
 8 SYSTEMPATH\CodeIgniter.php(351): CodeIgniter\CodeIgniter->handleRequest(null, Object(Config\Cache), false)
 9 FCPATH\index.php(55): CodeIgniter\CodeIgniter->run()
CRITICAL - 2023-02-28 13:49:50 --> Undefined variable: totalsurat
in APPPATH\Views\main\dashboard.php on line 61.
 1 APPPATH\Views\main\dashboard.php(61): CodeIgniter\Debug\Exceptions->errorHandler(8, 'Undefined variable: totalsurat', 'APPPATH\\Views\\main\\dashboard.php', 61, [...])
 2 SYSTEMPATH\View\View.php(213): include('APPPATH\\Views\\main\\dashboard.php')
 3 SYSTEMPATH\View\View.php(216): CodeIgniter\View\View->CodeIgniter\View\{closure}()
 4 SYSTEMPATH\Common.php(1135): CodeIgniter\View\View->render('main/dashboard', [], true)
 5 APPPATH\Controllers\Main.php(30): view('main/dashboard', [...])
 6 SYSTEMPATH\CodeIgniter.php(898): App\Controllers\Main->index()
 7 SYSTEMPATH\CodeIgniter.php(468): CodeIgniter\CodeIgniter->runController(Object(App\Controllers\Main))
 8 SYSTEMPATH\CodeIgniter.php(351): CodeIgniter\CodeIgniter->handleRequest(null, Object(Config\Cache), false)
 9 FCPATH\index.php(55): CodeIgniter\CodeIgniter->run()
CRITICAL - 2023-02-28 14:57:01 --> Undefined variable: totalsurat
in APPPATH\Views\main\dashboard.php on line 63.
 1 APPPATH\Views\main\dashboard.php(63): CodeIgniter\Debug\Exceptions->errorHandler(8, 'Undefined variable: totalsurat', 'APPPATH\\Views\\main\\dashboard.php', 63, [...])
 2 SYSTEMPATH\View\View.php(213): include('APPPATH\\Views\\main\\dashboard.php')
 3 SYSTEMPATH\View\View.php(216): CodeIgniter\View\View->CodeIgniter\View\{closure}()
 4 SYSTEMPATH\Common.php(1135): CodeIgniter\View\View->render('main/dashboard', [], true)
 5 APPPATH\Controllers\Main.php(31): view('main/dashboard', [...])
 6 SYSTEMPATH\CodeIgniter.php(898): App\Controllers\Main->index()
 7 SYSTEMPATH\CodeIgniter.php(468): CodeIgniter\CodeIgniter->runController(Object(App\Controllers\Main))
 8 SYSTEMPATH\CodeIgniter.php(351): CodeIgniter\CodeIgniter->handleRequest(null, Object(Config\Cache), false)
 9 FCPATH\index.php(55): CodeIgniter\CodeIgniter->run()
CRITICAL - 2023-02-28 14:58:00 --> Undefined variable: modelSuratMasuk
in APPPATH\Controllers\Main.php on line 28.
 1 APPPATH\Controllers\Main.php(28): CodeIgniter\Debug\Exceptions->errorHandler(8, 'Undefined variable: modelSuratMasuk', 'APPPATH\\Controllers\\Main.php', 28, [])
 2 SYSTEMPATH\CodeIgniter.php(898): App\Controllers\Main->index()
 3 SYSTEMPATH\CodeIgniter.php(468): CodeIgniter\CodeIgniter->runController(Object(App\Controllers\Main))
 4 SYSTEMPATH\CodeIgniter.php(351): CodeIgniter\CodeIgniter->handleRequest(null, Object(Config\Cache), false)
 5 FCPATH\index.php(55): CodeIgniter\CodeIgniter->run()
CRITICAL - 2023-02-28 15:10:42 --> Call to undefined function App\Controllers\diterimaAll()
in APPPATH\Controllers\Main.php on line 39.
 1 SYSTEMPATH\CodeIgniter.php(898): App\Controllers\Main->index()
 2 SYSTEMPATH\CodeIgniter.php(468): CodeIgniter\CodeIgniter->runController(Object(App\Controllers\Main))
 3 SYSTEMPATH\CodeIgniter.php(351): CodeIgniter\CodeIgniter->handleRequest(null, Object(Config\Cache), false)
 4 FCPATH\index.php(55): CodeIgniter\CodeIgniter->run()
CRITICAL - 2023-02-28 15:12:58 --> Call to undefined function App\Controllers\diterimaAll()
in APPPATH\Controllers\Main.php on line 39.
 1 SYSTEMPATH\CodeIgniter.php(898): App\Controllers\Main->index()
 2 SYSTEMPATH\CodeIgniter.php(468): CodeIgniter\CodeIgniter->runController(Object(App\Controllers\Main))
 3 SYSTEMPATH\CodeIgniter.php(351): CodeIgniter\CodeIgniter->handleRequest(null, Object(Config\Cache), false)
 4 FCPATH\index.php(55): CodeIgniter\CodeIgniter->run()
