CRITICAL - 2023-02-15 00:14:40 --> syntax error, unexpected 'class' (T_CLASS), expecting function (T_FUNCTION) or const (T_CONST)
in APPPATH\Libraries\MY_TCPDF.php on line 15.
 1 SYSTEMPATH\Autoloader\Autoloader.php(261): CodeIgniter\Autoloader\Autoloader->includeFile('APPPATH\\Libraries\\MY_TCPDF.php')
 2 SYSTEMPATH\Autoloader\Autoloader.php(239): CodeIgniter\Autoloader\Autoloader->loadInNamespace('App\\Libraries\\MY_TCPDF')
 3 [internal function]: CodeIgniter\Autoloader\Autoloader->loadClass('App\\Libraries\\MY_TCPDF')
 4 APPPATH\Controllers\PdfController.php(15): spl_autoload_call('App\\Libraries\\MY_TCPDF')
 5 SYSTEMPATH\CodeIgniter.php(898): App\Controllers\PdfController->cetak()
 6 SYSTEMPATH\CodeIgniter.php(468): CodeIgniter\CodeIgniter->runController(Object(App\Controllers\PdfController))
 7 SYSTEMPATH\CodeIgniter.php(351): CodeIgniter\CodeIgniter->handleRequest(null, Object(Config\Cache), false)
 8 FCPATH\index.php(55): CodeIgniter\CodeIgniter->run()
CRITICAL - 2023-02-15 00:17:33 --> Cannot declare class App\Controllers\PdfController, because the name is already in use
in APPPATH\Libraries\MY_TCPDF.php on line 8.
 1 [internal function]: CodeIgniter\Debug\Exceptions->shutdownHandler()
CRITICAL - 2023-02-15 00:19:00 --> Cannot declare class App\Controllers\PdfController, because the name is already in use
in APPPATH\Libraries\MY_TCPDF.php on line 8.
 1 [internal function]: CodeIgniter\Debug\Exceptions->shutdownHandler()
CRITICAL - 2023-02-15 00:19:24 --> Cannot declare class App\Controllers\PdfController, because the name is already in use
in APPPATH\Libraries\MY_TCPDF.php on line 8.
 1 [internal function]: CodeIgniter\Debug\Exceptions->shutdownHandler()
CRITICAL - 2023-02-15 00:20:13 --> Class 'App\Libraries\MY_TCPDF' not found
in APPPATH\Controllers\PdfController.php on line 15.
 1 SYSTEMPATH\CodeIgniter.php(898): App\Controllers\PdfController->cetak()
 2 SYSTEMPATH\CodeIgniter.php(468): CodeIgniter\CodeIgniter->runController(Object(App\Controllers\PdfController))
 3 SYSTEMPATH\CodeIgniter.php(351): CodeIgniter\CodeIgniter->handleRequest(null, Object(Config\Cache), false)
 4 FCPATH\index.php(55): CodeIgniter\CodeIgniter->run()
CRITICAL - 2023-02-15 00:21:33 --> Class 'App\Libraries\MY_TCPDF' not found
in APPPATH\Controllers\PdfController.php on line 16.
 1 SYSTEMPATH\CodeIgniter.php(898): App\Controllers\PdfController->cetak()
 2 SYSTEMPATH\CodeIgniter.php(468): CodeIgniter\CodeIgniter->runController(Object(App\Controllers\PdfController))
 3 SYSTEMPATH\CodeIgniter.php(351): CodeIgniter\CodeIgniter->handleRequest(null, Object(Config\Cache), false)
 4 FCPATH\index.php(55): CodeIgniter\CodeIgniter->run()
CRITICAL - 2023-02-15 00:23:17 --> Class 'App\Libraries\MY_TCPDF' not found
in APPPATH\Controllers\PdfController.php on line 15.
 1 SYSTEMPATH\CodeIgniter.php(898): App\Controllers\PdfController->cetak()
 2 SYSTEMPATH\CodeIgniter.php(468): CodeIgniter\CodeIgniter->runController(Object(App\Controllers\PdfController))
 3 SYSTEMPATH\CodeIgniter.php(351): CodeIgniter\CodeIgniter->handleRequest(null, Object(Config\Cache), false)
 4 FCPATH\index.php(55): CodeIgniter\CodeIgniter->run()
CRITICAL - 2023-02-15 00:23:51 --> Class 'App\Libraries\MY_TCPDF' not found
in APPPATH\Controllers\PdfController.php on line 15.
 1 SYSTEMPATH\CodeIgniter.php(898): App\Controllers\PdfController->cetak()
 2 SYSTEMPATH\CodeIgniter.php(468): CodeIgniter\CodeIgniter->runController(Object(App\Controllers\PdfController))
 3 SYSTEMPATH\CodeIgniter.php(351): CodeIgniter\CodeIgniter->handleRequest(null, Object(Config\Cache), false)
 4 FCPATH\index.php(55): CodeIgniter\CodeIgniter->run()
CRITICAL - 2023-02-15 00:23:54 --> Class 'App\Libraries\MY_TCPDF' not found
in APPPATH\Controllers\PdfController.php on line 15.
 1 SYSTEMPATH\CodeIgniter.php(898): App\Controllers\PdfController->cetak()
 2 SYSTEMPATH\CodeIgniter.php(468): CodeIgniter\CodeIgniter->runController(Object(App\Controllers\PdfController))
 3 SYSTEMPATH\CodeIgniter.php(351): CodeIgniter\CodeIgniter->handleRequest(null, Object(Config\Cache), false)
 4 FCPATH\index.php(55): CodeIgniter\CodeIgniter->run()
CRITICAL - 2023-02-15 00:24:44 --> Class 'App\Libraries\MY_TCPDF' not found
in APPPATH\Controllers\PdfController.php on line 15.
 1 SYSTEMPATH\CodeIgniter.php(898): App\Controllers\PdfController->cetak()
 2 SYSTEMPATH\CodeIgniter.php(468): CodeIgniter\CodeIgniter->runController(Object(App\Controllers\PdfController))
 3 SYSTEMPATH\CodeIgniter.php(351): CodeIgniter\CodeIgniter->handleRequest(null, Object(Config\Cache), false)
 4 FCPATH\index.php(55): CodeIgniter\CodeIgniter->run()
CRITICAL - 2023-02-15 00:24:58 --> Class 'App\Libraries\MY_TCPDF' not found
in APPPATH\Controllers\PdfController.php on line 15.
 1 SYSTEMPATH\CodeIgniter.php(898): App\Controllers\PdfController->cetak()
 2 SYSTEMPATH\CodeIgniter.php(468): CodeIgniter\CodeIgniter->runController(Object(App\Controllers\PdfController))
 3 SYSTEMPATH\CodeIgniter.php(351): CodeIgniter\CodeIgniter->handleRequest(null, Object(Config\Cache), false)
 4 FCPATH\index.php(55): CodeIgniter\CodeIgniter->run()
CRITICAL - 2023-02-15 00:55:59 --> Too few arguments to function App\Models\ModelSuratMasuk::__construct(), 0 passed in C:\xampp\htdocs\suratmasuk\app\Controllers\Input.php on line 63 and exactly 1 expected
in APPPATH\Models\ModelSuratMasuk.php on line 18.
 1 APPPATH\Controllers\Input.php(63): App\Models\ModelSuratMasuk->__construct()
 2 SYSTEMPATH\CodeIgniter.php(898): App\Controllers\Input->simpan()
 3 SYSTEMPATH\CodeIgniter.php(468): CodeIgniter\CodeIgniter->runController(Object(App\Controllers\Input))
 4 SYSTEMPATH\CodeIgniter.php(351): CodeIgniter\CodeIgniter->handleRequest(null, Object(Config\Cache), false)
 5 FCPATH\index.php(55): CodeIgniter\CodeIgniter->run()
CRITICAL - 2023-02-15 00:56:49 --> Too few arguments to function App\Models\ModelSuratMasuk::__construct(), 0 passed in C:\xampp\htdocs\suratmasuk\app\Controllers\Input.php on line 63 and exactly 1 expected
in APPPATH\Models\ModelSuratMasuk.php on line 18.
 1 APPPATH\Controllers\Input.php(63): App\Models\ModelSuratMasuk->__construct()
 2 SYSTEMPATH\CodeIgniter.php(898): App\Controllers\Input->simpan()
 3 SYSTEMPATH\CodeIgniter.php(468): CodeIgniter\CodeIgniter->runController(Object(App\Controllers\Input))
 4 SYSTEMPATH\CodeIgniter.php(351): CodeIgniter\CodeIgniter->handleRequest(null, Object(Config\Cache), false)
 5 FCPATH\index.php(55): CodeIgniter\CodeIgniter->run()
CRITICAL - 2023-02-15 01:43:29 --> syntax error, unexpected end of file, expecting function (T_FUNCTION) or const (T_CONST)
in APPPATH\Controllers\Laporan.php on line 13.
 1 SYSTEMPATH\Autoloader\Autoloader.php(261): CodeIgniter\Autoloader\Autoloader->includeFile('APPPATH\\Controllers\\Laporan.php')
 2 SYSTEMPATH\Autoloader\Autoloader.php(239): CodeIgniter\Autoloader\Autoloader->loadInNamespace('App\\Controllers\\Laporan')
 3 [internal function]: CodeIgniter\Autoloader\Autoloader->loadClass('App\\Controllers\\Laporan')
 4 [internal function]: spl_autoload_call('App\\Controllers\\Laporan')
 5 SYSTEMPATH\CodeIgniter.php(848): class_exists('\\App\\Controllers\\Laporan', true)
 6 SYSTEMPATH\CodeIgniter.php(455): CodeIgniter\CodeIgniter->startController()
 7 SYSTEMPATH\CodeIgniter.php(351): CodeIgniter\CodeIgniter->handleRequest(null, Object(Config\Cache), false)
 8 FCPATH\index.php(55): CodeIgniter\CodeIgniter->run()
CRITICAL - 2023-02-15 01:48:36 --> syntax error, unexpected end of file, expecting function (T_FUNCTION) or const (T_CONST)
in APPPATH\Controllers\Laporan.php on line 13.
 1 SYSTEMPATH\Autoloader\Autoloader.php(261): CodeIgniter\Autoloader\Autoloader->includeFile('APPPATH\\Controllers\\Laporan.php')
 2 SYSTEMPATH\Autoloader\Autoloader.php(239): CodeIgniter\Autoloader\Autoloader->loadInNamespace('App\\Controllers\\Laporan')
 3 [internal function]: CodeIgniter\Autoloader\Autoloader->loadClass('App\\Controllers\\Laporan')
 4 [internal function]: spl_autoload_call('App\\Controllers\\Laporan')
 5 SYSTEMPATH\CodeIgniter.php(848): class_exists('\\App\\Controllers\\Laporan', true)
 6 SYSTEMPATH\CodeIgniter.php(455): CodeIgniter\CodeIgniter->startController()
 7 SYSTEMPATH\CodeIgniter.php(351): CodeIgniter\CodeIgniter->handleRequest(null, Object(Config\Cache), false)
 8 FCPATH\index.php(55): CodeIgniter\CodeIgniter->run()
CRITICAL - 2023-02-15 01:48:52 --> syntax error, unexpected end of file, expecting function (T_FUNCTION) or const (T_CONST)
in APPPATH\Controllers\Laporan.php on line 13.
 1 SYSTEMPATH\Autoloader\Autoloader.php(261): CodeIgniter\Autoloader\Autoloader->includeFile('APPPATH\\Controllers\\Laporan.php')
 2 SYSTEMPATH\Autoloader\Autoloader.php(239): CodeIgniter\Autoloader\Autoloader->loadInNamespace('App\\Controllers\\Laporan')
 3 [internal function]: CodeIgniter\Autoloader\Autoloader->loadClass('App\\Controllers\\Laporan')
 4 [internal function]: spl_autoload_call('App\\Controllers\\Laporan')
 5 SYSTEMPATH\CodeIgniter.php(848): class_exists('\\App\\Controllers\\Laporan', true)
 6 SYSTEMPATH\CodeIgniter.php(455): CodeIgniter\CodeIgniter->startController()
 7 SYSTEMPATH\CodeIgniter.php(351): CodeIgniter\CodeIgniter->handleRequest(null, Object(Config\Cache), false)
 8 FCPATH\index.php(55): CodeIgniter\CodeIgniter->run()
CRITICAL - 2023-02-15 01:50:09 --> syntax error, unexpected end of file, expecting function (T_FUNCTION) or const (T_CONST)
in APPPATH\Controllers\Laporan.php on line 13.
 1 SYSTEMPATH\Autoloader\Autoloader.php(261): CodeIgniter\Autoloader\Autoloader->includeFile('APPPATH\\Controllers\\Laporan.php')
 2 SYSTEMPATH\Autoloader\Autoloader.php(239): CodeIgniter\Autoloader\Autoloader->loadInNamespace('App\\Controllers\\Laporan')
 3 [internal function]: CodeIgniter\Autoloader\Autoloader->loadClass('App\\Controllers\\Laporan')
 4 [internal function]: spl_autoload_call('App\\Controllers\\Laporan')
 5 SYSTEMPATH\CodeIgniter.php(848): class_exists('\\App\\Controllers\\Laporan', true)
 6 SYSTEMPATH\CodeIgniter.php(455): CodeIgniter\CodeIgniter->startController()
 7 SYSTEMPATH\CodeIgniter.php(351): CodeIgniter\CodeIgniter->handleRequest(null, Object(Config\Cache), false)
 8 FCPATH\index.php(55): CodeIgniter\CodeIgniter->run()
CRITICAL - 2023-02-15 01:51:17 --> syntax error, unexpected end of file, expecting function (T_FUNCTION) or const (T_CONST)
in APPPATH\Controllers\Laporan.php on line 13.
 1 SYSTEMPATH\Autoloader\Autoloader.php(261): CodeIgniter\Autoloader\Autoloader->includeFile('APPPATH\\Controllers\\Laporan.php')
 2 SYSTEMPATH\Autoloader\Autoloader.php(239): CodeIgniter\Autoloader\Autoloader->loadInNamespace('App\\Controllers\\Laporan')
 3 [internal function]: CodeIgniter\Autoloader\Autoloader->loadClass('App\\Controllers\\Laporan')
 4 [internal function]: spl_autoload_call('App\\Controllers\\Laporan')
 5 SYSTEMPATH\CodeIgniter.php(848): class_exists('\\App\\Controllers\\Laporan', true)
 6 SYSTEMPATH\CodeIgniter.php(455): CodeIgniter\CodeIgniter->startController()
 7 SYSTEMPATH\CodeIgniter.php(351): CodeIgniter\CodeIgniter->handleRequest(null, Object(Config\Cache), false)
 8 FCPATH\index.php(55): CodeIgniter\CodeIgniter->run()
CRITICAL - 2023-02-15 01:51:29 --> syntax error, unexpected end of file, expecting function (T_FUNCTION) or const (T_CONST)
in APPPATH\Controllers\Laporan.php on line 13.
 1 SYSTEMPATH\Autoloader\Autoloader.php(261): CodeIgniter\Autoloader\Autoloader->includeFile('APPPATH\\Controllers\\Laporan.php')
 2 SYSTEMPATH\Autoloader\Autoloader.php(239): CodeIgniter\Autoloader\Autoloader->loadInNamespace('App\\Controllers\\Laporan')
 3 [internal function]: CodeIgniter\Autoloader\Autoloader->loadClass('App\\Controllers\\Laporan')
 4 [internal function]: spl_autoload_call('App\\Controllers\\Laporan')
 5 SYSTEMPATH\CodeIgniter.php(848): class_exists('\\App\\Controllers\\Laporan', true)
 6 SYSTEMPATH\CodeIgniter.php(455): CodeIgniter\CodeIgniter->startController()
 7 SYSTEMPATH\CodeIgniter.php(351): CodeIgniter\CodeIgniter->handleRequest(null, Object(Config\Cache), false)
 8 FCPATH\index.php(55): CodeIgniter\CodeIgniter->run()
CRITICAL - 2023-02-15 01:51:34 --> Class 'CI_Controller' not found
in APPPATH\Controllers\Laporan.php on line 2.
 1 SYSTEMPATH\Autoloader\Autoloader.php(284): include_once()
 2 SYSTEMPATH\Autoloader\Autoloader.php(261): CodeIgniter\Autoloader\Autoloader->includeFile('APPPATH\\Controllers\\Laporan.php')
 3 SYSTEMPATH\Autoloader\Autoloader.php(239): CodeIgniter\Autoloader\Autoloader->loadInNamespace('App\\Controllers\\Laporan')
 4 [internal function]: CodeIgniter\Autoloader\Autoloader->loadClass('App\\Controllers\\Laporan')
 5 [internal function]: spl_autoload_call('App\\Controllers\\Laporan')
 6 SYSTEMPATH\CodeIgniter.php(848): class_exists('\\App\\Controllers\\Laporan', true)
 7 SYSTEMPATH\CodeIgniter.php(455): CodeIgniter\CodeIgniter->startController()
 8 SYSTEMPATH\CodeIgniter.php(351): CodeIgniter\CodeIgniter->handleRequest(null, Object(Config\Cache), false)
 9 FCPATH\index.php(55): CodeIgniter\CodeIgniter->run()
CRITICAL - 2023-02-15 01:53:30 --> Class 'BaseController' not found
in APPPATH\Controllers\Laporan.php on line 2.
 1 SYSTEMPATH\Autoloader\Autoloader.php(284): include_once()
 2 SYSTEMPATH\Autoloader\Autoloader.php(261): CodeIgniter\Autoloader\Autoloader->includeFile('APPPATH\\Controllers\\Laporan.php')
 3 SYSTEMPATH\Autoloader\Autoloader.php(239): CodeIgniter\Autoloader\Autoloader->loadInNamespace('App\\Controllers\\Laporan')
 4 [internal function]: CodeIgniter\Autoloader\Autoloader->loadClass('App\\Controllers\\Laporan')
 5 [internal function]: spl_autoload_call('App\\Controllers\\Laporan')
 6 SYSTEMPATH\CodeIgniter.php(848): class_exists('\\App\\Controllers\\Laporan', true)
 7 SYSTEMPATH\CodeIgniter.php(455): CodeIgniter\CodeIgniter->startController()
 8 SYSTEMPATH\CodeIgniter.php(351): CodeIgniter\CodeIgniter->handleRequest(null, Object(Config\Cache), false)
 9 FCPATH\index.php(55): CodeIgniter\CodeIgniter->run()
CRITICAL - 2023-02-15 12:00:56 --> syntax error, unexpected 'for' (T_FOR)
in APPPATH\Models\ModelSuratMasukNew.php on line 29.
 1 SYSTEMPATH\Autoloader\Autoloader.php(261): CodeIgniter\Autoloader\Autoloader->includeFile('APPPATH\\Models\\ModelSuratMasukNew.php')
 2 SYSTEMPATH\Autoloader\Autoloader.php(239): CodeIgniter\Autoloader\Autoloader->loadInNamespace('App\\Models\\ModelSuratMasukNew')
 3 [internal function]: CodeIgniter\Autoloader\Autoloader->loadClass('App\\Models\\ModelSuratMasukNew')
 4 APPPATH\Controllers\SuratMasuk.php(20): spl_autoload_call('App\\Models\\ModelSuratMasukNew')
 5 SYSTEMPATH\CodeIgniter.php(898): App\Controllers\SuratMasuk->index()
 6 SYSTEMPATH\CodeIgniter.php(468): CodeIgniter\CodeIgniter->runController(Object(App\Controllers\SuratMasuk))
 7 SYSTEMPATH\CodeIgniter.php(351): CodeIgniter\CodeIgniter->handleRequest(null, Object(Config\Cache), false)
 8 FCPATH\index.php(55): CodeIgniter\CodeIgniter->run()
CRITICAL - 2023-02-15 12:01:59 --> syntax error, unexpected 'T_FOR' (T_STRING)
in APPPATH\Models\ModelSuratMasukNew.php on line 29.
 1 SYSTEMPATH\Autoloader\Autoloader.php(261): CodeIgniter\Autoloader\Autoloader->includeFile('APPPATH\\Models\\ModelSuratMasukNew.php')
 2 SYSTEMPATH\Autoloader\Autoloader.php(239): CodeIgniter\Autoloader\Autoloader->loadInNamespace('App\\Models\\ModelSuratMasukNew')
 3 [internal function]: CodeIgniter\Autoloader\Autoloader->loadClass('App\\Models\\ModelSuratMasukNew')
 4 APPPATH\Controllers\SuratMasuk.php(20): spl_autoload_call('App\\Models\\ModelSuratMasukNew')
 5 SYSTEMPATH\CodeIgniter.php(898): App\Controllers\SuratMasuk->index()
 6 SYSTEMPATH\CodeIgniter.php(468): CodeIgniter\CodeIgniter->runController(Object(App\Controllers\SuratMasuk))
 7 SYSTEMPATH\CodeIgniter.php(351): CodeIgniter\CodeIgniter->handleRequest(null, Object(Config\Cache), false)
 8 FCPATH\index.php(55): CodeIgniter\CodeIgniter->run()
CRITICAL - 2023-02-15 12:03:06 --> syntax error, unexpected 'T_FOR' (T_STRING)
in APPPATH\Models\ModelSuratMasukNew.php on line 29.
 1 SYSTEMPATH\Autoloader\Autoloader.php(261): CodeIgniter\Autoloader\Autoloader->includeFile('APPPATH\\Models\\ModelSuratMasukNew.php')
 2 SYSTEMPATH\Autoloader\Autoloader.php(239): CodeIgniter\Autoloader\Autoloader->loadInNamespace('App\\Models\\ModelSuratMasukNew')
 3 [internal function]: CodeIgniter\Autoloader\Autoloader->loadClass('App\\Models\\ModelSuratMasukNew')
 4 APPPATH\Controllers\SuratMasuk.php(20): spl_autoload_call('App\\Models\\ModelSuratMasukNew')
 5 SYSTEMPATH\CodeIgniter.php(898): App\Controllers\SuratMasuk->index()
 6 SYSTEMPATH\CodeIgniter.php(468): CodeIgniter\CodeIgniter->runController(Object(App\Controllers\SuratMasuk))
 7 SYSTEMPATH\CodeIgniter.php(351): CodeIgniter\CodeIgniter->handleRequest(null, Object(Config\Cache), false)
 8 FCPATH\index.php(55): CodeIgniter\CodeIgniter->run()
CRITICAL - 2023-02-15 12:03:18 --> syntax error, unexpected 'T_FOR' (T_STRING)
in APPPATH\Models\ModelSuratMasukNew.php on line 29.
 1 SYSTEMPATH\Autoloader\Autoloader.php(261): CodeIgniter\Autoloader\Autoloader->includeFile('APPPATH\\Models\\ModelSuratMasukNew.php')
 2 SYSTEMPATH\Autoloader\Autoloader.php(239): CodeIgniter\Autoloader\Autoloader->loadInNamespace('App\\Models\\ModelSuratMasukNew')
 3 [internal function]: CodeIgniter\Autoloader\Autoloader->loadClass('App\\Models\\ModelSuratMasukNew')
 4 APPPATH\Controllers\SuratMasuk.php(20): spl_autoload_call('App\\Models\\ModelSuratMasukNew')
 5 SYSTEMPATH\CodeIgniter.php(898): App\Controllers\SuratMasuk->index()
 6 SYSTEMPATH\CodeIgniter.php(468): CodeIgniter\CodeIgniter->runController(Object(App\Controllers\SuratMasuk))
 7 SYSTEMPATH\CodeIgniter.php(351): CodeIgniter\CodeIgniter->handleRequest(null, Object(Config\Cache), false)
 8 FCPATH\index.php(55): CodeIgniter\CodeIgniter->run()
CRITICAL - 2023-02-15 12:04:56 --> Class 'App\Models\ModelSuratMasuk' not found
in APPPATH\Controllers\SuratMasuk.php on line 20.
 1 SYSTEMPATH\CodeIgniter.php(898): App\Controllers\SuratMasuk->index()
 2 SYSTEMPATH\CodeIgniter.php(468): CodeIgniter\CodeIgniter->runController(Object(App\Controllers\SuratMasuk))
 3 SYSTEMPATH\CodeIgniter.php(351): CodeIgniter\CodeIgniter->handleRequest(null, Object(Config\Cache), false)
 4 FCPATH\index.php(55): CodeIgniter\CodeIgniter->run()
CRITICAL - 2023-02-15 12:06:13 --> Class 'App\Models\ModelSuratMasuk' not found
in APPPATH\Controllers\SuratMasuk.php on line 20.
 1 SYSTEMPATH\CodeIgniter.php(898): App\Controllers\SuratMasuk->index()
 2 SYSTEMPATH\CodeIgniter.php(468): CodeIgniter\CodeIgniter->runController(Object(App\Controllers\SuratMasuk))
 3 SYSTEMPATH\CodeIgniter.php(351): CodeIgniter\CodeIgniter->handleRequest(null, Object(Config\Cache), false)
 4 FCPATH\index.php(55): CodeIgniter\CodeIgniter->run()
CRITICAL - 2023-02-15 18:43:42 --> syntax error, unexpected 'get' (T_STRING), expecting ';'
in APPPATH\Models\ModelSuratMasukNew.php on line 39.
 1 SYSTEMPATH\Autoloader\Autoloader.php(261): CodeIgniter\Autoloader\Autoloader->includeFile('APPPATH\\Models\\ModelSuratMasukNew.php')
 2 SYSTEMPATH\Autoloader\Autoloader.php(239): CodeIgniter\Autoloader\Autoloader->loadInNamespace('App\\Models\\ModelSuratMasukNew')
 3 [internal function]: CodeIgniter\Autoloader\Autoloader->loadClass('App\\Models\\ModelSuratMasukNew')
 4 APPPATH\Controllers\Input.php(19): spl_autoload_call('App\\Models\\ModelSuratMasukNew')
 5 SYSTEMPATH\CodeIgniter.php(860): App\Controllers\Input->__construct()
 6 SYSTEMPATH\CodeIgniter.php(459): CodeIgniter\CodeIgniter->createController()
 7 SYSTEMPATH\CodeIgniter.php(351): CodeIgniter\CodeIgniter->handleRequest(null, Object(Config\Cache), false)
 8 FCPATH\index.php(55): CodeIgniter\CodeIgniter->run()
CRITICAL - 2023-02-15 18:44:07 --> syntax error, unexpected 'get' (T_STRING), expecting ';'
in APPPATH\Models\ModelSuratMasukNew.php on line 39.
 1 SYSTEMPATH\Autoloader\Autoloader.php(261): CodeIgniter\Autoloader\Autoloader->includeFile('APPPATH\\Models\\ModelSuratMasukNew.php')
 2 SYSTEMPATH\Autoloader\Autoloader.php(239): CodeIgniter\Autoloader\Autoloader->loadInNamespace('App\\Models\\ModelSuratMasukNew')
 3 [internal function]: CodeIgniter\Autoloader\Autoloader->loadClass('App\\Models\\ModelSuratMasukNew')
 4 APPPATH\Controllers\Input.php(19): spl_autoload_call('App\\Models\\ModelSuratMasukNew')
 5 SYSTEMPATH\CodeIgniter.php(860): App\Controllers\Input->__construct()
 6 SYSTEMPATH\CodeIgniter.php(459): CodeIgniter\CodeIgniter->createController()
 7 SYSTEMPATH\CodeIgniter.php(351): CodeIgniter\CodeIgniter->handleRequest(null, Object(Config\Cache), false)
 8 FCPATH\index.php(55): CodeIgniter\CodeIgniter->run()
CRITICAL - 2023-02-15 19:10:47 --> Cannot declare class App\Controllers\Atlet because the name is already in use
in APPPATH\Controllers\Laporan.php on line 6.
 1 [internal function]: CodeIgniter\Debug\Exceptions->shutdownHandler()
CRITICAL - 2023-02-15 19:34:11 --> syntax error, unexpected 'get' (T_STRING), expecting ';'
in APPPATH\Models\ModelSuratMasukNew.php on line 39.
 1 SYSTEMPATH\Autoloader\Autoloader.php(261): CodeIgniter\Autoloader\Autoloader->includeFile('APPPATH\\Models\\ModelSuratMasukNew.php')
 2 SYSTEMPATH\Autoloader\Autoloader.php(239): CodeIgniter\Autoloader\Autoloader->loadInNamespace('App\\Models\\ModelSuratMasukNew')
 3 [internal function]: CodeIgniter\Autoloader\Autoloader->loadClass('App\\Models\\ModelSuratMasukNew')
 4 APPPATH\Controllers\Input.php(19): spl_autoload_call('App\\Models\\ModelSuratMasukNew')
 5 SYSTEMPATH\CodeIgniter.php(860): App\Controllers\Input->__construct()
 6 SYSTEMPATH\CodeIgniter.php(459): CodeIgniter\CodeIgniter->createController()
 7 SYSTEMPATH\CodeIgniter.php(351): CodeIgniter\CodeIgniter->handleRequest(null, Object(Config\Cache), false)
 8 FCPATH\index.php(55): CodeIgniter\CodeIgniter->run()
CRITICAL - 2023-02-15 19:34:26 --> syntax error, unexpected 'get' (T_STRING), expecting ';'
in APPPATH\Models\ModelSuratMasukNew.php on line 39.
 1 SYSTEMPATH\Autoloader\Autoloader.php(261): CodeIgniter\Autoloader\Autoloader->includeFile('APPPATH\\Models\\ModelSuratMasukNew.php')
 2 SYSTEMPATH\Autoloader\Autoloader.php(239): CodeIgniter\Autoloader\Autoloader->loadInNamespace('App\\Models\\ModelSuratMasukNew')
 3 [internal function]: CodeIgniter\Autoloader\Autoloader->loadClass('App\\Models\\ModelSuratMasukNew')
 4 APPPATH\Controllers\Input.php(19): spl_autoload_call('App\\Models\\ModelSuratMasukNew')
 5 SYSTEMPATH\CodeIgniter.php(860): App\Controllers\Input->__construct()
 6 SYSTEMPATH\CodeIgniter.php(459): CodeIgniter\CodeIgniter->createController()
 7 SYSTEMPATH\CodeIgniter.php(351): CodeIgniter\CodeIgniter->handleRequest(null, Object(Config\Cache), false)
 8 FCPATH\index.php(55): CodeIgniter\CodeIgniter->run()
CRITICAL - 2023-02-15 19:34:27 --> syntax error, unexpected 'get' (T_STRING), expecting ';'
in APPPATH\Models\ModelSuratMasukNew.php on line 39.
 1 SYSTEMPATH\Autoloader\Autoloader.php(261): CodeIgniter\Autoloader\Autoloader->includeFile('APPPATH\\Models\\ModelSuratMasukNew.php')
 2 SYSTEMPATH\Autoloader\Autoloader.php(239): CodeIgniter\Autoloader\Autoloader->loadInNamespace('App\\Models\\ModelSuratMasukNew')
 3 [internal function]: CodeIgniter\Autoloader\Autoloader->loadClass('App\\Models\\ModelSuratMasukNew')
 4 APPPATH\Controllers\Input.php(19): spl_autoload_call('App\\Models\\ModelSuratMasukNew')
 5 SYSTEMPATH\CodeIgniter.php(860): App\Controllers\Input->__construct()
 6 SYSTEMPATH\CodeIgniter.php(459): CodeIgniter\CodeIgniter->createController()
 7 SYSTEMPATH\CodeIgniter.php(351): CodeIgniter\CodeIgniter->handleRequest(null, Object(Config\Cache), false)
 8 FCPATH\index.php(55): CodeIgniter\CodeIgniter->run()
CRITICAL - 2023-02-15 19:34:40 --> syntax error, unexpected 'get' (T_STRING), expecting ';'
in APPPATH\Models\ModelSuratMasukNew.php on line 39.
 1 SYSTEMPATH\Autoloader\Autoloader.php(261): CodeIgniter\Autoloader\Autoloader->includeFile('APPPATH\\Models\\ModelSuratMasukNew.php')
 2 SYSTEMPATH\Autoloader\Autoloader.php(239): CodeIgniter\Autoloader\Autoloader->loadInNamespace('App\\Models\\ModelSuratMasukNew')
 3 [internal function]: CodeIgniter\Autoloader\Autoloader->loadClass('App\\Models\\ModelSuratMasukNew')
 4 APPPATH\Controllers\Input.php(19): spl_autoload_call('App\\Models\\ModelSuratMasukNew')
 5 SYSTEMPATH\CodeIgniter.php(860): App\Controllers\Input->__construct()
 6 SYSTEMPATH\CodeIgniter.php(459): CodeIgniter\CodeIgniter->createController()
 7 SYSTEMPATH\CodeIgniter.php(351): CodeIgniter\CodeIgniter->handleRequest(null, Object(Config\Cache), false)
 8 FCPATH\index.php(55): CodeIgniter\CodeIgniter->run()
