CRITICAL - 2023-02-22 08:45:44 --> Invalid argument supplied for foreach()
in APPPATH\Views\daftar\daftarsuratmasuk.php on line 93.
 1 APPPATH\Views\daftar\daftarsuratmasuk.php(93): CodeIgniter\Debug\Exceptions->errorHandler(2, 'Invalid argument supplied for foreach()', 'APPPATH\\Views\\daftar\\daftarsuratmasuk.php', 93, [...])
 2 SYSTEMPATH\View\View.php(213): include('APPPATH\\Views\\daftar\\daftarsuratmasuk.php')
 3 SYSTEMPATH\View\View.php(216): CodeIgniter\View\View->CodeIgniter\View\{closure}()
 4 SYSTEMPATH\Common.php(1135): CodeIgniter\View\View->render('daftar/daftarsuratmasuk', [], true)
 5 APPPATH\Controllers\SuratMasuk.php(28): view('daftar/daftarsuratmasuk', [...])
 6 SYSTEMPATH\CodeIgniter.php(898): App\Controllers\SuratMasuk->index()
 7 SYSTEMPATH\CodeIgniter.php(468): CodeIgniter\CodeIgniter->runController(Object(App\Controllers\SuratMasuk))
 8 SYSTEMPATH\CodeIgniter.php(351): CodeIgniter\CodeIgniter->handleRequest(null, Object(Config\Cache), false)
 9 FCPATH\index.php(55): CodeIgniter\CodeIgniter->run()
CRITICAL - 2023-02-22 08:45:48 --> Invalid argument supplied for foreach()
in APPPATH\Views\daftar\daftarsuratmasuk.php on line 93.
 1 APPPATH\Views\daftar\daftarsuratmasuk.php(93): CodeIgniter\Debug\Exceptions->errorHandler(2, 'Invalid argument supplied for foreach()', 'APPPATH\\Views\\daftar\\daftarsuratmasuk.php', 93, [...])
 2 SYSTEMPATH\View\View.php(213): include('APPPATH\\Views\\daftar\\daftarsuratmasuk.php')
 3 SYSTEMPATH\View\View.php(216): CodeIgniter\View\View->CodeIgniter\View\{closure}()
 4 SYSTEMPATH\Common.php(1135): CodeIgniter\View\View->render('daftar/daftarsuratmasuk', [], true)
 5 APPPATH\Controllers\SuratMasuk.php(28): view('daftar/daftarsuratmasuk', [...])
 6 SYSTEMPATH\CodeIgniter.php(898): App\Controllers\SuratMasuk->index()
 7 SYSTEMPATH\CodeIgniter.php(468): CodeIgniter\CodeIgniter->runController(Object(App\Controllers\SuratMasuk))
 8 SYSTEMPATH\CodeIgniter.php(351): CodeIgniter\CodeIgniter->handleRequest(null, Object(Config\Cache), false)
 9 FCPATH\index.php(55): CodeIgniter\CodeIgniter->run()
CRITICAL - 2023-02-22 08:46:12 --> Undefined variable: tampildata
in APPPATH\Views\daftar\daftarsuratmasuk.php on line 93.
 1 APPPATH\Views\daftar\daftarsuratmasuk.php(93): CodeIgniter\Debug\Exceptions->errorHandler(8, 'Undefined variable: tampildata', 'APPPATH\\Views\\daftar\\daftarsuratmasuk.php', 93, [...])
 2 SYSTEMPATH\View\View.php(213): include('APPPATH\\Views\\daftar\\daftarsuratmasuk.php')
 3 SYSTEMPATH\View\View.php(216): CodeIgniter\View\View->CodeIgniter\View\{closure}()
 4 SYSTEMPATH\Common.php(1135): CodeIgniter\View\View->render('daftar/daftarsuratmasuk', [], true)
 5 APPPATH\Controllers\SuratMasuk.php(28): view('daftar/daftarsuratmasuk', [...])
 6 SYSTEMPATH\CodeIgniter.php(898): App\Controllers\SuratMasuk->index()
 7 SYSTEMPATH\CodeIgniter.php(468): CodeIgniter\CodeIgniter->runController(Object(App\Controllers\SuratMasuk))
 8 SYSTEMPATH\CodeIgniter.php(351): CodeIgniter\CodeIgniter->handleRequest(null, Object(Config\Cache), false)
 9 FCPATH\index.php(55): CodeIgniter\CodeIgniter->run()
CRITICAL - 2023-02-22 08:47:28 --> Cannot use object of type stdClass as array
in APPPATH\Views\daftar\daftarsuratmasuk.php on line 111.
 1 SYSTEMPATH\View\View.php(213): include()
 2 SYSTEMPATH\View\View.php(216): CodeIgniter\View\View->CodeIgniter\View\{closure}()
 3 SYSTEMPATH\Common.php(1135): CodeIgniter\View\View->render('daftar/daftarsuratmasuk', [], true)
 4 APPPATH\Controllers\SuratMasuk.php(28): view('daftar/daftarsuratmasuk', [...])
 5 SYSTEMPATH\CodeIgniter.php(898): App\Controllers\SuratMasuk->index()
 6 SYSTEMPATH\CodeIgniter.php(468): CodeIgniter\CodeIgniter->runController(Object(App\Controllers\SuratMasuk))
 7 SYSTEMPATH\CodeIgniter.php(351): CodeIgniter\CodeIgniter->handleRequest(null, Object(Config\Cache), false)
 8 FCPATH\index.php(55): CodeIgniter\CodeIgniter->run()
CRITICAL - 2023-02-22 08:47:54 --> Cannot use object of type stdClass as array
in APPPATH\Views\daftar\daftarsuratmasuk.php on line 115.
 1 SYSTEMPATH\View\View.php(213): include()
 2 SYSTEMPATH\View\View.php(216): CodeIgniter\View\View->CodeIgniter\View\{closure}()
 3 SYSTEMPATH\Common.php(1135): CodeIgniter\View\View->render('daftar/daftarsuratmasuk', [], true)
 4 APPPATH\Controllers\SuratMasuk.php(28): view('daftar/daftarsuratmasuk', [...])
 5 SYSTEMPATH\CodeIgniter.php(898): App\Controllers\SuratMasuk->index()
 6 SYSTEMPATH\CodeIgniter.php(468): CodeIgniter\CodeIgniter->runController(Object(App\Controllers\SuratMasuk))
 7 SYSTEMPATH\CodeIgniter.php(351): CodeIgniter\CodeIgniter->handleRequest(null, Object(Config\Cache), false)
 8 FCPATH\index.php(55): CodeIgniter\CodeIgniter->run()
CRITICAL - 2023-02-22 08:48:14 --> Cannot use object of type stdClass as array
in APPPATH\Views\daftar\daftarsuratmasuk.php on line 120.
 1 SYSTEMPATH\View\View.php(213): include()
 2 SYSTEMPATH\View\View.php(216): CodeIgniter\View\View->CodeIgniter\View\{closure}()
 3 SYSTEMPATH\Common.php(1135): CodeIgniter\View\View->render('daftar/daftarsuratmasuk', [], true)
 4 APPPATH\Controllers\SuratMasuk.php(28): view('daftar/daftarsuratmasuk', [...])
 5 SYSTEMPATH\CodeIgniter.php(898): App\Controllers\SuratMasuk->index()
 6 SYSTEMPATH\CodeIgniter.php(468): CodeIgniter\CodeIgniter->runController(Object(App\Controllers\SuratMasuk))
 7 SYSTEMPATH\CodeIgniter.php(351): CodeIgniter\CodeIgniter->handleRequest(null, Object(Config\Cache), false)
 8 FCPATH\index.php(55): CodeIgniter\CodeIgniter->run()
CRITICAL - 2023-02-22 08:48:16 --> Cannot use object of type stdClass as array
in APPPATH\Views\daftar\daftarsuratmasuk.php on line 120.
 1 SYSTEMPATH\View\View.php(213): include()
 2 SYSTEMPATH\View\View.php(216): CodeIgniter\View\View->CodeIgniter\View\{closure}()
 3 SYSTEMPATH\Common.php(1135): CodeIgniter\View\View->render('daftar/daftarsuratmasuk', [], true)
 4 APPPATH\Controllers\SuratMasuk.php(28): view('daftar/daftarsuratmasuk', [...])
 5 SYSTEMPATH\CodeIgniter.php(898): App\Controllers\SuratMasuk->index()
 6 SYSTEMPATH\CodeIgniter.php(468): CodeIgniter\CodeIgniter->runController(Object(App\Controllers\SuratMasuk))
 7 SYSTEMPATH\CodeIgniter.php(351): CodeIgniter\CodeIgniter->handleRequest(null, Object(Config\Cache), false)
 8 FCPATH\index.php(55): CodeIgniter\CodeIgniter->run()
CRITICAL - 2023-02-22 08:48:30 --> Cannot use object of type stdClass as array
in APPPATH\Views\daftar\daftarsuratmasuk.php on line 132.
 1 SYSTEMPATH\View\View.php(213): include()
 2 SYSTEMPATH\View\View.php(216): CodeIgniter\View\View->CodeIgniter\View\{closure}()
 3 SYSTEMPATH\Common.php(1135): CodeIgniter\View\View->render('daftar/daftarsuratmasuk', [], true)
 4 APPPATH\Controllers\SuratMasuk.php(28): view('daftar/daftarsuratmasuk', [...])
 5 SYSTEMPATH\CodeIgniter.php(898): App\Controllers\SuratMasuk->index()
 6 SYSTEMPATH\CodeIgniter.php(468): CodeIgniter\CodeIgniter->runController(Object(App\Controllers\SuratMasuk))
 7 SYSTEMPATH\CodeIgniter.php(351): CodeIgniter\CodeIgniter->handleRequest(null, Object(Config\Cache), false)
 8 FCPATH\index.php(55): CodeIgniter\CodeIgniter->run()
CRITICAL - 2023-02-22 10:00:47 --> Undefined variable: category
in APPPATH\Views\daftar\daftarsuratmasuknew.php on line 122.
 1 APPPATH\Views\daftar\daftarsuratmasuknew.php(122): CodeIgniter\Debug\Exceptions->errorHandler(8, 'Undefined variable: category', 'APPPATH\\Views\\daftar\\daftarsuratmasuknew.php', 122, [...])
 2 SYSTEMPATH\View\View.php(213): include('APPPATH\\Views\\daftar\\daftarsuratmasuknew.php')
 3 SYSTEMPATH\View\View.php(216): CodeIgniter\View\View->CodeIgniter\View\{closure}()
 4 SYSTEMPATH\Common.php(1135): CodeIgniter\View\View->render('daftar/daftarsuratmasuknew', [], true)
 5 APPPATH\Controllers\SuratMasuk.php(34): view('daftar/daftarsuratmasuknew', [...])
 6 SYSTEMPATH\CodeIgniter.php(898): App\Controllers\SuratMasuk->testing()
 7 SYSTEMPATH\CodeIgniter.php(468): CodeIgniter\CodeIgniter->runController(Object(App\Controllers\SuratMasuk))
 8 SYSTEMPATH\CodeIgniter.php(351): CodeIgniter\CodeIgniter->handleRequest(null, Object(Config\Cache), false)
 9 FCPATH\index.php(55): CodeIgniter\CodeIgniter->run()
CRITICAL - 2023-02-22 10:01:08 --> Undefined variable: category
in APPPATH\Views\daftar\daftarsuratmasuknew.php on line 122.
 1 APPPATH\Views\daftar\daftarsuratmasuknew.php(122): CodeIgniter\Debug\Exceptions->errorHandler(8, 'Undefined variable: category', 'APPPATH\\Views\\daftar\\daftarsuratmasuknew.php', 122, [...])
 2 SYSTEMPATH\View\View.php(213): include('APPPATH\\Views\\daftar\\daftarsuratmasuknew.php')
 3 SYSTEMPATH\View\View.php(216): CodeIgniter\View\View->CodeIgniter\View\{closure}()
 4 SYSTEMPATH\Common.php(1135): CodeIgniter\View\View->render('daftar/daftarsuratmasuknew', [], true)
 5 APPPATH\Controllers\SuratMasuk.php(34): view('daftar/daftarsuratmasuknew', [...])
 6 SYSTEMPATH\CodeIgniter.php(898): App\Controllers\SuratMasuk->testing()
 7 SYSTEMPATH\CodeIgniter.php(468): CodeIgniter\CodeIgniter->runController(Object(App\Controllers\SuratMasuk))
 8 SYSTEMPATH\CodeIgniter.php(351): CodeIgniter\CodeIgniter->handleRequest(null, Object(Config\Cache), false)
 9 FCPATH\index.php(55): CodeIgniter\CodeIgniter->run()
CRITICAL - 2023-02-22 10:01:09 --> Undefined variable: category
in APPPATH\Views\daftar\daftarsuratmasuknew.php on line 122.
 1 APPPATH\Views\daftar\daftarsuratmasuknew.php(122): CodeIgniter\Debug\Exceptions->errorHandler(8, 'Undefined variable: category', 'APPPATH\\Views\\daftar\\daftarsuratmasuknew.php', 122, [...])
 2 SYSTEMPATH\View\View.php(213): include('APPPATH\\Views\\daftar\\daftarsuratmasuknew.php')
 3 SYSTEMPATH\View\View.php(216): CodeIgniter\View\View->CodeIgniter\View\{closure}()
 4 SYSTEMPATH\Common.php(1135): CodeIgniter\View\View->render('daftar/daftarsuratmasuknew', [], true)
 5 APPPATH\Controllers\SuratMasuk.php(34): view('daftar/daftarsuratmasuknew', [...])
 6 SYSTEMPATH\CodeIgniter.php(898): App\Controllers\SuratMasuk->testing()
 7 SYSTEMPATH\CodeIgniter.php(468): CodeIgniter\CodeIgniter->runController(Object(App\Controllers\SuratMasuk))
 8 SYSTEMPATH\CodeIgniter.php(351): CodeIgniter\CodeIgniter->handleRequest(null, Object(Config\Cache), false)
 9 FCPATH\index.php(55): CodeIgniter\CodeIgniter->run()
CRITICAL - 2023-02-22 10:10:54 --> Undefined variable: product
in APPPATH\Views\daftar\daftarsuratmasuknew.php on line 26.
 1 APPPATH\Views\daftar\daftarsuratmasuknew.php(26): CodeIgniter\Debug\Exceptions->errorHandler(8, 'Undefined variable: product', 'APPPATH\\Views\\daftar\\daftarsuratmasuknew.php', 26, [...])
 2 SYSTEMPATH\View\View.php(213): include('APPPATH\\Views\\daftar\\daftarsuratmasuknew.php')
 3 SYSTEMPATH\View\View.php(216): CodeIgniter\View\View->CodeIgniter\View\{closure}()
 4 SYSTEMPATH\Common.php(1135): CodeIgniter\View\View->render('daftar/daftarsuratmasuknew', [], true)
 5 APPPATH\Controllers\SuratMasuk.php(34): view('daftar/daftarsuratmasuknew', [...])
 6 SYSTEMPATH\CodeIgniter.php(898): App\Controllers\SuratMasuk->testing()
 7 SYSTEMPATH\CodeIgniter.php(468): CodeIgniter\CodeIgniter->runController(Object(App\Controllers\SuratMasuk))
 8 SYSTEMPATH\CodeIgniter.php(351): CodeIgniter\CodeIgniter->handleRequest(null, Object(Config\Cache), false)
 9 FCPATH\index.php(55): CodeIgniter\CodeIgniter->run()
CRITICAL - 2023-02-22 10:11:52 --> Undefined variable: category
in APPPATH\Views\daftar\daftarsuratmasuknew.php on line 101.
 1 APPPATH\Views\daftar\daftarsuratmasuknew.php(101): CodeIgniter\Debug\Exceptions->errorHandler(8, 'Undefined variable: category', 'APPPATH\\Views\\daftar\\daftarsuratmasuknew.php', 101, [...])
 2 SYSTEMPATH\View\View.php(213): include('APPPATH\\Views\\daftar\\daftarsuratmasuknew.php')
 3 SYSTEMPATH\View\View.php(216): CodeIgniter\View\View->CodeIgniter\View\{closure}()
 4 SYSTEMPATH\Common.php(1135): CodeIgniter\View\View->render('daftar/daftarsuratmasuknew', [], true)
 5 APPPATH\Controllers\SuratMasuk.php(34): view('daftar/daftarsuratmasuknew', [...])
 6 SYSTEMPATH\CodeIgniter.php(898): App\Controllers\SuratMasuk->testing()
 7 SYSTEMPATH\CodeIgniter.php(468): CodeIgniter\CodeIgniter->runController(Object(App\Controllers\SuratMasuk))
 8 SYSTEMPATH\CodeIgniter.php(351): CodeIgniter\CodeIgniter->handleRequest(null, Object(Config\Cache), false)
 9 FCPATH\index.php(55): CodeIgniter\CodeIgniter->run()
CRITICAL - 2023-02-22 14:44:53 --> Cannot use object of type stdClass as array
in APPPATH\Views\daftar\daftarsuratmasuknew.php on line 88.
 1 SYSTEMPATH\View\View.php(213): include()
 2 SYSTEMPATH\View\View.php(216): CodeIgniter\View\View->CodeIgniter\View\{closure}()
 3 SYSTEMPATH\Common.php(1135): CodeIgniter\View\View->render('daftar/daftarsuratmasuknew', [], true)
 4 APPPATH\Controllers\SuratMasuk.php(34): view('daftar/daftarsuratmasuknew', [...])
 5 SYSTEMPATH\CodeIgniter.php(898): App\Controllers\SuratMasuk->testing()
 6 SYSTEMPATH\CodeIgniter.php(468): CodeIgniter\CodeIgniter->runController(Object(App\Controllers\SuratMasuk))
 7 SYSTEMPATH\CodeIgniter.php(351): CodeIgniter\CodeIgniter->handleRequest(null, Object(Config\Cache), false)
 8 FCPATH\index.php(55): CodeIgniter\CodeIgniter->run()
