CRITICAL - 2023-02-17 09:18:37 --> time() expects exactly 0 parameters, 1 given
in APPPATH\Views\expedisi\tampilexpedisi.php on line 26.
 1 [internal function]: CodeIgniter\Debug\Exceptions->errorHandler(2, 'time() expects exactly 0 parameters, 1 given', 'APPPATH\\Views\\expedisi\\tampilexpedisi.php', 26, [])
 2 APPPATH\Views\expedisi\tampilexpedisi.php(26): time('H:i')
 3 SYSTEMPATH\View\View.php(213): include('APPPATH\\Views\\expedisi\\tampilexpedisi.php')
 4 SYSTEMPATH\View\View.php(216): CodeIgniter\View\View->CodeIgniter\View\{closure}()
 5 SYSTEMPATH\Common.php(1135): CodeIgniter\View\View->render('expedisi/tampilexpedisi', [], true)
 6 APPPATH\Controllers\Expedisi.php(11): view('expedisi/tampilexpedisi')
 7 SYSTEMPATH\CodeIgniter.php(898): App\Controllers\Expedisi->index()
 8 SYSTEMPATH\CodeIgniter.php(468): CodeIgniter\CodeIgniter->runController(Object(App\Controllers\Expedisi))
 9 SYSTEMPATH\CodeIgniter.php(351): CodeIgniter\CodeIgniter->handleRequest(null, Object(Config\Cache), false)
10 FCPATH\index.php(55): CodeIgniter\CodeIgniter->run()
CRITICAL - 2023-02-17 09:18:46 --> time() expects exactly 0 parameters, 1 given
in APPPATH\Views\expedisi\tampilexpedisi.php on line 26.
 1 [internal function]: CodeIgniter\Debug\Exceptions->errorHandler(2, 'time() expects exactly 0 parameters, 1 given', 'APPPATH\\Views\\expedisi\\tampilexpedisi.php', 26, [])
 2 APPPATH\Views\expedisi\tampilexpedisi.php(26): time('H:i:s')
 3 SYSTEMPATH\View\View.php(213): include('APPPATH\\Views\\expedisi\\tampilexpedisi.php')
 4 SYSTEMPATH\View\View.php(216): CodeIgniter\View\View->CodeIgniter\View\{closure}()
 5 SYSTEMPATH\Common.php(1135): CodeIgniter\View\View->render('expedisi/tampilexpedisi', [], true)
 6 APPPATH\Controllers\Expedisi.php(11): view('expedisi/tampilexpedisi')
 7 SYSTEMPATH\CodeIgniter.php(898): App\Controllers\Expedisi->index()
 8 SYSTEMPATH\CodeIgniter.php(468): CodeIgniter\CodeIgniter->runController(Object(App\Controllers\Expedisi))
 9 SYSTEMPATH\CodeIgniter.php(351): CodeIgniter\CodeIgniter->handleRequest(null, Object(Config\Cache), false)
10 FCPATH\index.php(55): CodeIgniter\CodeIgniter->run()
CRITICAL - 2023-02-17 09:19:07 --> time() expects exactly 0 parameters, 1 given
in APPPATH\Views\expedisi\tampilexpedisi.php on line 26.
 1 [internal function]: CodeIgniter\Debug\Exceptions->errorHandler(2, 'time() expects exactly 0 parameters, 1 given', 'APPPATH\\Views\\expedisi\\tampilexpedisi.php', 26, [])
 2 APPPATH\Views\expedisi\tampilexpedisi.php(26): time('ROOTPATH\\public')
 3 SYSTEMPATH\View\View.php(213): include('APPPATH\\Views\\expedisi\\tampilexpedisi.php')
 4 SYSTEMPATH\View\View.php(216): CodeIgniter\View\View->CodeIgniter\View\{closure}()
 5 SYSTEMPATH\Common.php(1135): CodeIgniter\View\View->render('expedisi/tampilexpedisi', [], true)
 6 APPPATH\Controllers\Expedisi.php(11): view('expedisi/tampilexpedisi')
 7 SYSTEMPATH\CodeIgniter.php(898): App\Controllers\Expedisi->index()
 8 SYSTEMPATH\CodeIgniter.php(468): CodeIgniter\CodeIgniter->runController(Object(App\Controllers\Expedisi))
 9 SYSTEMPATH\CodeIgniter.php(351): CodeIgniter\CodeIgniter->handleRequest(null, Object(Config\Cache), false)
10 FCPATH\index.php(55): CodeIgniter\CodeIgniter->run()
CRITICAL - 2023-02-17 09:21:21 --> time() expects exactly 0 parameters, 1 given
in APPPATH\Views\expedisi\tampilexpedisi.php on line 26.
 1 [internal function]: CodeIgniter\Debug\Exceptions->errorHandler(2, 'time() expects exactly 0 parameters, 1 given', 'APPPATH\\Views\\expedisi\\tampilexpedisi.php', 26, [])
 2 APPPATH\Views\expedisi\tampilexpedisi.php(26): time('hh:mm')
 3 SYSTEMPATH\View\View.php(213): include('APPPATH\\Views\\expedisi\\tampilexpedisi.php')
 4 SYSTEMPATH\View\View.php(216): CodeIgniter\View\View->CodeIgniter\View\{closure}()
 5 SYSTEMPATH\Common.php(1135): CodeIgniter\View\View->render('expedisi/tampilexpedisi', [], true)
 6 APPPATH\Controllers\Expedisi.php(11): view('expedisi/tampilexpedisi')
 7 SYSTEMPATH\CodeIgniter.php(898): App\Controllers\Expedisi->index()
 8 SYSTEMPATH\CodeIgniter.php(468): CodeIgniter\CodeIgniter->runController(Object(App\Controllers\Expedisi))
 9 SYSTEMPATH\CodeIgniter.php(351): CodeIgniter\CodeIgniter->handleRequest(null, Object(Config\Cache), false)
10 FCPATH\index.php(55): CodeIgniter\CodeIgniter->run()
CRITICAL - 2023-02-17 09:23:44 --> time() expects exactly 0 parameters, 1 given
in APPPATH\Views\expedisi\tampilexpedisi.php on line 26.
 1 [internal function]: CodeIgniter\Debug\Exceptions->errorHandler(2, 'time() expects exactly 0 parameters, 1 given', 'APPPATH\\Views\\expedisi\\tampilexpedisi.php', 26, [])
 2 APPPATH\Views\expedisi\tampilexpedisi.php(26): time('h:i')
 3 SYSTEMPATH\View\View.php(213): include('APPPATH\\Views\\expedisi\\tampilexpedisi.php')
 4 SYSTEMPATH\View\View.php(216): CodeIgniter\View\View->CodeIgniter\View\{closure}()
 5 SYSTEMPATH\Common.php(1135): CodeIgniter\View\View->render('expedisi/tampilexpedisi', [], true)
 6 APPPATH\Controllers\Expedisi.php(11): view('expedisi/tampilexpedisi')
 7 SYSTEMPATH\CodeIgniter.php(898): App\Controllers\Expedisi->index()
 8 SYSTEMPATH\CodeIgniter.php(468): CodeIgniter\CodeIgniter->runController(Object(App\Controllers\Expedisi))
 9 SYSTEMPATH\CodeIgniter.php(351): CodeIgniter\CodeIgniter->handleRequest(null, Object(Config\Cache), false)
10 FCPATH\index.php(55): CodeIgniter\CodeIgniter->run()
CRITICAL - 2023-02-17 09:23:52 --> time() expects exactly 0 parameters, 1 given
in APPPATH\Views\expedisi\tampilexpedisi.php on line 26.
 1 [internal function]: CodeIgniter\Debug\Exceptions->errorHandler(2, 'time() expects exactly 0 parameters, 1 given', 'APPPATH\\Views\\expedisi\\tampilexpedisi.php', 26, [])
 2 APPPATH\Views\expedisi\tampilexpedisi.php(26): time('h:i:s')
 3 SYSTEMPATH\View\View.php(213): include('APPPATH\\Views\\expedisi\\tampilexpedisi.php')
 4 SYSTEMPATH\View\View.php(216): CodeIgniter\View\View->CodeIgniter\View\{closure}()
 5 SYSTEMPATH\Common.php(1135): CodeIgniter\View\View->render('expedisi/tampilexpedisi', [], true)
 6 APPPATH\Controllers\Expedisi.php(11): view('expedisi/tampilexpedisi')
 7 SYSTEMPATH\CodeIgniter.php(898): App\Controllers\Expedisi->index()
 8 SYSTEMPATH\CodeIgniter.php(468): CodeIgniter\CodeIgniter->runController(Object(App\Controllers\Expedisi))
 9 SYSTEMPATH\CodeIgniter.php(351): CodeIgniter\CodeIgniter->handleRequest(null, Object(Config\Cache), false)
10 FCPATH\index.php(55): CodeIgniter\CodeIgniter->run()
CRITICAL - 2023-02-17 09:23:58 --> time() expects exactly 0 parameters, 1 given
in APPPATH\Views\expedisi\tampilexpedisi.php on line 26.
 1 [internal function]: CodeIgniter\Debug\Exceptions->errorHandler(2, 'time() expects exactly 0 parameters, 1 given', 'APPPATH\\Views\\expedisi\\tampilexpedisi.php', 26, [])
 2 APPPATH\Views\expedisi\tampilexpedisi.php(26): time('h:i:s')
 3 SYSTEMPATH\View\View.php(213): include('APPPATH\\Views\\expedisi\\tampilexpedisi.php')
 4 SYSTEMPATH\View\View.php(216): CodeIgniter\View\View->CodeIgniter\View\{closure}()
 5 SYSTEMPATH\Common.php(1135): CodeIgniter\View\View->render('expedisi/tampilexpedisi', [], true)
 6 APPPATH\Controllers\Expedisi.php(11): view('expedisi/tampilexpedisi')
 7 SYSTEMPATH\CodeIgniter.php(898): App\Controllers\Expedisi->index()
 8 SYSTEMPATH\CodeIgniter.php(468): CodeIgniter\CodeIgniter->runController(Object(App\Controllers\Expedisi))
 9 SYSTEMPATH\CodeIgniter.php(351): CodeIgniter\CodeIgniter->handleRequest(null, Object(Config\Cache), false)
10 FCPATH\index.php(55): CodeIgniter\CodeIgniter->run()
CRITICAL - 2023-02-17 09:52:08 --> time() expects exactly 0 parameters, 1 given
in APPPATH\Views\expedisi\tampilexpedisi.php on line 26.
 1 [internal function]: CodeIgniter\Debug\Exceptions->errorHandler(2, 'time() expects exactly 0 parameters, 1 given', 'APPPATH\\Views\\expedisi\\tampilexpedisi.php', 26, [])
 2 APPPATH\Views\expedisi\tampilexpedisi.php(26): time('h:i:s')
 3 SYSTEMPATH\View\View.php(213): include('APPPATH\\Views\\expedisi\\tampilexpedisi.php')
 4 SYSTEMPATH\View\View.php(216): CodeIgniter\View\View->CodeIgniter\View\{closure}()
 5 SYSTEMPATH\Common.php(1135): CodeIgniter\View\View->render('expedisi/tampilexpedisi', [], true)
 6 APPPATH\Controllers\Expedisi.php(11): view('expedisi/tampilexpedisi')
 7 SYSTEMPATH\CodeIgniter.php(898): App\Controllers\Expedisi->index()
 8 SYSTEMPATH\CodeIgniter.php(468): CodeIgniter\CodeIgniter->runController(Object(App\Controllers\Expedisi))
 9 SYSTEMPATH\CodeIgniter.php(351): CodeIgniter\CodeIgniter->handleRequest(null, Object(Config\Cache), false)
10 FCPATH\index.php(55): CodeIgniter\CodeIgniter->run()
CRITICAL - 2023-02-17 11:05:16 --> Class 'App\Controllers\ModelSuratMasukNew' not found
in APPPATH\Controllers\Main.php on line 12.
 1 SYSTEMPATH\CodeIgniter.php(860): App\Controllers\Main->__construct()
 2 SYSTEMPATH\CodeIgniter.php(459): CodeIgniter\CodeIgniter->createController()
 3 SYSTEMPATH\CodeIgniter.php(351): CodeIgniter\CodeIgniter->handleRequest(null, Object(Config\Cache), false)
 4 FCPATH\index.php(55): CodeIgniter\CodeIgniter->run()
CRITICAL - 2023-02-17 11:08:08 --> Undefined variable: tampildatahariini
in APPPATH\Views\daftar\daftarsuratmasukhariini.php on line 97.
 1 APPPATH\Views\daftar\daftarsuratmasukhariini.php(97): CodeIgniter\Debug\Exceptions->errorHandler(8, 'Undefined variable: tampildatahariini', 'APPPATH\\Views\\daftar\\daftarsuratmasukhariini.php', 97, [...])
 2 SYSTEMPATH\View\View.php(213): include('APPPATH\\Views\\daftar\\daftarsuratmasukhariini.php')
 3 SYSTEMPATH\View\View.php(216): CodeIgniter\View\View->CodeIgniter\View\{closure}()
 4 SYSTEMPATH\Common.php(1135): CodeIgniter\View\View->render('daftar/daftarsuratmasukhariini', [], true)
 5 APPPATH\Controllers\Main.php(28): view('daftar/daftarsuratmasukhariini', [...])
 6 SYSTEMPATH\CodeIgniter.php(898): App\Controllers\Main->surathariini()
 7 SYSTEMPATH\CodeIgniter.php(468): CodeIgniter\CodeIgniter->runController(Object(App\Controllers\Main))
 8 SYSTEMPATH\CodeIgniter.php(351): CodeIgniter\CodeIgniter->handleRequest(null, Object(Config\Cache), false)
 9 FCPATH\index.php(55): CodeIgniter\CodeIgniter->run()
CRITICAL - 2023-02-17 14:36:17 --> Invalid argument supplied for foreach()
in APPPATH\Views\daftar\daftarsuratmasukhariini.php on line 97.
 1 APPPATH\Views\daftar\daftarsuratmasukhariini.php(97): CodeIgniter\Debug\Exceptions->errorHandler(2, 'Invalid argument supplied for foreach()', 'APPPATH\\Views\\daftar\\daftarsuratmasukhariini.php', 97, [...])
 2 SYSTEMPATH\View\View.php(213): include('APPPATH\\Views\\daftar\\daftarsuratmasukhariini.php')
 3 SYSTEMPATH\View\View.php(216): CodeIgniter\View\View->CodeIgniter\View\{closure}()
 4 SYSTEMPATH\Common.php(1135): CodeIgniter\View\View->render('daftar/daftarsuratmasukhariini', [], true)
 5 APPPATH\Controllers\Main.php(28): view('daftar/daftarsuratmasukhariini', [...])
 6 SYSTEMPATH\CodeIgniter.php(898): App\Controllers\Main->surathariini()
 7 SYSTEMPATH\CodeIgniter.php(468): CodeIgniter\CodeIgniter->runController(Object(App\Controllers\Main))
 8 SYSTEMPATH\CodeIgniter.php(351): CodeIgniter\CodeIgniter->handleRequest(null, Object(Config\Cache), false)
 9 FCPATH\index.php(55): CodeIgniter\CodeIgniter->run()
CRITICAL - 2023-02-17 14:36:24 --> Invalid argument supplied for foreach()
in APPPATH\Views\daftar\daftarsuratmasukhariini.php on line 97.
 1 APPPATH\Views\daftar\daftarsuratmasukhariini.php(97): CodeIgniter\Debug\Exceptions->errorHandler(2, 'Invalid argument supplied for foreach()', 'APPPATH\\Views\\daftar\\daftarsuratmasukhariini.php', 97, [...])
 2 SYSTEMPATH\View\View.php(213): include('APPPATH\\Views\\daftar\\daftarsuratmasukhariini.php')
 3 SYSTEMPATH\View\View.php(216): CodeIgniter\View\View->CodeIgniter\View\{closure}()
 4 SYSTEMPATH\Common.php(1135): CodeIgniter\View\View->render('daftar/daftarsuratmasukhariini', [], true)
 5 APPPATH\Controllers\Main.php(28): view('daftar/daftarsuratmasukhariini', [...])
 6 SYSTEMPATH\CodeIgniter.php(898): App\Controllers\Main->surathariini()
 7 SYSTEMPATH\CodeIgniter.php(468): CodeIgniter\CodeIgniter->runController(Object(App\Controllers\Main))
 8 SYSTEMPATH\CodeIgniter.php(351): CodeIgniter\CodeIgniter->handleRequest(null, Object(Config\Cache), false)
 9 FCPATH\index.php(55): CodeIgniter\CodeIgniter->run()
CRITICAL - 2023-02-17 14:36:24 --> Invalid argument supplied for foreach()
in APPPATH\Views\daftar\daftarsuratmasukhariini.php on line 97.
 1 APPPATH\Views\daftar\daftarsuratmasukhariini.php(97): CodeIgniter\Debug\Exceptions->errorHandler(2, 'Invalid argument supplied for foreach()', 'APPPATH\\Views\\daftar\\daftarsuratmasukhariini.php', 97, [...])
 2 SYSTEMPATH\View\View.php(213): include('APPPATH\\Views\\daftar\\daftarsuratmasukhariini.php')
 3 SYSTEMPATH\View\View.php(216): CodeIgniter\View\View->CodeIgniter\View\{closure}()
 4 SYSTEMPATH\Common.php(1135): CodeIgniter\View\View->render('daftar/daftarsuratmasukhariini', [], true)
 5 APPPATH\Controllers\Main.php(28): view('daftar/daftarsuratmasukhariini', [...])
 6 SYSTEMPATH\CodeIgniter.php(898): App\Controllers\Main->surathariini()
 7 SYSTEMPATH\CodeIgniter.php(468): CodeIgniter\CodeIgniter->runController(Object(App\Controllers\Main))
 8 SYSTEMPATH\CodeIgniter.php(351): CodeIgniter\CodeIgniter->handleRequest(null, Object(Config\Cache), false)
 9 FCPATH\index.php(55): CodeIgniter\CodeIgniter->run()
CRITICAL - 2023-02-17 14:36:25 --> Invalid argument supplied for foreach()
in APPPATH\Views\daftar\daftarsuratmasukhariini.php on line 97.
 1 APPPATH\Views\daftar\daftarsuratmasukhariini.php(97): CodeIgniter\Debug\Exceptions->errorHandler(2, 'Invalid argument supplied for foreach()', 'APPPATH\\Views\\daftar\\daftarsuratmasukhariini.php', 97, [...])
 2 SYSTEMPATH\View\View.php(213): include('APPPATH\\Views\\daftar\\daftarsuratmasukhariini.php')
 3 SYSTEMPATH\View\View.php(216): CodeIgniter\View\View->CodeIgniter\View\{closure}()
 4 SYSTEMPATH\Common.php(1135): CodeIgniter\View\View->render('daftar/daftarsuratmasukhariini', [], true)
 5 APPPATH\Controllers\Main.php(28): view('daftar/daftarsuratmasukhariini', [...])
 6 SYSTEMPATH\CodeIgniter.php(898): App\Controllers\Main->surathariini()
 7 SYSTEMPATH\CodeIgniter.php(468): CodeIgniter\CodeIgniter->runController(Object(App\Controllers\Main))
 8 SYSTEMPATH\CodeIgniter.php(351): CodeIgniter\CodeIgniter->handleRequest(null, Object(Config\Cache), false)
 9 FCPATH\index.php(55): CodeIgniter\CodeIgniter->run()
CRITICAL - 2023-02-17 14:36:26 --> Invalid argument supplied for foreach()
in APPPATH\Views\daftar\daftarsuratmasukhariini.php on line 97.
 1 APPPATH\Views\daftar\daftarsuratmasukhariini.php(97): CodeIgniter\Debug\Exceptions->errorHandler(2, 'Invalid argument supplied for foreach()', 'APPPATH\\Views\\daftar\\daftarsuratmasukhariini.php', 97, [...])
 2 SYSTEMPATH\View\View.php(213): include('APPPATH\\Views\\daftar\\daftarsuratmasukhariini.php')
 3 SYSTEMPATH\View\View.php(216): CodeIgniter\View\View->CodeIgniter\View\{closure}()
 4 SYSTEMPATH\Common.php(1135): CodeIgniter\View\View->render('daftar/daftarsuratmasukhariini', [], true)
 5 APPPATH\Controllers\Main.php(28): view('daftar/daftarsuratmasukhariini', [...])
 6 SYSTEMPATH\CodeIgniter.php(898): App\Controllers\Main->surathariini()
 7 SYSTEMPATH\CodeIgniter.php(468): CodeIgniter\CodeIgniter->runController(Object(App\Controllers\Main))
 8 SYSTEMPATH\CodeIgniter.php(351): CodeIgniter\CodeIgniter->handleRequest(null, Object(Config\Cache), false)
 9 FCPATH\index.php(55): CodeIgniter\CodeIgniter->run()
CRITICAL - 2023-02-17 14:36:32 --> Invalid argument supplied for foreach()
in APPPATH\Views\daftar\daftarsuratmasukhariini.php on line 97.
 1 APPPATH\Views\daftar\daftarsuratmasukhariini.php(97): CodeIgniter\Debug\Exceptions->errorHandler(2, 'Invalid argument supplied for foreach()', 'APPPATH\\Views\\daftar\\daftarsuratmasukhariini.php', 97, [...])
 2 SYSTEMPATH\View\View.php(213): include('APPPATH\\Views\\daftar\\daftarsuratmasukhariini.php')
 3 SYSTEMPATH\View\View.php(216): CodeIgniter\View\View->CodeIgniter\View\{closure}()
 4 SYSTEMPATH\Common.php(1135): CodeIgniter\View\View->render('daftar/daftarsuratmasukhariini', [], true)
 5 APPPATH\Controllers\Main.php(28): view('daftar/daftarsuratmasukhariini', [...])
 6 SYSTEMPATH\CodeIgniter.php(898): App\Controllers\Main->surathariini()
 7 SYSTEMPATH\CodeIgniter.php(468): CodeIgniter\CodeIgniter->runController(Object(App\Controllers\Main))
 8 SYSTEMPATH\CodeIgniter.php(351): CodeIgniter\CodeIgniter->handleRequest(null, Object(Config\Cache), false)
 9 FCPATH\index.php(55): CodeIgniter\CodeIgniter->run()
