CRITICAL - 2023-02-09 04:08:42 --> Undefined variable: id_surat
in APPPATH\Views\input\inputsurat.php on line 26.
 1 APPPATH\Views\input\inputsurat.php(26): CodeIgniter\Debug\Exceptions->errorHandler(8, 'Undefined variable: id_surat', 'APPPATH\\Views\\input\\inputsurat.php', 26, [])
 2 SYSTEMPATH\View\View.php(213): include('APPPATH\\Views\\input\\inputsurat.php')
 3 SYSTEMPATH\View\View.php(216): CodeIgniter\View\View->CodeIgniter\View\{closure}()
 4 SYSTEMPATH\Common.php(1135): CodeIgniter\View\View->render('input/inputsurat', [], true)
 5 APPPATH\Controllers\Input.php(11): view('input/inputsurat')
 6 SYSTEMPATH\CodeIgniter.php(898): App\Controllers\Input->index()
 7 SYSTEMPATH\CodeIgniter.php(468): CodeIgniter\CodeIgniter->runController(Object(App\Controllers\Input))
 8 SYSTEMPATH\CodeIgniter.php(351): CodeIgniter\CodeIgniter->handleRequest(null, Object(Config\Cache), false)
 9 FCPATH\index.php(55): CodeIgniter\CodeIgniter->run()
CRITICAL - 2023-02-09 05:17:13 --> Undefined variable: nosurat
in APPPATH\Views\input\inputsurat.php on line 26.
 1 APPPATH\Views\input\inputsurat.php(26): CodeIgniter\Debug\Exceptions->errorHandler(8, 'Undefined variable: nosurat', 'APPPATH\\Views\\input\\inputsurat.php', 26, [])
 2 SYSTEMPATH\View\View.php(213): include('APPPATH\\Views\\input\\inputsurat.php')
 3 SYSTEMPATH\View\View.php(216): CodeIgniter\View\View->CodeIgniter\View\{closure}()
 4 SYSTEMPATH\Common.php(1135): CodeIgniter\View\View->render('input/inputsurat', [], true)
 5 APPPATH\Controllers\Input.php(11): view('input/inputsurat')
 6 SYSTEMPATH\CodeIgniter.php(898): App\Controllers\Input->index()
 7 SYSTEMPATH\CodeIgniter.php(468): CodeIgniter\CodeIgniter->runController(Object(App\Controllers\Input))
 8 SYSTEMPATH\CodeIgniter.php(351): CodeIgniter\CodeIgniter->handleRequest(null, Object(Config\Cache), false)
 9 FCPATH\index.php(55): CodeIgniter\CodeIgniter->run()
CRITICAL - 2023-02-09 05:18:08 --> Undefined variable: nosurat
in APPPATH\Views\input\inputsurat.php on line 26.
 1 APPPATH\Views\input\inputsurat.php(26): CodeIgniter\Debug\Exceptions->errorHandler(8, 'Undefined variable: nosurat', 'APPPATH\\Views\\input\\inputsurat.php', 26, [])
 2 SYSTEMPATH\View\View.php(213): include('APPPATH\\Views\\input\\inputsurat.php')
 3 SYSTEMPATH\View\View.php(216): CodeIgniter\View\View->CodeIgniter\View\{closure}()
 4 SYSTEMPATH\Common.php(1135): CodeIgniter\View\View->render('input/inputsurat', [], true)
 5 APPPATH\Controllers\Input.php(11): view('input/inputsurat')
 6 SYSTEMPATH\CodeIgniter.php(898): App\Controllers\Input->index()
 7 SYSTEMPATH\CodeIgniter.php(468): CodeIgniter\CodeIgniter->runController(Object(App\Controllers\Input))
 8 SYSTEMPATH\CodeIgniter.php(351): CodeIgniter\CodeIgniter->handleRequest(null, Object(Config\Cache), false)
 9 FCPATH\index.php(55): CodeIgniter\CodeIgniter->run()
CRITICAL - 2023-02-09 05:19:31 --> Undefined variable: nosurat
in APPPATH\Views\input\inputsurat.php on line 26.
 1 APPPATH\Views\input\inputsurat.php(26): CodeIgniter\Debug\Exceptions->errorHandler(8, 'Undefined variable: nosurat', 'APPPATH\\Views\\input\\inputsurat.php', 26, [])
 2 SYSTEMPATH\View\View.php(213): include('APPPATH\\Views\\input\\inputsurat.php')
 3 SYSTEMPATH\View\View.php(216): CodeIgniter\View\View->CodeIgniter\View\{closure}()
 4 SYSTEMPATH\Common.php(1135): CodeIgniter\View\View->render('input/inputsurat', [], true)
 5 APPPATH\Controllers\Input.php(11): view('input/inputsurat')
 6 SYSTEMPATH\CodeIgniter.php(898): App\Controllers\Input->index()
 7 SYSTEMPATH\CodeIgniter.php(468): CodeIgniter\CodeIgniter->runController(Object(App\Controllers\Input))
 8 SYSTEMPATH\CodeIgniter.php(351): CodeIgniter\CodeIgniter->handleRequest(null, Object(Config\Cache), false)
 9 FCPATH\index.php(55): CodeIgniter\CodeIgniter->run()
CRITICAL - 2023-02-09 05:19:32 --> Undefined variable: nosurat
in APPPATH\Views\input\inputsurat.php on line 26.
 1 APPPATH\Views\input\inputsurat.php(26): CodeIgniter\Debug\Exceptions->errorHandler(8, 'Undefined variable: nosurat', 'APPPATH\\Views\\input\\inputsurat.php', 26, [])
 2 SYSTEMPATH\View\View.php(213): include('APPPATH\\Views\\input\\inputsurat.php')
 3 SYSTEMPATH\View\View.php(216): CodeIgniter\View\View->CodeIgniter\View\{closure}()
 4 SYSTEMPATH\Common.php(1135): CodeIgniter\View\View->render('input/inputsurat', [], true)
 5 APPPATH\Controllers\Input.php(11): view('input/inputsurat')
 6 SYSTEMPATH\CodeIgniter.php(898): App\Controllers\Input->index()
 7 SYSTEMPATH\CodeIgniter.php(468): CodeIgniter\CodeIgniter->runController(Object(App\Controllers\Input))
 8 SYSTEMPATH\CodeIgniter.php(351): CodeIgniter\CodeIgniter->handleRequest(null, Object(Config\Cache), false)
 9 FCPATH\index.php(55): CodeIgniter\CodeIgniter->run()
CRITICAL - 2023-02-09 05:21:20 --> Undefined variable: nosurat
in APPPATH\Views\input\inputsurat.php on line 26.
 1 APPPATH\Views\input\inputsurat.php(26): CodeIgniter\Debug\Exceptions->errorHandler(8, 'Undefined variable: nosurat', 'APPPATH\\Views\\input\\inputsurat.php', 26, [])
 2 SYSTEMPATH\View\View.php(213): include('APPPATH\\Views\\input\\inputsurat.php')
 3 SYSTEMPATH\View\View.php(216): CodeIgniter\View\View->CodeIgniter\View\{closure}()
 4 SYSTEMPATH\Common.php(1135): CodeIgniter\View\View->render('input/inputsurat', [], true)
 5 APPPATH\Controllers\Input.php(11): view('input/inputsurat')
 6 SYSTEMPATH\CodeIgniter.php(898): App\Controllers\Input->index()
 7 SYSTEMPATH\CodeIgniter.php(468): CodeIgniter\CodeIgniter->runController(Object(App\Controllers\Input))
 8 SYSTEMPATH\CodeIgniter.php(351): CodeIgniter\CodeIgniter->handleRequest(null, Object(Config\Cache), false)
 9 FCPATH\index.php(55): CodeIgniter\CodeIgniter->run()
CRITICAL - 2023-02-09 05:24:21 --> Undefined variable: nosurat
in APPPATH\Views\input\inputsurat.php on line 26.
 1 APPPATH\Views\input\inputsurat.php(26): CodeIgniter\Debug\Exceptions->errorHandler(8, 'Undefined variable: nosurat', 'APPPATH\\Views\\input\\inputsurat.php', 26, [])
 2 SYSTEMPATH\View\View.php(213): include('APPPATH\\Views\\input\\inputsurat.php')
 3 SYSTEMPATH\View\View.php(216): CodeIgniter\View\View->CodeIgniter\View\{closure}()
 4 SYSTEMPATH\Common.php(1135): CodeIgniter\View\View->render('input/inputsurat', [], true)
 5 APPPATH\Controllers\Input.php(11): view('input/inputsurat')
 6 SYSTEMPATH\CodeIgniter.php(898): App\Controllers\Input->index()
 7 SYSTEMPATH\CodeIgniter.php(468): CodeIgniter\CodeIgniter->runController(Object(App\Controllers\Input))
 8 SYSTEMPATH\CodeIgniter.php(351): CodeIgniter\CodeIgniter->handleRequest(null, Object(Config\Cache), false)
 9 FCPATH\index.php(55): CodeIgniter\CodeIgniter->run()
CRITICAL - 2023-02-09 05:24:22 --> Undefined variable: nosurat
in APPPATH\Views\input\inputsurat.php on line 26.
 1 APPPATH\Views\input\inputsurat.php(26): CodeIgniter\Debug\Exceptions->errorHandler(8, 'Undefined variable: nosurat', 'APPPATH\\Views\\input\\inputsurat.php', 26, [])
 2 SYSTEMPATH\View\View.php(213): include('APPPATH\\Views\\input\\inputsurat.php')
 3 SYSTEMPATH\View\View.php(216): CodeIgniter\View\View->CodeIgniter\View\{closure}()
 4 SYSTEMPATH\Common.php(1135): CodeIgniter\View\View->render('input/inputsurat', [], true)
 5 APPPATH\Controllers\Input.php(11): view('input/inputsurat')
 6 SYSTEMPATH\CodeIgniter.php(898): App\Controllers\Input->index()
 7 SYSTEMPATH\CodeIgniter.php(468): CodeIgniter\CodeIgniter->runController(Object(App\Controllers\Input))
 8 SYSTEMPATH\CodeIgniter.php(351): CodeIgniter\CodeIgniter->handleRequest(null, Object(Config\Cache), false)
 9 FCPATH\index.php(55): CodeIgniter\CodeIgniter->run()
CRITICAL - 2023-02-09 05:24:23 --> Undefined variable: nosurat
in APPPATH\Views\input\inputsurat.php on line 26.
 1 APPPATH\Views\input\inputsurat.php(26): CodeIgniter\Debug\Exceptions->errorHandler(8, 'Undefined variable: nosurat', 'APPPATH\\Views\\input\\inputsurat.php', 26, [])
 2 SYSTEMPATH\View\View.php(213): include('APPPATH\\Views\\input\\inputsurat.php')
 3 SYSTEMPATH\View\View.php(216): CodeIgniter\View\View->CodeIgniter\View\{closure}()
 4 SYSTEMPATH\Common.php(1135): CodeIgniter\View\View->render('input/inputsurat', [], true)
 5 APPPATH\Controllers\Input.php(11): view('input/inputsurat')
 6 SYSTEMPATH\CodeIgniter.php(898): App\Controllers\Input->index()
 7 SYSTEMPATH\CodeIgniter.php(468): CodeIgniter\CodeIgniter->runController(Object(App\Controllers\Input))
 8 SYSTEMPATH\CodeIgniter.php(351): CodeIgniter\CodeIgniter->handleRequest(null, Object(Config\Cache), false)
 9 FCPATH\index.php(55): CodeIgniter\CodeIgniter->run()
CRITICAL - 2023-02-09 05:24:24 --> Undefined variable: nosurat
in APPPATH\Views\input\inputsurat.php on line 26.
 1 APPPATH\Views\input\inputsurat.php(26): CodeIgniter\Debug\Exceptions->errorHandler(8, 'Undefined variable: nosurat', 'APPPATH\\Views\\input\\inputsurat.php', 26, [])
 2 SYSTEMPATH\View\View.php(213): include('APPPATH\\Views\\input\\inputsurat.php')
 3 SYSTEMPATH\View\View.php(216): CodeIgniter\View\View->CodeIgniter\View\{closure}()
 4 SYSTEMPATH\Common.php(1135): CodeIgniter\View\View->render('input/inputsurat', [], true)
 5 APPPATH\Controllers\Input.php(11): view('input/inputsurat')
 6 SYSTEMPATH\CodeIgniter.php(898): App\Controllers\Input->index()
 7 SYSTEMPATH\CodeIgniter.php(468): CodeIgniter\CodeIgniter->runController(Object(App\Controllers\Input))
 8 SYSTEMPATH\CodeIgniter.php(351): CodeIgniter\CodeIgniter->handleRequest(null, Object(Config\Cache), false)
 9 FCPATH\index.php(55): CodeIgniter\CodeIgniter->run()
CRITICAL - 2023-02-09 19:28:31 --> Undefined variable: nosurat
in APPPATH\Views\input\inputsurat.php on line 26.
 1 APPPATH\Views\input\inputsurat.php(26): CodeIgniter\Debug\Exceptions->errorHandler(8, 'Undefined variable: nosurat', 'APPPATH\\Views\\input\\inputsurat.php', 26, [])
 2 SYSTEMPATH\View\View.php(213): include('APPPATH\\Views\\input\\inputsurat.php')
 3 SYSTEMPATH\View\View.php(216): CodeIgniter\View\View->CodeIgniter\View\{closure}()
 4 SYSTEMPATH\Common.php(1135): CodeIgniter\View\View->render('input/inputsurat', [], true)
 5 APPPATH\Controllers\Input.php(11): view('input/inputsurat')
 6 SYSTEMPATH\CodeIgniter.php(898): App\Controllers\Input->index()
 7 SYSTEMPATH\CodeIgniter.php(468): CodeIgniter\CodeIgniter->runController(Object(App\Controllers\Input))
 8 SYSTEMPATH\CodeIgniter.php(351): CodeIgniter\CodeIgniter->handleRequest(null, Object(Config\Cache), false)
 9 FCPATH\index.php(55): CodeIgniter\CodeIgniter->run()
CRITICAL - 2023-02-09 19:28:47 --> Undefined variable: nosurat
in APPPATH\Views\input\inputsurat.php on line 26.
 1 APPPATH\Views\input\inputsurat.php(26): CodeIgniter\Debug\Exceptions->errorHandler(8, 'Undefined variable: nosurat', 'APPPATH\\Views\\input\\inputsurat.php', 26, [])
 2 SYSTEMPATH\View\View.php(213): include('APPPATH\\Views\\input\\inputsurat.php')
 3 SYSTEMPATH\View\View.php(216): CodeIgniter\View\View->CodeIgniter\View\{closure}()
 4 SYSTEMPATH\Common.php(1135): CodeIgniter\View\View->render('input/inputsurat', [], true)
 5 APPPATH\Controllers\Input.php(11): view('input/inputsurat')
 6 SYSTEMPATH\CodeIgniter.php(898): App\Controllers\Input->index()
 7 SYSTEMPATH\CodeIgniter.php(468): CodeIgniter\CodeIgniter->runController(Object(App\Controllers\Input))
 8 SYSTEMPATH\CodeIgniter.php(351): CodeIgniter\CodeIgniter->handleRequest(null, Object(Config\Cache), false)
 9 FCPATH\index.php(55): CodeIgniter\CodeIgniter->run()
CRITICAL - 2023-02-09 19:29:13 --> Undefined variable: noSurat
in APPPATH\Views\input\inputsurat.php on line 26.
 1 APPPATH\Views\input\inputsurat.php(26): CodeIgniter\Debug\Exceptions->errorHandler(8, 'Undefined variable: noSurat', 'APPPATH\\Views\\input\\inputsurat.php', 26, [])
 2 SYSTEMPATH\View\View.php(213): include('APPPATH\\Views\\input\\inputsurat.php')
 3 SYSTEMPATH\View\View.php(216): CodeIgniter\View\View->CodeIgniter\View\{closure}()
 4 SYSTEMPATH\Common.php(1135): CodeIgniter\View\View->render('input/inputsurat', [], true)
 5 APPPATH\Controllers\Input.php(11): view('input/inputsurat')
 6 SYSTEMPATH\CodeIgniter.php(898): App\Controllers\Input->index()
 7 SYSTEMPATH\CodeIgniter.php(468): CodeIgniter\CodeIgniter->runController(Object(App\Controllers\Input))
 8 SYSTEMPATH\CodeIgniter.php(351): CodeIgniter\CodeIgniter->handleRequest(null, Object(Config\Cache), false)
 9 FCPATH\index.php(55): CodeIgniter\CodeIgniter->run()
CRITICAL - 2023-02-09 19:46:59 --> Undefined variable: datasatuan
in APPPATH\Views\input\inputsurat.php on line 34.
 1 APPPATH\Views\input\inputsurat.php(34): CodeIgniter\Debug\Exceptions->errorHandler(8, 'Undefined variable: datasatuan', 'APPPATH\\Views\\input\\inputsurat.php', 34, [])
 2 SYSTEMPATH\View\View.php(213): include('APPPATH\\Views\\input\\inputsurat.php')
 3 SYSTEMPATH\View\View.php(216): CodeIgniter\View\View->CodeIgniter\View\{closure}()
 4 SYSTEMPATH\Common.php(1135): CodeIgniter\View\View->render('input/inputsurat', [], true)
 5 APPPATH\Controllers\Input.php(11): view('input/inputsurat')
 6 SYSTEMPATH\CodeIgniter.php(898): App\Controllers\Input->index()
 7 SYSTEMPATH\CodeIgniter.php(468): CodeIgniter\CodeIgniter->runController(Object(App\Controllers\Input))
 8 SYSTEMPATH\CodeIgniter.php(351): CodeIgniter\CodeIgniter->handleRequest(null, Object(Config\Cache), false)
 9 FCPATH\index.php(55): CodeIgniter\CodeIgniter->run()
CRITICAL - 2023-02-09 20:22:34 --> Undefined variable: data
in APPPATH\Controllers\Input.php on line 19.
 1 APPPATH\Controllers\Input.php(19): CodeIgniter\Debug\Exceptions->errorHandler(8, 'Undefined variable: data', 'APPPATH\\Controllers\\Input.php', 19, [])
 2 SYSTEMPATH\CodeIgniter.php(898): App\Controllers\Input->index()
 3 SYSTEMPATH\CodeIgniter.php(468): CodeIgniter\CodeIgniter->runController(Object(App\Controllers\Input))
 4 SYSTEMPATH\CodeIgniter.php(351): CodeIgniter\CodeIgniter->handleRequest(null, Object(Config\Cache), false)
 5 FCPATH\index.php(55): CodeIgniter\CodeIgniter->run()
CRITICAL - 2023-02-09 20:23:16 --> Undefined variable: data
in APPPATH\Controllers\Input.php on line 19.
 1 APPPATH\Controllers\Input.php(19): CodeIgniter\Debug\Exceptions->errorHandler(8, 'Undefined variable: data', 'APPPATH\\Controllers\\Input.php', 19, [])
 2 SYSTEMPATH\CodeIgniter.php(898): App\Controllers\Input->index()
 3 SYSTEMPATH\CodeIgniter.php(468): CodeIgniter\CodeIgniter->runController(Object(App\Controllers\Input))
 4 SYSTEMPATH\CodeIgniter.php(351): CodeIgniter\CodeIgniter->handleRequest(null, Object(Config\Cache), false)
 5 FCPATH\index.php(55): CodeIgniter\CodeIgniter->run()
CRITICAL - 2023-02-09 21:39:30 --> Undefined variable: datasatuan
in APPPATH\Views\input\inputsurat.php on line 34.
 1 APPPATH\Views\input\inputsurat.php(34): CodeIgniter\Debug\Exceptions->errorHandler(8, 'Undefined variable: datasatuan', 'APPPATH\\Views\\input\\inputsurat.php', 34, [])
 2 SYSTEMPATH\View\View.php(213): include('APPPATH\\Views\\input\\inputsurat.php')
 3 SYSTEMPATH\View\View.php(216): CodeIgniter\View\View->CodeIgniter\View\{closure}()
 4 SYSTEMPATH\Common.php(1135): CodeIgniter\View\View->render('input/inputsurat', [], true)
 5 APPPATH\Controllers\Input.php(18): view('input/inputsurat')
 6 SYSTEMPATH\CodeIgniter.php(898): App\Controllers\Input->index()
 7 SYSTEMPATH\CodeIgniter.php(468): CodeIgniter\CodeIgniter->runController(Object(App\Controllers\Input))
 8 SYSTEMPATH\CodeIgniter.php(351): CodeIgniter\CodeIgniter->handleRequest(null, Object(Config\Cache), false)
 9 FCPATH\index.php(55): CodeIgniter\CodeIgniter->run()
ERROR - 2023-02-09 21:47:45 --> Table 'db_suratmasuk.expedisi' doesn't exist
CRITICAL - 2023-02-09 21:47:45 --> Table 'db_suratmasuk.expedisi' doesn't exist
in SYSTEMPATH\Database\MySQLi\Connection.php on line 292.
 1 SYSTEMPATH\Database\MySQLi\Connection.php(292): mysqli->query('SELECT *
FROM `expedisi`', 0)
 2 SYSTEMPATH\Database\BaseConnection.php(678): CodeIgniter\Database\MySQLi\Connection->execute('SELECT *
FROM `expedisi`')
 3 SYSTEMPATH\Database\BaseConnection.php(606): CodeIgniter\Database\BaseConnection->simpleQuery('SELECT *
FROM `expedisi`')
 4 SYSTEMPATH\Database\BaseBuilder.php(1585): CodeIgniter\Database\BaseConnection->query('SELECT *
FROM `expedisi`', [], false)
 5 SYSTEMPATH\Model.php(222): CodeIgniter\Database\BaseBuilder->get()
 6 SYSTEMPATH\BaseModel.php(584): CodeIgniter\Model->doFindAll(0, 0)
 7 APPPATH\Controllers\Input.php(21): CodeIgniter\BaseModel->findAll()
 8 SYSTEMPATH\CodeIgniter.php(898): App\Controllers\Input->index()
 9 SYSTEMPATH\CodeIgniter.php(468): CodeIgniter\CodeIgniter->runController(Object(App\Controllers\Input))
10 SYSTEMPATH\CodeIgniter.php(351): CodeIgniter\CodeIgniter->handleRequest(null, Object(Config\Cache), false)
11 FCPATH\index.php(55): CodeIgniter\CodeIgniter->run()
CRITICAL - 2023-02-09 21:48:40 --> Undefined variable: sat
in APPPATH\Views\input\inputsurat.php on line 35.
 1 APPPATH\Views\input\inputsurat.php(35): CodeIgniter\Debug\Exceptions->errorHandler(8, 'Undefined variable: sat', 'APPPATH\\Views\\input\\inputsurat.php', 35, [...])
 2 SYSTEMPATH\View\View.php(213): include('APPPATH\\Views\\input\\inputsurat.php')
 3 SYSTEMPATH\View\View.php(216): CodeIgniter\View\View->CodeIgniter\View\{closure}()
 4 SYSTEMPATH\Common.php(1135): CodeIgniter\View\View->render('input/inputsurat', [], true)
 5 APPPATH\Controllers\Input.php(23): view('input/inputsurat', [...])
 6 SYSTEMPATH\CodeIgniter.php(898): App\Controllers\Input->index()
 7 SYSTEMPATH\CodeIgniter.php(468): CodeIgniter\CodeIgniter->runController(Object(App\Controllers\Input))
 8 SYSTEMPATH\CodeIgniter.php(351): CodeIgniter\CodeIgniter->handleRequest(null, Object(Config\Cache), false)
 9 FCPATH\index.php(55): CodeIgniter\CodeIgniter->run()
CRITICAL - 2023-02-09 21:48:42 --> Undefined variable: sat
in APPPATH\Views\input\inputsurat.php on line 35.
 1 APPPATH\Views\input\inputsurat.php(35): CodeIgniter\Debug\Exceptions->errorHandler(8, 'Undefined variable: sat', 'APPPATH\\Views\\input\\inputsurat.php', 35, [...])
 2 SYSTEMPATH\View\View.php(213): include('APPPATH\\Views\\input\\inputsurat.php')
 3 SYSTEMPATH\View\View.php(216): CodeIgniter\View\View->CodeIgniter\View\{closure}()
 4 SYSTEMPATH\Common.php(1135): CodeIgniter\View\View->render('input/inputsurat', [], true)
 5 APPPATH\Controllers\Input.php(23): view('input/inputsurat', [...])
 6 SYSTEMPATH\CodeIgniter.php(898): App\Controllers\Input->index()
 7 SYSTEMPATH\CodeIgniter.php(468): CodeIgniter\CodeIgniter->runController(Object(App\Controllers\Input))
 8 SYSTEMPATH\CodeIgniter.php(351): CodeIgniter\CodeIgniter->handleRequest(null, Object(Config\Cache), false)
 9 FCPATH\index.php(55): CodeIgniter\CodeIgniter->run()
CRITICAL - 2023-02-09 21:57:42 --> Undefined variable: penerima
in APPPATH\Views\input\inputsurat.php on line 90.
 1 APPPATH\Views\input\inputsurat.php(90): CodeIgniter\Debug\Exceptions->errorHandler(8, 'Undefined variable: penerima', 'APPPATH\\Views\\input\\inputsurat.php', 90, [...])
 2 SYSTEMPATH\View\View.php(213): include('APPPATH\\Views\\input\\inputsurat.php')
 3 SYSTEMPATH\View\View.php(216): CodeIgniter\View\View->CodeIgniter\View\{closure}()
 4 SYSTEMPATH\Common.php(1135): CodeIgniter\View\View->render('input/inputsurat', [], true)
 5 APPPATH\Controllers\Input.php(26): view('input/inputsurat', [...])
 6 SYSTEMPATH\CodeIgniter.php(898): App\Controllers\Input->index()
 7 SYSTEMPATH\CodeIgniter.php(468): CodeIgniter\CodeIgniter->runController(Object(App\Controllers\Input))
 8 SYSTEMPATH\CodeIgniter.php(351): CodeIgniter\CodeIgniter->handleRequest(null, Object(Config\Cache), false)
 9 FCPATH\index.php(55): CodeIgniter\CodeIgniter->run()
CRITICAL - 2023-02-09 21:58:56 --> Undefined index: nama_penerima
in APPPATH\Views\input\inputsurat.php on line 91.
 1 APPPATH\Views\input\inputsurat.php(91): CodeIgniter\Debug\Exceptions->errorHandler(8, 'Undefined index: nama_penerima', 'APPPATH\\Views\\input\\inputsurat.php', 91, [...])
 2 SYSTEMPATH\View\View.php(213): include('APPPATH\\Views\\input\\inputsurat.php')
 3 SYSTEMPATH\View\View.php(216): CodeIgniter\View\View->CodeIgniter\View\{closure}()
 4 SYSTEMPATH\Common.php(1135): CodeIgniter\View\View->render('input/inputsurat', [], true)
 5 APPPATH\Controllers\Input.php(26): view('input/inputsurat', [...])
 6 SYSTEMPATH\CodeIgniter.php(898): App\Controllers\Input->index()
 7 SYSTEMPATH\CodeIgniter.php(468): CodeIgniter\CodeIgniter->runController(Object(App\Controllers\Input))
 8 SYSTEMPATH\CodeIgniter.php(351): CodeIgniter\CodeIgniter->handleRequest(null, Object(Config\Cache), false)
 9 FCPATH\index.php(55): CodeIgniter\CodeIgniter->run()
