CRITICAL - 2023-02-16 10:08:23 --> Undefined variable: tampildata
in APPPATH\Views\daftar\daftarsuratmasuk_new.php on line 70.
 1 APPPATH\Views\daftar\daftarsuratmasuk_new.php(70): CodeIgniter\Debug\Exceptions->errorHandler(8, 'Undefined variable: tampildata', 'APPPATH\\Views\\daftar\\daftarsuratmasuk_new.php', 70, [...])
 2 SYSTEMPATH\View\View.php(213): include('APPPATH\\Views\\daftar\\daftarsuratmasuk_new.php')
 3 SYSTEMPATH\View\View.php(216): CodeIgniter\View\View->CodeIgniter\View\{closure}()
 4 SYSTEMPATH\Common.php(1135): CodeIgniter\View\View->render('daftar/daftarsuratmasuk_new', [], true)
 5 APPPATH\Controllers\SuratMasuk.php(29): view('daftar/daftarsuratmasuk_new')
 6 SYSTEMPATH\CodeIgniter.php(898): App\Controllers\SuratMasuk->index2()
 7 SYSTEMPATH\CodeIgniter.php(468): CodeIgniter\CodeIgniter->runController(Object(App\Controllers\SuratMasuk))
 8 SYSTEMPATH\CodeIgniter.php(351): CodeIgniter\CodeIgniter->handleRequest(null, Object(Config\Cache), false)
 9 FCPATH\index.php(55): CodeIgniter\CodeIgniter->run()
CRITICAL - 2023-02-16 10:09:24 --> Undefined variable: tampildata
in APPPATH\Views\daftar\daftarsuratmasuk_new.php on line 70.
 1 APPPATH\Views\daftar\daftarsuratmasuk_new.php(70): CodeIgniter\Debug\Exceptions->errorHandler(8, 'Undefined variable: tampildata', 'APPPATH\\Views\\daftar\\daftarsuratmasuk_new.php', 70, [...])
 2 SYSTEMPATH\View\View.php(213): include('APPPATH\\Views\\daftar\\daftarsuratmasuk_new.php')
 3 SYSTEMPATH\View\View.php(216): CodeIgniter\View\View->CodeIgniter\View\{closure}()
 4 SYSTEMPATH\Common.php(1135): CodeIgniter\View\View->render('daftar/daftarsuratmasuk_new', [], true)
 5 APPPATH\Controllers\SuratMasuk.php(29): view('daftar/daftarsuratmasuk_new')
 6 SYSTEMPATH\CodeIgniter.php(898): App\Controllers\SuratMasuk->index2()
 7 SYSTEMPATH\CodeIgniter.php(468): CodeIgniter\CodeIgniter->runController(Object(App\Controllers\SuratMasuk))
 8 SYSTEMPATH\CodeIgniter.php(351): CodeIgniter\CodeIgniter->handleRequest(null, Object(Config\Cache), false)
 9 FCPATH\index.php(55): CodeIgniter\CodeIgniter->run()
CRITICAL - 2023-02-16 10:09:25 --> Undefined variable: tampildata
in APPPATH\Views\daftar\daftarsuratmasuk_new.php on line 70.
 1 APPPATH\Views\daftar\daftarsuratmasuk_new.php(70): CodeIgniter\Debug\Exceptions->errorHandler(8, 'Undefined variable: tampildata', 'APPPATH\\Views\\daftar\\daftarsuratmasuk_new.php', 70, [...])
 2 SYSTEMPATH\View\View.php(213): include('APPPATH\\Views\\daftar\\daftarsuratmasuk_new.php')
 3 SYSTEMPATH\View\View.php(216): CodeIgniter\View\View->CodeIgniter\View\{closure}()
 4 SYSTEMPATH\Common.php(1135): CodeIgniter\View\View->render('daftar/daftarsuratmasuk_new', [], true)
 5 APPPATH\Controllers\SuratMasuk.php(29): view('daftar/daftarsuratmasuk_new')
 6 SYSTEMPATH\CodeIgniter.php(898): App\Controllers\SuratMasuk->index2()
 7 SYSTEMPATH\CodeIgniter.php(468): CodeIgniter\CodeIgniter->runController(Object(App\Controllers\SuratMasuk))
 8 SYSTEMPATH\CodeIgniter.php(351): CodeIgniter\CodeIgniter->handleRequest(null, Object(Config\Cache), false)
 9 FCPATH\index.php(55): CodeIgniter\CodeIgniter->run()
CRITICAL - 2023-02-16 10:12:32 --> Undefined variable: tampildata
in APPPATH\Views\daftar\daftarsuratmasuk_new.php on line 70.
 1 APPPATH\Views\daftar\daftarsuratmasuk_new.php(70): CodeIgniter\Debug\Exceptions->errorHandler(8, 'Undefined variable: tampildata', 'APPPATH\\Views\\daftar\\daftarsuratmasuk_new.php', 70, [...])
 2 SYSTEMPATH\View\View.php(213): include('APPPATH\\Views\\daftar\\daftarsuratmasuk_new.php')
 3 SYSTEMPATH\View\View.php(216): CodeIgniter\View\View->CodeIgniter\View\{closure}()
 4 SYSTEMPATH\Common.php(1135): CodeIgniter\View\View->render('daftar/daftarsuratmasuk_new', [], true)
 5 APPPATH\Controllers\SuratMasuk.php(29): view('daftar/daftarsuratmasuk_new')
 6 SYSTEMPATH\CodeIgniter.php(898): App\Controllers\SuratMasuk->index2()
 7 SYSTEMPATH\CodeIgniter.php(468): CodeIgniter\CodeIgniter->runController(Object(App\Controllers\SuratMasuk))
 8 SYSTEMPATH\CodeIgniter.php(351): CodeIgniter\CodeIgniter->handleRequest(null, Object(Config\Cache), false)
 9 FCPATH\index.php(55): CodeIgniter\CodeIgniter->run()
CRITICAL - 2023-02-16 10:16:02 --> Undefined variable: tampildata
in APPPATH\Views\daftar\daftarsuratmasuk_new.php on line 70.
 1 APPPATH\Views\daftar\daftarsuratmasuk_new.php(70): CodeIgniter\Debug\Exceptions->errorHandler(8, 'Undefined variable: tampildata', 'APPPATH\\Views\\daftar\\daftarsuratmasuk_new.php', 70, [...])
 2 SYSTEMPATH\View\View.php(213): include('APPPATH\\Views\\daftar\\daftarsuratmasuk_new.php')
 3 SYSTEMPATH\View\View.php(216): CodeIgniter\View\View->CodeIgniter\View\{closure}()
 4 SYSTEMPATH\Common.php(1135): CodeIgniter\View\View->render('daftar/daftarsuratmasuk_new', [], true)
 5 APPPATH\Controllers\SuratMasuk.php(29): view('daftar/daftarsuratmasuk_new')
 6 SYSTEMPATH\CodeIgniter.php(898): App\Controllers\SuratMasuk->index2()
 7 SYSTEMPATH\CodeIgniter.php(468): CodeIgniter\CodeIgniter->runController(Object(App\Controllers\SuratMasuk))
 8 SYSTEMPATH\CodeIgniter.php(351): CodeIgniter\CodeIgniter->handleRequest(null, Object(Config\Cache), false)
 9 FCPATH\index.php(55): CodeIgniter\CodeIgniter->run()
CRITICAL - 2023-02-16 10:16:03 --> Undefined variable: tampildata
in APPPATH\Views\daftar\daftarsuratmasuk_new.php on line 70.
 1 APPPATH\Views\daftar\daftarsuratmasuk_new.php(70): CodeIgniter\Debug\Exceptions->errorHandler(8, 'Undefined variable: tampildata', 'APPPATH\\Views\\daftar\\daftarsuratmasuk_new.php', 70, [...])
 2 SYSTEMPATH\View\View.php(213): include('APPPATH\\Views\\daftar\\daftarsuratmasuk_new.php')
 3 SYSTEMPATH\View\View.php(216): CodeIgniter\View\View->CodeIgniter\View\{closure}()
 4 SYSTEMPATH\Common.php(1135): CodeIgniter\View\View->render('daftar/daftarsuratmasuk_new', [], true)
 5 APPPATH\Controllers\SuratMasuk.php(29): view('daftar/daftarsuratmasuk_new')
 6 SYSTEMPATH\CodeIgniter.php(898): App\Controllers\SuratMasuk->index2()
 7 SYSTEMPATH\CodeIgniter.php(468): CodeIgniter\CodeIgniter->runController(Object(App\Controllers\SuratMasuk))
 8 SYSTEMPATH\CodeIgniter.php(351): CodeIgniter\CodeIgniter->handleRequest(null, Object(Config\Cache), false)
 9 FCPATH\index.php(55): CodeIgniter\CodeIgniter->run()
CRITICAL - 2023-02-16 10:16:28 --> Undefined variable: tampildata
in APPPATH\Views\daftar\daftarsuratmasuk_new.php on line 70.
 1 APPPATH\Views\daftar\daftarsuratmasuk_new.php(70): CodeIgniter\Debug\Exceptions->errorHandler(8, 'Undefined variable: tampildata', 'APPPATH\\Views\\daftar\\daftarsuratmasuk_new.php', 70, [...])
 2 SYSTEMPATH\View\View.php(213): include('APPPATH\\Views\\daftar\\daftarsuratmasuk_new.php')
 3 SYSTEMPATH\View\View.php(216): CodeIgniter\View\View->CodeIgniter\View\{closure}()
 4 SYSTEMPATH\Common.php(1135): CodeIgniter\View\View->render('daftar/daftarsuratmasuk_new', [], true)
 5 APPPATH\Controllers\SuratMasuk.php(29): view('daftar/daftarsuratmasuk_new')
 6 SYSTEMPATH\CodeIgniter.php(898): App\Controllers\SuratMasuk->index2()
 7 SYSTEMPATH\CodeIgniter.php(468): CodeIgniter\CodeIgniter->runController(Object(App\Controllers\SuratMasuk))
 8 SYSTEMPATH\CodeIgniter.php(351): CodeIgniter\CodeIgniter->handleRequest(null, Object(Config\Cache), false)
 9 FCPATH\index.php(55): CodeIgniter\CodeIgniter->run()
CRITICAL - 2023-02-16 10:24:15 --> Undefined variable: tampildata
in APPPATH\Views\daftar\daftarsuratmasuk_new.php on line 49.
 1 APPPATH\Views\daftar\daftarsuratmasuk_new.php(49): CodeIgniter\Debug\Exceptions->errorHandler(8, 'Undefined variable: tampildata', 'APPPATH\\Views\\daftar\\daftarsuratmasuk_new.php', 49, [...])
 2 SYSTEMPATH\View\View.php(213): include('APPPATH\\Views\\daftar\\daftarsuratmasuk_new.php')
 3 SYSTEMPATH\View\View.php(216): CodeIgniter\View\View->CodeIgniter\View\{closure}()
 4 SYSTEMPATH\Common.php(1135): CodeIgniter\View\View->render('daftar/daftarsuratmasuk_new', [], true)
 5 APPPATH\Controllers\SuratMasuk.php(29): view('daftar/daftarsuratmasuk_new')
 6 SYSTEMPATH\CodeIgniter.php(898): App\Controllers\SuratMasuk->index2()
 7 SYSTEMPATH\CodeIgniter.php(468): CodeIgniter\CodeIgniter->runController(Object(App\Controllers\SuratMasuk))
 8 SYSTEMPATH\CodeIgniter.php(351): CodeIgniter\CodeIgniter->handleRequest(null, Object(Config\Cache), false)
 9 FCPATH\index.php(55): CodeIgniter\CodeIgniter->run()
CRITICAL - 2023-02-16 10:31:24 --> Undefined variable: tampildata
in APPPATH\Views\daftar\daftarsuratmasuk_new.php on line 49.
 1 APPPATH\Views\daftar\daftarsuratmasuk_new.php(49): CodeIgniter\Debug\Exceptions->errorHandler(8, 'Undefined variable: tampildata', 'APPPATH\\Views\\daftar\\daftarsuratmasuk_new.php', 49, [...])
 2 SYSTEMPATH\View\View.php(213): include('APPPATH\\Views\\daftar\\daftarsuratmasuk_new.php')
 3 SYSTEMPATH\View\View.php(216): CodeIgniter\View\View->CodeIgniter\View\{closure}()
 4 SYSTEMPATH\Common.php(1135): CodeIgniter\View\View->render('daftar/daftarsuratmasuk_new', [], true)
 5 APPPATH\Controllers\SuratMasuk.php(29): view('daftar/daftarsuratmasuk_new')
 6 SYSTEMPATH\CodeIgniter.php(898): App\Controllers\SuratMasuk->index2()
 7 SYSTEMPATH\CodeIgniter.php(468): CodeIgniter\CodeIgniter->runController(Object(App\Controllers\SuratMasuk))
 8 SYSTEMPATH\CodeIgniter.php(351): CodeIgniter\CodeIgniter->handleRequest(null, Object(Config\Cache), false)
 9 FCPATH\index.php(55): CodeIgniter\CodeIgniter->run()
CRITICAL - 2023-02-16 10:34:56 --> Undefined variable: tampildata
in APPPATH\Views\daftar\daftarsuratmasuk_new.php on line 49.
 1 APPPATH\Views\daftar\daftarsuratmasuk_new.php(49): CodeIgniter\Debug\Exceptions->errorHandler(8, 'Undefined variable: tampildata', 'APPPATH\\Views\\daftar\\daftarsuratmasuk_new.php', 49, [...])
 2 SYSTEMPATH\View\View.php(213): include('APPPATH\\Views\\daftar\\daftarsuratmasuk_new.php')
 3 SYSTEMPATH\View\View.php(216): CodeIgniter\View\View->CodeIgniter\View\{closure}()
 4 SYSTEMPATH\Common.php(1135): CodeIgniter\View\View->render('daftar/daftarsuratmasuk_new', [], true)
 5 APPPATH\Controllers\SuratMasuk.php(29): view('daftar/daftarsuratmasuk_new')
 6 SYSTEMPATH\CodeIgniter.php(898): App\Controllers\SuratMasuk->index2()
 7 SYSTEMPATH\CodeIgniter.php(468): CodeIgniter\CodeIgniter->runController(Object(App\Controllers\SuratMasuk))
 8 SYSTEMPATH\CodeIgniter.php(351): CodeIgniter\CodeIgniter->handleRequest(null, Object(Config\Cache), false)
 9 FCPATH\index.php(55): CodeIgniter\CodeIgniter->run()
CRITICAL - 2023-02-16 10:36:22 --> Undefined variable: tampildata
in APPPATH\Views\daftar\daftarsuratmasuk_new.php on line 49.
 1 APPPATH\Views\daftar\daftarsuratmasuk_new.php(49): CodeIgniter\Debug\Exceptions->errorHandler(8, 'Undefined variable: tampildata', 'APPPATH\\Views\\daftar\\daftarsuratmasuk_new.php', 49, [...])
 2 SYSTEMPATH\View\View.php(213): include('APPPATH\\Views\\daftar\\daftarsuratmasuk_new.php')
 3 SYSTEMPATH\View\View.php(216): CodeIgniter\View\View->CodeIgniter\View\{closure}()
 4 SYSTEMPATH\Common.php(1135): CodeIgniter\View\View->render('daftar/daftarsuratmasuk_new', [], true)
 5 APPPATH\Controllers\SuratMasuk.php(29): view('daftar/daftarsuratmasuk_new')
 6 SYSTEMPATH\CodeIgniter.php(898): App\Controllers\SuratMasuk->index2()
 7 SYSTEMPATH\CodeIgniter.php(468): CodeIgniter\CodeIgniter->runController(Object(App\Controllers\SuratMasuk))
 8 SYSTEMPATH\CodeIgniter.php(351): CodeIgniter\CodeIgniter->handleRequest(null, Object(Config\Cache), false)
 9 FCPATH\index.php(55): CodeIgniter\CodeIgniter->run()
CRITICAL - 2023-02-16 10:37:04 --> Undefined variable: tampildata
in APPPATH\Views\daftar\daftarsuratmasuk_new.php on line 49.
 1 APPPATH\Views\daftar\daftarsuratmasuk_new.php(49): CodeIgniter\Debug\Exceptions->errorHandler(8, 'Undefined variable: tampildata', 'APPPATH\\Views\\daftar\\daftarsuratmasuk_new.php', 49, [...])
 2 SYSTEMPATH\View\View.php(213): include('APPPATH\\Views\\daftar\\daftarsuratmasuk_new.php')
 3 SYSTEMPATH\View\View.php(216): CodeIgniter\View\View->CodeIgniter\View\{closure}()
 4 SYSTEMPATH\Common.php(1135): CodeIgniter\View\View->render('daftar/daftarsuratmasuk_new', [], true)
 5 APPPATH\Controllers\SuratMasuk.php(29): view('daftar/daftarsuratmasuk_new')
 6 SYSTEMPATH\CodeIgniter.php(898): App\Controllers\SuratMasuk->index2()
 7 SYSTEMPATH\CodeIgniter.php(468): CodeIgniter\CodeIgniter->runController(Object(App\Controllers\SuratMasuk))
 8 SYSTEMPATH\CodeIgniter.php(351): CodeIgniter\CodeIgniter->handleRequest(null, Object(Config\Cache), false)
 9 FCPATH\index.php(55): CodeIgniter\CodeIgniter->run()
CRITICAL - 2023-02-16 10:37:05 --> Undefined variable: tampildata
in APPPATH\Views\daftar\daftarsuratmasuk_new.php on line 49.
 1 APPPATH\Views\daftar\daftarsuratmasuk_new.php(49): CodeIgniter\Debug\Exceptions->errorHandler(8, 'Undefined variable: tampildata', 'APPPATH\\Views\\daftar\\daftarsuratmasuk_new.php', 49, [...])
 2 SYSTEMPATH\View\View.php(213): include('APPPATH\\Views\\daftar\\daftarsuratmasuk_new.php')
 3 SYSTEMPATH\View\View.php(216): CodeIgniter\View\View->CodeIgniter\View\{closure}()
 4 SYSTEMPATH\Common.php(1135): CodeIgniter\View\View->render('daftar/daftarsuratmasuk_new', [], true)
 5 APPPATH\Controllers\SuratMasuk.php(29): view('daftar/daftarsuratmasuk_new')
 6 SYSTEMPATH\CodeIgniter.php(898): App\Controllers\SuratMasuk->index2()
 7 SYSTEMPATH\CodeIgniter.php(468): CodeIgniter\CodeIgniter->runController(Object(App\Controllers\SuratMasuk))
 8 SYSTEMPATH\CodeIgniter.php(351): CodeIgniter\CodeIgniter->handleRequest(null, Object(Config\Cache), false)
 9 FCPATH\index.php(55): CodeIgniter\CodeIgniter->run()
CRITICAL - 2023-02-16 10:37:15 --> syntax error, unexpected 'endforeach' (T_ENDFOREACH), expecting end of file
in APPPATH\Views\daftar\daftarsuratmasuk_new.php on line 76.
 1 SYSTEMPATH\View\View.php(216): CodeIgniter\View\View->CodeIgniter\View\{closure}()
 2 SYSTEMPATH\Common.php(1135): CodeIgniter\View\View->render('daftar/daftarsuratmasuk_new', [], true)
 3 APPPATH\Controllers\SuratMasuk.php(29): view('daftar/daftarsuratmasuk_new')
 4 SYSTEMPATH\CodeIgniter.php(898): App\Controllers\SuratMasuk->index2()
 5 SYSTEMPATH\CodeIgniter.php(468): CodeIgniter\CodeIgniter->runController(Object(App\Controllers\SuratMasuk))
 6 SYSTEMPATH\CodeIgniter.php(351): CodeIgniter\CodeIgniter->handleRequest(null, Object(Config\Cache), false)
 7 FCPATH\index.php(55): CodeIgniter\CodeIgniter->run()
CRITICAL - 2023-02-16 10:37:22 --> syntax error, unexpected 'endforeach' (T_ENDFOREACH), expecting end of file
in APPPATH\Views\daftar\daftarsuratmasuk_new.php on line 76.
 1 SYSTEMPATH\View\View.php(216): CodeIgniter\View\View->CodeIgniter\View\{closure}()
 2 SYSTEMPATH\Common.php(1135): CodeIgniter\View\View->render('daftar/daftarsuratmasuk_new', [], true)
 3 APPPATH\Controllers\SuratMasuk.php(29): view('daftar/daftarsuratmasuk_new')
 4 SYSTEMPATH\CodeIgniter.php(898): App\Controllers\SuratMasuk->index2()
 5 SYSTEMPATH\CodeIgniter.php(468): CodeIgniter\CodeIgniter->runController(Object(App\Controllers\SuratMasuk))
 6 SYSTEMPATH\CodeIgniter.php(351): CodeIgniter\CodeIgniter->handleRequest(null, Object(Config\Cache), false)
 7 FCPATH\index.php(55): CodeIgniter\CodeIgniter->run()
CRITICAL - 2023-02-16 10:37:33 --> syntax error, unexpected 'endforeach' (T_ENDFOREACH), expecting end of file
in APPPATH\Views\daftar\daftarsuratmasuk_new.php on line 76.
 1 SYSTEMPATH\View\View.php(216): CodeIgniter\View\View->CodeIgniter\View\{closure}()
 2 SYSTEMPATH\Common.php(1135): CodeIgniter\View\View->render('daftar/daftarsuratmasuk_new', [], true)
 3 APPPATH\Controllers\SuratMasuk.php(29): view('daftar/daftarsuratmasuk_new')
 4 SYSTEMPATH\CodeIgniter.php(898): App\Controllers\SuratMasuk->index2()
 5 SYSTEMPATH\CodeIgniter.php(468): CodeIgniter\CodeIgniter->runController(Object(App\Controllers\SuratMasuk))
 6 SYSTEMPATH\CodeIgniter.php(351): CodeIgniter\CodeIgniter->handleRequest(null, Object(Config\Cache), false)
 7 FCPATH\index.php(55): CodeIgniter\CodeIgniter->run()
CRITICAL - 2023-02-16 10:38:50 --> Undefined variable: tampildatasurat
in APPPATH\Views\daftar\daftarsuratmasuk_new.php on line 49.
 1 APPPATH\Views\daftar\daftarsuratmasuk_new.php(49): CodeIgniter\Debug\Exceptions->errorHandler(8, 'Undefined variable: tampildatasurat', 'APPPATH\\Views\\daftar\\daftarsuratmasuk_new.php', 49, [...])
 2 SYSTEMPATH\View\View.php(213): include('APPPATH\\Views\\daftar\\daftarsuratmasuk_new.php')
 3 SYSTEMPATH\View\View.php(216): CodeIgniter\View\View->CodeIgniter\View\{closure}()
 4 SYSTEMPATH\Common.php(1135): CodeIgniter\View\View->render('daftar/daftarsuratmasuk_new', [], true)
 5 APPPATH\Controllers\SuratMasuk.php(29): view('daftar/daftarsuratmasuk_new')
 6 SYSTEMPATH\CodeIgniter.php(898): App\Controllers\SuratMasuk->index2()
 7 SYSTEMPATH\CodeIgniter.php(468): CodeIgniter\CodeIgniter->runController(Object(App\Controllers\SuratMasuk))
 8 SYSTEMPATH\CodeIgniter.php(351): CodeIgniter\CodeIgniter->handleRequest(null, Object(Config\Cache), false)
 9 FCPATH\index.php(55): CodeIgniter\CodeIgniter->run()
CRITICAL - 2023-02-16 10:47:35 --> Undefined variable: tampildatasurat
in APPPATH\Views\daftar\daftarsuratmasuk_new.php on line 49.
 1 APPPATH\Views\daftar\daftarsuratmasuk_new.php(49): CodeIgniter\Debug\Exceptions->errorHandler(8, 'Undefined variable: tampildatasurat', 'APPPATH\\Views\\daftar\\daftarsuratmasuk_new.php', 49, [...])
 2 SYSTEMPATH\View\View.php(213): include('APPPATH\\Views\\daftar\\daftarsuratmasuk_new.php')
 3 SYSTEMPATH\View\View.php(216): CodeIgniter\View\View->CodeIgniter\View\{closure}()
 4 SYSTEMPATH\Common.php(1135): CodeIgniter\View\View->render('daftar/daftarsuratmasuk_new', [], true)
 5 APPPATH\Controllers\SuratMasuk.php(29): view('daftar/daftarsuratmasuk_new')
 6 SYSTEMPATH\CodeIgniter.php(898): App\Controllers\SuratMasuk->index2()
 7 SYSTEMPATH\CodeIgniter.php(468): CodeIgniter\CodeIgniter->runController(Object(App\Controllers\SuratMasuk))
 8 SYSTEMPATH\CodeIgniter.php(351): CodeIgniter\CodeIgniter->handleRequest(null, Object(Config\Cache), false)
 9 FCPATH\index.php(55): CodeIgniter\CodeIgniter->run()
CRITICAL - 2023-02-16 10:51:59 --> Undefined variable: tampildatasurat
in APPPATH\Views\daftar\daftarsuratmasuk_new.php on line 49.
 1 APPPATH\Views\daftar\daftarsuratmasuk_new.php(49): CodeIgniter\Debug\Exceptions->errorHandler(8, 'Undefined variable: tampildatasurat', 'APPPATH\\Views\\daftar\\daftarsuratmasuk_new.php', 49, [...])
 2 SYSTEMPATH\View\View.php(213): include('APPPATH\\Views\\daftar\\daftarsuratmasuk_new.php')
 3 SYSTEMPATH\View\View.php(216): CodeIgniter\View\View->CodeIgniter\View\{closure}()
 4 SYSTEMPATH\Common.php(1135): CodeIgniter\View\View->render('daftar/daftarsuratmasuk_new', [], true)
 5 APPPATH\Controllers\SuratMasuk.php(29): view('daftar/daftarsuratmasuk_new')
 6 SYSTEMPATH\CodeIgniter.php(898): App\Controllers\SuratMasuk->index2()
 7 SYSTEMPATH\CodeIgniter.php(468): CodeIgniter\CodeIgniter->runController(Object(App\Controllers\SuratMasuk))
 8 SYSTEMPATH\CodeIgniter.php(351): CodeIgniter\CodeIgniter->handleRequest(null, Object(Config\Cache), false)
 9 FCPATH\index.php(55): CodeIgniter\CodeIgniter->run()
CRITICAL - 2023-02-16 13:22:43 --> Undefined variable: tampildatasurat
in APPPATH\Views\daftar\daftarsuratmasuk_new.php on line 49.
 1 APPPATH\Views\daftar\daftarsuratmasuk_new.php(49): CodeIgniter\Debug\Exceptions->errorHandler(8, 'Undefined variable: tampildatasurat', 'APPPATH\\Views\\daftar\\daftarsuratmasuk_new.php', 49, [...])
 2 SYSTEMPATH\View\View.php(213): include('APPPATH\\Views\\daftar\\daftarsuratmasuk_new.php')
 3 SYSTEMPATH\View\View.php(216): CodeIgniter\View\View->CodeIgniter\View\{closure}()
 4 SYSTEMPATH\Common.php(1135): CodeIgniter\View\View->render('daftar/daftarsuratmasuk_new', [], true)
 5 APPPATH\Controllers\SuratMasuk.php(29): view('daftar/daftarsuratmasuk_new')
 6 SYSTEMPATH\CodeIgniter.php(898): App\Controllers\SuratMasuk->index2()
 7 SYSTEMPATH\CodeIgniter.php(468): CodeIgniter\CodeIgniter->runController(Object(App\Controllers\SuratMasuk))
 8 SYSTEMPATH\CodeIgniter.php(351): CodeIgniter\CodeIgniter->handleRequest(null, Object(Config\Cache), false)
 9 FCPATH\index.php(55): CodeIgniter\CodeIgniter->run()
CRITICAL - 2023-02-16 13:23:06 --> Undefined variable: tampildatasurat
in APPPATH\Views\daftar\daftarsuratmasuk_new.php on line 49.
 1 APPPATH\Views\daftar\daftarsuratmasuk_new.php(49): CodeIgniter\Debug\Exceptions->errorHandler(8, 'Undefined variable: tampildatasurat', 'APPPATH\\Views\\daftar\\daftarsuratmasuk_new.php', 49, [...])
 2 SYSTEMPATH\View\View.php(213): include('APPPATH\\Views\\daftar\\daftarsuratmasuk_new.php')
 3 SYSTEMPATH\View\View.php(216): CodeIgniter\View\View->CodeIgniter\View\{closure}()
 4 SYSTEMPATH\Common.php(1135): CodeIgniter\View\View->render('daftar/daftarsuratmasuk_new', [], true)
 5 APPPATH\Controllers\SuratMasuk.php(29): view('daftar/daftarsuratmasuk_new')
 6 SYSTEMPATH\CodeIgniter.php(898): App\Controllers\SuratMasuk->index2()
 7 SYSTEMPATH\CodeIgniter.php(468): CodeIgniter\CodeIgniter->runController(Object(App\Controllers\SuratMasuk))
 8 SYSTEMPATH\CodeIgniter.php(351): CodeIgniter\CodeIgniter->handleRequest(null, Object(Config\Cache), false)
 9 FCPATH\index.php(55): CodeIgniter\CodeIgniter->run()
CRITICAL - 2023-02-16 13:23:07 --> syntax error, unexpected '>', expecting end of file
in APPPATH\Views\input\inputsurat.php on line 47.
 1 SYSTEMPATH\View\View.php(216): CodeIgniter\View\View->CodeIgniter\View\{closure}()
 2 SYSTEMPATH\Common.php(1135): CodeIgniter\View\View->render('input/inputsurat', [], true)
 3 APPPATH\Controllers\Input.php(32): view('input/inputsurat', [...])
 4 SYSTEMPATH\CodeIgniter.php(898): App\Controllers\Input->index()
 5 SYSTEMPATH\CodeIgniter.php(468): CodeIgniter\CodeIgniter->runController(Object(App\Controllers\Input))
 6 SYSTEMPATH\CodeIgniter.php(351): CodeIgniter\CodeIgniter->handleRequest(null, Object(Config\Cache), false)
 7 FCPATH\index.php(55): CodeIgniter\CodeIgniter->run()
CRITICAL - 2023-02-16 13:31:30 --> Undefined variable: tampildatasurat
in APPPATH\Views\daftar\daftarsuratmasuk_new.php on line 36.
 1 APPPATH\Views\daftar\daftarsuratmasuk_new.php(36): CodeIgniter\Debug\Exceptions->errorHandler(8, 'Undefined variable: tampildatasurat', 'APPPATH\\Views\\daftar\\daftarsuratmasuk_new.php', 36, [...])
 2 SYSTEMPATH\View\View.php(213): include('APPPATH\\Views\\daftar\\daftarsuratmasuk_new.php')
 3 SYSTEMPATH\View\View.php(216): CodeIgniter\View\View->CodeIgniter\View\{closure}()
 4 SYSTEMPATH\Common.php(1135): CodeIgniter\View\View->render('daftar/daftarsuratmasuk_new', [], true)
 5 APPPATH\Controllers\SuratMasuk.php(29): view('daftar/daftarsuratmasuk_new')
 6 SYSTEMPATH\CodeIgniter.php(898): App\Controllers\SuratMasuk->index2()
 7 SYSTEMPATH\CodeIgniter.php(468): CodeIgniter\CodeIgniter->runController(Object(App\Controllers\SuratMasuk))
 8 SYSTEMPATH\CodeIgniter.php(351): CodeIgniter\CodeIgniter->handleRequest(null, Object(Config\Cache), false)
 9 FCPATH\index.php(55): CodeIgniter\CodeIgniter->run()
CRITICAL - 2023-02-16 13:33:15 --> Undefined variable: tampildatasurat
in APPPATH\Views\daftar\daftarsuratmasuk_new.php on line 36.
 1 APPPATH\Views\daftar\daftarsuratmasuk_new.php(36): CodeIgniter\Debug\Exceptions->errorHandler(8, 'Undefined variable: tampildatasurat', 'APPPATH\\Views\\daftar\\daftarsuratmasuk_new.php', 36, [...])
 2 SYSTEMPATH\View\View.php(213): include('APPPATH\\Views\\daftar\\daftarsuratmasuk_new.php')
 3 SYSTEMPATH\View\View.php(216): CodeIgniter\View\View->CodeIgniter\View\{closure}()
 4 SYSTEMPATH\Common.php(1135): CodeIgniter\View\View->render('daftar/daftarsuratmasuk_new', [], true)
 5 APPPATH\Controllers\SuratMasukNew.php(21): view('daftar/daftarsuratmasuk_new', [...])
 6 SYSTEMPATH\CodeIgniter.php(898): App\Controllers\SuratMasukNew->index()
 7 SYSTEMPATH\CodeIgniter.php(468): CodeIgniter\CodeIgniter->runController(Object(App\Controllers\SuratMasukNew))
 8 SYSTEMPATH\CodeIgniter.php(351): CodeIgniter\CodeIgniter->handleRequest(null, Object(Config\Cache), false)
 9 FCPATH\index.php(55): CodeIgniter\CodeIgniter->run()
CRITICAL - 2023-02-16 13:46:11 --> Undefined variable: tampildata
in APPPATH\Views\daftar\daftarsuratmasuk.php on line 71.
 1 APPPATH\Views\daftar\daftarsuratmasuk.php(71): CodeIgniter\Debug\Exceptions->errorHandler(8, 'Undefined variable: tampildata', 'APPPATH\\Views\\daftar\\daftarsuratmasuk.php', 71, [...])
 2 SYSTEMPATH\View\View.php(213): include('APPPATH\\Views\\daftar\\daftarsuratmasuk.php')
 3 SYSTEMPATH\View\View.php(216): CodeIgniter\View\View->CodeIgniter\View\{closure}()
 4 SYSTEMPATH\Common.php(1135): CodeIgniter\View\View->render('daftar/daftarsuratmasuk', [], true)
 5 APPPATH\Controllers\SuratMasuk.php(29): view('daftar/daftarsuratmasuk', [...])
 6 SYSTEMPATH\CodeIgniter.php(898): App\Controllers\SuratMasuk->index()
 7 SYSTEMPATH\CodeIgniter.php(468): CodeIgniter\CodeIgniter->runController(Object(App\Controllers\SuratMasuk))
 8 SYSTEMPATH\CodeIgniter.php(351): CodeIgniter\CodeIgniter->handleRequest(null, Object(Config\Cache), false)
 9 FCPATH\index.php(55): CodeIgniter\CodeIgniter->run()
CRITICAL - 2023-02-16 13:46:21 --> Undefined variable: tampildatasurat
in APPPATH\Views\daftar\daftarsuratmasuk.php on line 71.
 1 APPPATH\Views\daftar\daftarsuratmasuk.php(71): CodeIgniter\Debug\Exceptions->errorHandler(8, 'Undefined variable: tampildatasurat', 'APPPATH\\Views\\daftar\\daftarsuratmasuk.php', 71, [...])
 2 SYSTEMPATH\View\View.php(213): include('APPPATH\\Views\\daftar\\daftarsuratmasuk.php')
 3 SYSTEMPATH\View\View.php(216): CodeIgniter\View\View->CodeIgniter\View\{closure}()
 4 SYSTEMPATH\Common.php(1135): CodeIgniter\View\View->render('daftar/daftarsuratmasuk', [], true)
 5 APPPATH\Controllers\SuratMasuk.php(29): view('daftar/daftarsuratmasuk', [...])
 6 SYSTEMPATH\CodeIgniter.php(898): App\Controllers\SuratMasuk->index()
 7 SYSTEMPATH\CodeIgniter.php(468): CodeIgniter\CodeIgniter->runController(Object(App\Controllers\SuratMasuk))
 8 SYSTEMPATH\CodeIgniter.php(351): CodeIgniter\CodeIgniter->handleRequest(null, Object(Config\Cache), false)
 9 FCPATH\index.php(55): CodeIgniter\CodeIgniter->run()
CRITICAL - 2023-02-16 13:46:42 --> Undefined variable: tampildatasurat
in APPPATH\Views\daftar\daftarsuratmasuk.php on line 72.
 1 APPPATH\Views\daftar\daftarsuratmasuk.php(72): CodeIgniter\Debug\Exceptions->errorHandler(8, 'Undefined variable: tampildatasurat', 'APPPATH\\Views\\daftar\\daftarsuratmasuk.php', 72, [...])
 2 SYSTEMPATH\View\View.php(213): include('APPPATH\\Views\\daftar\\daftarsuratmasuk.php')
 3 SYSTEMPATH\View\View.php(216): CodeIgniter\View\View->CodeIgniter\View\{closure}()
 4 SYSTEMPATH\Common.php(1135): CodeIgniter\View\View->render('daftar/daftarsuratmasuk', [], true)
 5 APPPATH\Controllers\SuratMasuk.php(29): view('daftar/daftarsuratmasuk', [...])
 6 SYSTEMPATH\CodeIgniter.php(898): App\Controllers\SuratMasuk->index()
 7 SYSTEMPATH\CodeIgniter.php(468): CodeIgniter\CodeIgniter->runController(Object(App\Controllers\SuratMasuk))
 8 SYSTEMPATH\CodeIgniter.php(351): CodeIgniter\CodeIgniter->handleRequest(null, Object(Config\Cache), false)
 9 FCPATH\index.php(55): CodeIgniter\CodeIgniter->run()
CRITICAL - 2023-02-16 13:46:50 --> Undefined variable: tampildatasurat
in APPPATH\Views\daftar\daftarsuratmasuk.php on line 72.
 1 APPPATH\Views\daftar\daftarsuratmasuk.php(72): CodeIgniter\Debug\Exceptions->errorHandler(8, 'Undefined variable: tampildatasurat', 'APPPATH\\Views\\daftar\\daftarsuratmasuk.php', 72, [...])
 2 SYSTEMPATH\View\View.php(213): include('APPPATH\\Views\\daftar\\daftarsuratmasuk.php')
 3 SYSTEMPATH\View\View.php(216): CodeIgniter\View\View->CodeIgniter\View\{closure}()
 4 SYSTEMPATH\Common.php(1135): CodeIgniter\View\View->render('daftar/daftarsuratmasuk', [], true)
 5 APPPATH\Controllers\SuratMasuk.php(29): view('daftar/daftarsuratmasuk', [...])
 6 SYSTEMPATH\CodeIgniter.php(898): App\Controllers\SuratMasuk->index()
 7 SYSTEMPATH\CodeIgniter.php(468): CodeIgniter\CodeIgniter->runController(Object(App\Controllers\SuratMasuk))
 8 SYSTEMPATH\CodeIgniter.php(351): CodeIgniter\CodeIgniter->handleRequest(null, Object(Config\Cache), false)
 9 FCPATH\index.php(55): CodeIgniter\CodeIgniter->run()
CRITICAL - 2023-02-16 13:46:51 --> Undefined variable: tampildatasurat
in APPPATH\Views\daftar\daftarsuratmasuk.php on line 72.
 1 APPPATH\Views\daftar\daftarsuratmasuk.php(72): CodeIgniter\Debug\Exceptions->errorHandler(8, 'Undefined variable: tampildatasurat', 'APPPATH\\Views\\daftar\\daftarsuratmasuk.php', 72, [...])
 2 SYSTEMPATH\View\View.php(213): include('APPPATH\\Views\\daftar\\daftarsuratmasuk.php')
 3 SYSTEMPATH\View\View.php(216): CodeIgniter\View\View->CodeIgniter\View\{closure}()
 4 SYSTEMPATH\Common.php(1135): CodeIgniter\View\View->render('daftar/daftarsuratmasuk', [], true)
 5 APPPATH\Controllers\SuratMasuk.php(29): view('daftar/daftarsuratmasuk', [...])
 6 SYSTEMPATH\CodeIgniter.php(898): App\Controllers\SuratMasuk->index()
 7 SYSTEMPATH\CodeIgniter.php(468): CodeIgniter\CodeIgniter->runController(Object(App\Controllers\SuratMasuk))
 8 SYSTEMPATH\CodeIgniter.php(351): CodeIgniter\CodeIgniter->handleRequest(null, Object(Config\Cache), false)
 9 FCPATH\index.php(55): CodeIgniter\CodeIgniter->run()
CRITICAL - 2023-02-16 13:46:55 --> Undefined variable: tampildatasurat
in APPPATH\Views\daftar\daftarsuratmasuk.php on line 72.
 1 APPPATH\Views\daftar\daftarsuratmasuk.php(72): CodeIgniter\Debug\Exceptions->errorHandler(8, 'Undefined variable: tampildatasurat', 'APPPATH\\Views\\daftar\\daftarsuratmasuk.php', 72, [...])
 2 SYSTEMPATH\View\View.php(213): include('APPPATH\\Views\\daftar\\daftarsuratmasuk.php')
 3 SYSTEMPATH\View\View.php(216): CodeIgniter\View\View->CodeIgniter\View\{closure}()
 4 SYSTEMPATH\Common.php(1135): CodeIgniter\View\View->render('daftar/daftarsuratmasuk', [], true)
 5 APPPATH\Controllers\SuratMasuk.php(29): view('daftar/daftarsuratmasuk', [...])
 6 SYSTEMPATH\CodeIgniter.php(898): App\Controllers\SuratMasuk->index()
 7 SYSTEMPATH\CodeIgniter.php(468): CodeIgniter\CodeIgniter->runController(Object(App\Controllers\SuratMasuk))
 8 SYSTEMPATH\CodeIgniter.php(351): CodeIgniter\CodeIgniter->handleRequest(null, Object(Config\Cache), false)
 9 FCPATH\index.php(55): CodeIgniter\CodeIgniter->run()
CRITICAL - 2023-02-16 13:46:55 --> Undefined variable: tampildatasurat
in APPPATH\Views\daftar\daftarsuratmasuk.php on line 72.
 1 APPPATH\Views\daftar\daftarsuratmasuk.php(72): CodeIgniter\Debug\Exceptions->errorHandler(8, 'Undefined variable: tampildatasurat', 'APPPATH\\Views\\daftar\\daftarsuratmasuk.php', 72, [...])
 2 SYSTEMPATH\View\View.php(213): include('APPPATH\\Views\\daftar\\daftarsuratmasuk.php')
 3 SYSTEMPATH\View\View.php(216): CodeIgniter\View\View->CodeIgniter\View\{closure}()
 4 SYSTEMPATH\Common.php(1135): CodeIgniter\View\View->render('daftar/daftarsuratmasuk', [], true)
 5 APPPATH\Controllers\SuratMasuk.php(29): view('daftar/daftarsuratmasuk', [...])
 6 SYSTEMPATH\CodeIgniter.php(898): App\Controllers\SuratMasuk->index()
 7 SYSTEMPATH\CodeIgniter.php(468): CodeIgniter\CodeIgniter->runController(Object(App\Controllers\SuratMasuk))
 8 SYSTEMPATH\CodeIgniter.php(351): CodeIgniter\CodeIgniter->handleRequest(null, Object(Config\Cache), false)
 9 FCPATH\index.php(55): CodeIgniter\CodeIgniter->run()
CRITICAL - 2023-02-16 13:47:01 --> Undefined variable: tampildatasurat
in APPPATH\Views\daftar\daftarsuratmasuk.php on line 72.
 1 APPPATH\Views\daftar\daftarsuratmasuk.php(72): CodeIgniter\Debug\Exceptions->errorHandler(8, 'Undefined variable: tampildatasurat', 'APPPATH\\Views\\daftar\\daftarsuratmasuk.php', 72, [...])
 2 SYSTEMPATH\View\View.php(213): include('APPPATH\\Views\\daftar\\daftarsuratmasuk.php')
 3 SYSTEMPATH\View\View.php(216): CodeIgniter\View\View->CodeIgniter\View\{closure}()
 4 SYSTEMPATH\Common.php(1135): CodeIgniter\View\View->render('daftar/daftarsuratmasuk', [], true)
 5 APPPATH\Controllers\SuratMasuk.php(29): view('daftar/daftarsuratmasuk', [...])
 6 SYSTEMPATH\CodeIgniter.php(898): App\Controllers\SuratMasuk->index()
 7 SYSTEMPATH\CodeIgniter.php(468): CodeIgniter\CodeIgniter->runController(Object(App\Controllers\SuratMasuk))
 8 SYSTEMPATH\CodeIgniter.php(351): CodeIgniter\CodeIgniter->handleRequest(null, Object(Config\Cache), false)
 9 FCPATH\index.php(55): CodeIgniter\CodeIgniter->run()
CRITICAL - 2023-02-16 13:47:10 --> Undefined variable: tampildatasurat
in APPPATH\Views\daftar\daftarsuratmasuk.php on line 72.
 1 APPPATH\Views\daftar\daftarsuratmasuk.php(72): CodeIgniter\Debug\Exceptions->errorHandler(8, 'Undefined variable: tampildatasurat', 'APPPATH\\Views\\daftar\\daftarsuratmasuk.php', 72, [...])
 2 SYSTEMPATH\View\View.php(213): include('APPPATH\\Views\\daftar\\daftarsuratmasuk.php')
 3 SYSTEMPATH\View\View.php(216): CodeIgniter\View\View->CodeIgniter\View\{closure}()
 4 SYSTEMPATH\Common.php(1135): CodeIgniter\View\View->render('daftar/daftarsuratmasuk', [], true)
 5 APPPATH\Controllers\SuratMasuk.php(29): view('daftar/daftarsuratmasuk', [...])
 6 SYSTEMPATH\CodeIgniter.php(898): App\Controllers\SuratMasuk->index()
 7 SYSTEMPATH\CodeIgniter.php(468): CodeIgniter\CodeIgniter->runController(Object(App\Controllers\SuratMasuk))
 8 SYSTEMPATH\CodeIgniter.php(351): CodeIgniter\CodeIgniter->handleRequest(null, Object(Config\Cache), false)
 9 FCPATH\index.php(55): CodeIgniter\CodeIgniter->run()
CRITICAL - 2023-02-16 17:38:09 --> Undefined property: App\Controllers\Input::$tb_suratmasuk
in APPPATH\Controllers\Input.php on line 125.
 1 APPPATH\Controllers\Input.php(125): CodeIgniter\Debug\Exceptions->errorHandler(8, 'Undefined property: App\\Controllers\\Input::$tb_suratmasuk', 'APPPATH\\Controllers\\Input.php', 125, [...])
 2 SYSTEMPATH\CodeIgniter.php(898): App\Controllers\Input->simpanSurat()
 3 SYSTEMPATH\CodeIgniter.php(468): CodeIgniter\CodeIgniter->runController(Object(App\Controllers\Input))
 4 SYSTEMPATH\CodeIgniter.php(351): CodeIgniter\CodeIgniter->handleRequest(null, Object(Config\Cache), false)
 5 FCPATH\index.php(55): CodeIgniter\CodeIgniter->run()
CRITICAL - 2023-02-16 17:38:20 --> Undefined property: App\Controllers\Input::$tb_suratmasuk
in APPPATH\Controllers\Input.php on line 125.
 1 APPPATH\Controllers\Input.php(125): CodeIgniter\Debug\Exceptions->errorHandler(8, 'Undefined property: App\\Controllers\\Input::$tb_suratmasuk', 'APPPATH\\Controllers\\Input.php', 125, [...])
 2 SYSTEMPATH\CodeIgniter.php(898): App\Controllers\Input->simpanSurat()
 3 SYSTEMPATH\CodeIgniter.php(468): CodeIgniter\CodeIgniter->runController(Object(App\Controllers\Input))
 4 SYSTEMPATH\CodeIgniter.php(351): CodeIgniter\CodeIgniter->handleRequest(null, Object(Config\Cache), false)
 5 FCPATH\index.php(55): CodeIgniter\CodeIgniter->run()
