CRITICAL - 2023-02-08 11:24:27 --> Invalid file: daftar/inputsuratmasuk.php
in SYSTEMPATH\Exceptions\FrameworkException.php on line 33.
 1 SYSTEMPATH\View\View.php(201): CodeIgniter\Exceptions\FrameworkException::forInvalidFile('daftar/inputsuratmasuk.php')
 2 SYSTEMPATH\Common.php(1135): CodeIgniter\View\View->render('daftar/inputsuratmasuk', [], true)
 3 APPPATH\Controllers\SuratMasuk.php(24): view('daftar/inputsuratmasuk')
 4 SYSTEMPATH\CodeIgniter.php(898): App\Controllers\SuratMasuk->forminput()
 5 SYSTEMPATH\CodeIgniter.php(468): CodeIgniter\CodeIgniter->runController(Object(App\Controllers\SuratMasuk))
 6 SYSTEMPATH\CodeIgniter.php(351): CodeIgniter\CodeIgniter->handleRequest(null, Object(Config\Cache), false)
 7 FCPATH\index.php(55): CodeIgniter\CodeIgniter->run()
 8 SYSTEMPATH\Commands\Server\rewrite.php(43): require_once('FCPATH\\index.php')
CRITICAL - 2023-02-08 19:41:12 --> Undefined variable: totalsurat
in APPPATH\Views\main\dashboard.php on line 27.
 1 APPPATH\Views\main\dashboard.php(27): CodeIgniter\Debug\Exceptions->errorHandler(8, 'Undefined variable: totalsurat', 'APPPATH\\Views\\main\\dashboard.php', 27, [...])
 2 SYSTEMPATH\View\View.php(213): include('APPPATH\\Views\\main\\dashboard.php')
 3 SYSTEMPATH\View\View.php(216): CodeIgniter\View\View->CodeIgniter\View\{closure}()
 4 SYSTEMPATH\Common.php(1135): CodeIgniter\View\View->render('main/dashboard', [], true)
 5 APPPATH\Controllers\Main.php(11): view('main/dashboard')
 6 SYSTEMPATH\CodeIgniter.php(898): App\Controllers\Main->index()
 7 SYSTEMPATH\CodeIgniter.php(468): CodeIgniter\CodeIgniter->runController(Object(App\Controllers\Main))
 8 SYSTEMPATH\CodeIgniter.php(351): CodeIgniter\CodeIgniter->handleRequest(null, Object(Config\Cache), false)
 9 FCPATH\index.php(55): CodeIgniter\CodeIgniter->run()
10 SYSTEMPATH\Commands\Server\rewrite.php(43): require_once('FCPATH\\index.php')
CRITICAL - 2023-02-08 20:31:23 --> Undefined property: App\Controllers\Main::$ModelDaftarSurat
in APPPATH\Controllers\Main.php on line 12.
 1 APPPATH\Controllers\Main.php(12): CodeIgniter\Debug\Exceptions->errorHandler(8, 'Undefined property: App\\Controllers\\Main::$ModelDaftarSurat', 'APPPATH\\Controllers\\Main.php', 12, [])
 2 SYSTEMPATH\CodeIgniter.php(898): App\Controllers\Main->index()
 3 SYSTEMPATH\CodeIgniter.php(468): CodeIgniter\CodeIgniter->runController(Object(App\Controllers\Main))
 4 SYSTEMPATH\CodeIgniter.php(351): CodeIgniter\CodeIgniter->handleRequest(null, Object(Config\Cache), false)
 5 FCPATH\index.php(55): CodeIgniter\CodeIgniter->run()
 6 SYSTEMPATH\Commands\Server\rewrite.php(43): require_once('FCPATH\\index.php')
CRITICAL - 2023-02-08 20:31:45 --> Undefined property: App\Controllers\Main::$ModelDaftarSurat
in APPPATH\Controllers\Main.php on line 12.
 1 APPPATH\Controllers\Main.php(12): CodeIgniter\Debug\Exceptions->errorHandler(8, 'Undefined property: App\\Controllers\\Main::$ModelDaftarSurat', 'APPPATH\\Controllers\\Main.php', 12, [])
 2 SYSTEMPATH\CodeIgniter.php(898): App\Controllers\Main->index()
 3 SYSTEMPATH\CodeIgniter.php(468): CodeIgniter\CodeIgniter->runController(Object(App\Controllers\Main))
 4 SYSTEMPATH\CodeIgniter.php(351): CodeIgniter\CodeIgniter->handleRequest(null, Object(Config\Cache), false)
 5 FCPATH\index.php(55): CodeIgniter\CodeIgniter->run()
 6 SYSTEMPATH\Commands\Server\rewrite.php(43): require_once('FCPATH\\index.php')
CRITICAL - 2023-02-08 20:31:46 --> Undefined property: App\Controllers\Main::$ModelDaftarSurat
in APPPATH\Controllers\Main.php on line 12.
 1 APPPATH\Controllers\Main.php(12): CodeIgniter\Debug\Exceptions->errorHandler(8, 'Undefined property: App\\Controllers\\Main::$ModelDaftarSurat', 'APPPATH\\Controllers\\Main.php', 12, [])
 2 SYSTEMPATH\CodeIgniter.php(898): App\Controllers\Main->index()
 3 SYSTEMPATH\CodeIgniter.php(468): CodeIgniter\CodeIgniter->runController(Object(App\Controllers\Main))
 4 SYSTEMPATH\CodeIgniter.php(351): CodeIgniter\CodeIgniter->handleRequest(null, Object(Config\Cache), false)
 5 FCPATH\index.php(55): CodeIgniter\CodeIgniter->run()
 6 SYSTEMPATH\Commands\Server\rewrite.php(43): require_once('FCPATH\\index.php')
CRITICAL - 2023-02-08 20:40:54 --> Undefined variable: data
in APPPATH\Controllers\Main.php on line 14.
 1 APPPATH\Controllers\Main.php(14): CodeIgniter\Debug\Exceptions->errorHandler(8, 'Undefined variable: data', 'APPPATH\\Controllers\\Main.php', 14, [])
 2 SYSTEMPATH\CodeIgniter.php(898): App\Controllers\Main->index()
 3 SYSTEMPATH\CodeIgniter.php(468): CodeIgniter\CodeIgniter->runController(Object(App\Controllers\Main))
 4 SYSTEMPATH\CodeIgniter.php(351): CodeIgniter\CodeIgniter->handleRequest(null, Object(Config\Cache), false)
 5 FCPATH\index.php(55): CodeIgniter\CodeIgniter->run()
 6 SYSTEMPATH\Commands\Server\rewrite.php(43): require_once('FCPATH\\index.php')
