CRITICAL - 2023-03-01 08:46:21 --> syntax error, unexpected '<', expecting end of file
in APPPATH\Views\master\expedisi.php(2) : eval()'d code(5) : eval()'d code(2) : eval()'d code(5) : eval()'d code(2) : eval()'d code(5) : eval()'d code on line 2.
 1 APPPATH\Views\master\expedisi.php(2) : eval()'d code(5) : eval()'d code(2) : eval()'d code(5) : eval()'d code(2): eval()
 2 APPPATH\Views\master\expedisi.php(2) : eval()'d code(5) : eval()'d code(2) : eval()'d code(5): eval()
 3 APPPATH\Views\master\expedisi.php(2) : eval()'d code(5) : eval()'d code(2): eval()
 4 APPPATH\Views\master\expedisi.php(2) : eval()'d code(5): eval()
 5 APPPATH\Views\master\expedisi.php(2): eval()
 6 SYSTEMPATH\View\View.php(213): include('APPPATH\\Views\\master\\expedisi.php')
 7 SYSTEMPATH\View\View.php(216): CodeIgniter\View\View->CodeIgniter\View\{closure}()
 8 SYSTEMPATH\Common.php(1135): CodeIgniter\View\View->render('master/expedisi', [], true)
 9 APPPATH\Controllers\Expedisi.php(15): view('master/expedisi', [...])
10 SYSTEMPATH\CodeIgniter.php(898): App\Controllers\Expedisi->index()
11 SYSTEMPATH\CodeIgniter.php(468): CodeIgniter\CodeIgniter->runController(Object(App\Controllers\Expedisi))
12 SYSTEMPATH\CodeIgniter.php(351): CodeIgniter\CodeIgniter->handleRequest(null, Object(Config\Cache), false)
13 FCPATH\index.php(55): CodeIgniter\CodeIgniter->run()
CRITICAL - 2023-03-01 08:47:21 --> syntax error, unexpected '<', expecting end of file
in APPPATH\Views\master\expedisi.php(2) : eval()'d code(5) : eval()'d code(2) : eval()'d code(5) : eval()'d code(2) : eval()'d code(5) : eval()'d code on line 2.
 1 APPPATH\Views\master\expedisi.php(2) : eval()'d code(5) : eval()'d code(2) : eval()'d code(5) : eval()'d code(2): eval()
 2 APPPATH\Views\master\expedisi.php(2) : eval()'d code(5) : eval()'d code(2) : eval()'d code(5): eval()
 3 APPPATH\Views\master\expedisi.php(2) : eval()'d code(5) : eval()'d code(2): eval()
 4 APPPATH\Views\master\expedisi.php(2) : eval()'d code(5): eval()
 5 APPPATH\Views\master\expedisi.php(2): eval()
 6 SYSTEMPATH\View\View.php(213): include('APPPATH\\Views\\master\\expedisi.php')
 7 SYSTEMPATH\View\View.php(216): CodeIgniter\View\View->CodeIgniter\View\{closure}()
 8 SYSTEMPATH\Common.php(1135): CodeIgniter\View\View->render('master/expedisi', [], true)
 9 APPPATH\Controllers\Expedisi.php(15): view('master/expedisi', [...])
10 SYSTEMPATH\CodeIgniter.php(898): App\Controllers\Expedisi->index()
11 SYSTEMPATH\CodeIgniter.php(468): CodeIgniter\CodeIgniter->runController(Object(App\Controllers\Expedisi))
12 SYSTEMPATH\CodeIgniter.php(351): CodeIgniter\CodeIgniter->handleRequest(null, Object(Config\Cache), false)
13 FCPATH\index.php(55): CodeIgniter\CodeIgniter->run()
CRITICAL - 2023-03-01 08:48:52 --> syntax error, unexpected '<', expecting end of file
in APPPATH\Views\master\expedisi.php(19) : eval()'d code(5) : eval()'d code on line 2.
 1 APPPATH\Views\master\expedisi.php(19): eval()
 2 SYSTEMPATH\View\View.php(213): include('APPPATH\\Views\\master\\expedisi.php')
 3 SYSTEMPATH\View\View.php(216): CodeIgniter\View\View->CodeIgniter\View\{closure}()
 4 SYSTEMPATH\Common.php(1135): CodeIgniter\View\View->render('master/expedisi', [], true)
 5 APPPATH\Controllers\Expedisi.php(15): view('master/expedisi', [...])
 6 SYSTEMPATH\CodeIgniter.php(898): App\Controllers\Expedisi->index()
 7 SYSTEMPATH\CodeIgniter.php(468): CodeIgniter\CodeIgniter->runController(Object(App\Controllers\Expedisi))
 8 SYSTEMPATH\CodeIgniter.php(351): CodeIgniter\CodeIgniter->handleRequest(null, Object(Config\Cache), false)
 9 FCPATH\index.php(55): CodeIgniter\CodeIgniter->run()
CRITICAL - 2023-03-01 08:48:58 --> syntax error, unexpected '<', expecting end of file
in APPPATH\Views\master\expedisi.php(19) : eval()'d code(5) : eval()'d code on line 2.
 1 APPPATH\Views\master\expedisi.php(19): eval()
 2 SYSTEMPATH\View\View.php(213): include('APPPATH\\Views\\master\\expedisi.php')
 3 SYSTEMPATH\View\View.php(216): CodeIgniter\View\View->CodeIgniter\View\{closure}()
 4 SYSTEMPATH\Common.php(1135): CodeIgniter\View\View->render('master/expedisi', [], true)
 5 APPPATH\Controllers\Expedisi.php(15): view('master/expedisi', [...])
 6 SYSTEMPATH\CodeIgniter.php(898): App\Controllers\Expedisi->index()
 7 SYSTEMPATH\CodeIgniter.php(468): CodeIgniter\CodeIgniter->runController(Object(App\Controllers\Expedisi))
 8 SYSTEMPATH\CodeIgniter.php(351): CodeIgniter\CodeIgniter->handleRequest(null, Object(Config\Cache), false)
 9 FCPATH\index.php(55): CodeIgniter\CodeIgniter->run()
CRITICAL - 2023-03-01 08:48:59 --> syntax error, unexpected '<', expecting end of file
in APPPATH\Views\master\expedisi.php(19) : eval()'d code(5) : eval()'d code on line 2.
 1 APPPATH\Views\master\expedisi.php(19): eval()
 2 SYSTEMPATH\View\View.php(213): include('APPPATH\\Views\\master\\expedisi.php')
 3 SYSTEMPATH\View\View.php(216): CodeIgniter\View\View->CodeIgniter\View\{closure}()
 4 SYSTEMPATH\Common.php(1135): CodeIgniter\View\View->render('master/expedisi', [], true)
 5 APPPATH\Controllers\Expedisi.php(15): view('master/expedisi', [...])
 6 SYSTEMPATH\CodeIgniter.php(898): App\Controllers\Expedisi->index()
 7 SYSTEMPATH\CodeIgniter.php(468): CodeIgniter\CodeIgniter->runController(Object(App\Controllers\Expedisi))
 8 SYSTEMPATH\CodeIgniter.php(351): CodeIgniter\CodeIgniter->handleRequest(null, Object(Config\Cache), false)
 9 FCPATH\index.php(55): CodeIgniter\CodeIgniter->run()
CRITICAL - 2023-03-01 08:49:59 --> syntax error, unexpected '<', expecting end of file
in APPPATH\Views\master\expedisi.php(55) : eval()'d code(5) : eval()'d code on line 2.
 1 APPPATH\Views\master\expedisi.php(55): eval()
 2 SYSTEMPATH\View\View.php(213): include('APPPATH\\Views\\master\\expedisi.php')
 3 SYSTEMPATH\View\View.php(216): CodeIgniter\View\View->CodeIgniter\View\{closure}()
 4 SYSTEMPATH\Common.php(1135): CodeIgniter\View\View->render('master/expedisi', [], true)
 5 APPPATH\Controllers\Expedisi.php(15): view('master/expedisi', [...])
 6 SYSTEMPATH\CodeIgniter.php(898): App\Controllers\Expedisi->index()
 7 SYSTEMPATH\CodeIgniter.php(468): CodeIgniter\CodeIgniter->runController(Object(App\Controllers\Expedisi))
 8 SYSTEMPATH\CodeIgniter.php(351): CodeIgniter\CodeIgniter->handleRequest(null, Object(Config\Cache), false)
 9 FCPATH\index.php(55): CodeIgniter\CodeIgniter->run()
CRITICAL - 2023-03-01 08:50:04 --> syntax error, unexpected '<', expecting end of file
in APPPATH\Views\master\expedisi.php(55) : eval()'d code(5) : eval()'d code on line 2.
 1 APPPATH\Views\master\expedisi.php(55): eval()
 2 SYSTEMPATH\View\View.php(213): include('APPPATH\\Views\\master\\expedisi.php')
 3 SYSTEMPATH\View\View.php(216): CodeIgniter\View\View->CodeIgniter\View\{closure}()
 4 SYSTEMPATH\Common.php(1135): CodeIgniter\View\View->render('master/expedisi', [], true)
 5 APPPATH\Controllers\Expedisi.php(15): view('master/expedisi', [...])
 6 SYSTEMPATH\CodeIgniter.php(898): App\Controllers\Expedisi->index()
 7 SYSTEMPATH\CodeIgniter.php(468): CodeIgniter\CodeIgniter->runController(Object(App\Controllers\Expedisi))
 8 SYSTEMPATH\CodeIgniter.php(351): CodeIgniter\CodeIgniter->handleRequest(null, Object(Config\Cache), false)
 9 FCPATH\index.php(55): CodeIgniter\CodeIgniter->run()
